{"numFailedTestSuites":0,"numFailedTests":0,"numPassedTestSuites":1,"numPassedTests":1,"numPendingTestSuites":0,"numPendingTests":0,"numRuntimeErrorTestSuites":0,"numTodoTests":0,"numTotalTestSuites":1,"numTotalTests":1,"openHandles":[],"snapshot":{"added":0,"didUpdate":false,"failure":false,"filesAdded":0,"filesRemoved":0,"filesRemovedList":[],"filesUnmatched":0,"filesUpdated":0,"matched":0,"total":0,"unchecked":0,"uncheckedKeysByFile":[],"unmatched":0,"updated":0},"startTime":1598269150960,"success":false,"testResults":[{"leaks":false,"numFailingTests":0,"numPassingTests":1,"numPendingTests":0,"numTodoTests":0,"openHandles":[],"perfStats":{"end":1598269156299,"runtime":4672,"slow":false,"start":1598269151627},"skipped":false,"snapshot":{"added":0,"fileDeleted":false,"matched":0,"unchecked":0,"unmatched":0,"updated":0,"uncheckedKeys":[]},"testFilePath":"D:\\smithery-tools\\smithery\\tests\\Logger.test.js","testResults":[{"ancestorTitles":[],"duration":19,"failureDetails":[],"failureMessages":[],"fullName":"First Check","location":null,"numPassingAsserts":0,"status":"passed","title":"First Check"}],"failureMessage":null}],"wasInterrupted":false,"coverageMap":{"D:\\smithery-tools\\smithery\\lib\\Generator.js":{"path":"D:\\smithery-tools\\smithery\\lib\\Generator.js","statementMap":{"0":{"start":{"line":3,"column":19},"end":{"line":3,"column":42}},"1":{"start":{"line":7,"column":8},"end":{"line":7,"column":29}},"2":{"start":{"line":8,"column":8},"end":{"line":8,"column":37}},"3":{"start":{"line":12,"column":8},"end":{"line":12,"column":58}},"4":{"start":{"line":13,"column":8},"end":{"line":13,"column":60}},"5":{"start":{"line":14,"column":8},"end":{"line":14,"column":64}},"6":{"start":{"line":15,"column":8},"end":{"line":15,"column":65}},"7":{"start":{"line":25,"column":8},"end":{"line":25,"column":58}},"8":{"start":{"line":36,"column":8},"end":{"line":36,"column":78}},"9":{"start":{"line":40,"column":0},"end":{"line":40,"column":27}}},"fnMap":{"0":{"name":"(anonymous_0)","decl":{"start":{"line":6,"column":4},"end":{"line":6,"column":5}},"loc":{"start":{"line":6,"column":18},"end":{"line":9,"column":5}},"line":6},"1":{"name":"(anonymous_1)","decl":{"start":{"line":11,"column":4},"end":{"line":11,"column":5}},"loc":{"start":{"line":11,"column":28},"end":{"line":16,"column":5}},"line":11},"2":{"name":"(anonymous_2)","decl":{"start":{"line":24,"column":4},"end":{"line":24,"column":5}},"loc":{"start":{"line":24,"column":36},"end":{"line":26,"column":5}},"line":24},"3":{"name":"(anonymous_3)","decl":{"start":{"line":35,"column":4},"end":{"line":35,"column":5}},"loc":{"start":{"line":35,"column":37},"end":{"line":37,"column":5}},"line":35}},"branchMap":{},"s":{"0":0,"1":0,"2":0,"3":0,"4":0,"5":0,"6":0,"7":0,"8":0,"9":0},"f":{"0":0,"1":0,"2":0,"3":0},"b":{}},"D:\\smithery-tools\\smithery\\lib\\Parser.js":{"path":"D:\\smithery-tools\\smithery\\lib\\Parser.js","statementMap":{"0":{"start":{"line":3,"column":16},"end":{"line":3,"column":36}},"1":{"start":{"line":7,"column":8},"end":{"line":7,"column":26}},"2":{"start":{"line":8,"column":8},"end":{"line":8,"column":36}},"3":{"start":{"line":12,"column":8},"end":{"line":12,"column":50}},"4":{"start":{"line":13,"column":8},"end":{"line":13,"column":51}},"5":{"start":{"line":23,"column":8},"end":{"line":23,"column":54}},"6":{"start":{"line":34,"column":22},"end":{"line":34,"column":55}},"7":{"start":{"line":35,"column":8},"end":{"line":37,"column":9}},"8":{"start":{"line":36,"column":12},"end":{"line":36,"column":143}},"9":{"start":{"line":38,"column":8},"end":{"line":38,"column":48}},"10":{"start":{"line":42,"column":8},"end":{"line":42,"column":61}},"11":{"start":{"line":46,"column":0},"end":{"line":46,"column":24}}},"fnMap":{"0":{"name":"(anonymous_0)","decl":{"start":{"line":6,"column":4},"end":{"line":6,"column":5}},"loc":{"start":{"line":6,"column":18},"end":{"line":9,"column":5}},"line":6},"1":{"name":"(anonymous_1)","decl":{"start":{"line":11,"column":4},"end":{"line":11,"column":5}},"loc":{"start":{"line":11,"column":27},"end":{"line":14,"column":5}},"line":11},"2":{"name":"(anonymous_2)","decl":{"start":{"line":22,"column":4},"end":{"line":22,"column":5}},"loc":{"start":{"line":22,"column":32},"end":{"line":24,"column":5}},"line":22},"3":{"name":"(anonymous_3)","decl":{"start":{"line":33,"column":4},"end":{"line":33,"column":5}},"loc":{"start":{"line":33,"column":36},"end":{"line":39,"column":5}},"line":33},"4":{"name":"(anonymous_4)","decl":{"start":{"line":41,"column":4},"end":{"line":41,"column":5}},"loc":{"start":{"line":41,"column":26},"end":{"line":43,"column":5}},"line":41}},"branchMap":{"0":{"loc":{"start":{"line":35,"column":8},"end":{"line":37,"column":9}},"type":"if","locations":[{"start":{"line":35,"column":8},"end":{"line":37,"column":9}},{"start":{"line":35,"column":8},"end":{"line":37,"column":9}}],"line":35}},"s":{"0":0,"1":0,"2":0,"3":0,"4":0,"5":0,"6":0,"7":0,"8":0,"9":0,"10":0,"11":0},"f":{"0":0,"1":0,"2":0,"3":0,"4":0},"b":{"0":[0,0]}},"D:\\smithery-tools\\smithery\\lib\\Imposer.js":{"path":"D:\\smithery-tools\\smithery\\lib\\Imposer.js","statementMap":{"0":{"start":{"line":5,"column":4},"end":{"line":5,"column":39}},"1":{"start":{"line":6,"column":15},"end":{"line":6,"column":40}},"2":{"start":{"line":14,"column":8},"end":{"line":18,"column":9}},"3":{"start":{"line":15,"column":12},"end":{"line":15,"column":39}},"4":{"start":{"line":16,"column":12},"end":{"line":16,"column":45}},"5":{"start":{"line":17,"column":12},"end":{"line":17,"column":37}},"6":{"start":{"line":22,"column":8},"end":{"line":22,"column":31}},"7":{"start":{"line":26,"column":8},"end":{"line":26,"column":28}},"8":{"start":{"line":30,"column":8},"end":{"line":30,"column":37}},"9":{"start":{"line":34,"column":8},"end":{"line":34,"column":31}},"10":{"start":{"line":38,"column":8},"end":{"line":38,"column":31}},"11":{"start":{"line":42,"column":8},"end":{"line":42,"column":27}},"12":{"start":{"line":46,"column":21},"end":{"line":46,"column":66}},"13":{"start":{"line":47,"column":8},"end":{"line":49,"column":9}},"14":{"start":{"line":48,"column":12},"end":{"line":48,"column":61}},"15":{"start":{"line":56,"column":24},"end":{"line":58,"column":10}},"16":{"start":{"line":57,"column":12},"end":{"line":57,"column":38}},"17":{"start":{"line":60,"column":8},"end":{"line":65,"column":11}},"18":{"start":{"line":61,"column":25},"end":{"line":61,"column":54}},"19":{"start":{"line":62,"column":12},"end":{"line":64,"column":13}},"20":{"start":{"line":63,"column":16},"end":{"line":63,"column":44}},"21":{"start":{"line":67,"column":23},"end":{"line":67,"column":33}},"22":{"start":{"line":69,"column":8},"end":{"line":71,"column":9}},"23":{"start":{"line":70,"column":12},"end":{"line":70,"column":41}},"24":{"start":{"line":73,"column":8},"end":{"line":73,"column":54}},"25":{"start":{"line":75,"column":25},"end":{"line":75,"column":51}},"26":{"start":{"line":78,"column":8},"end":{"line":161,"column":11}},"27":{"start":{"line":79,"column":30},"end":{"line":79,"column":48}},"28":{"start":{"line":80,"column":33},"end":{"line":80,"column":54}},"29":{"start":{"line":81,"column":35},"end":{"line":81,"column":37}},"30":{"start":{"line":84,"column":12},"end":{"line":160,"column":13}},"31":{"start":{"line":85,"column":16},"end":{"line":144,"column":19}},"32":{"start":{"line":86,"column":20},"end":{"line":86,"column":62}},"33":{"start":{"line":87,"column":38},"end":{"line":87,"column":40}},"34":{"start":{"line":88,"column":34},"end":{"line":95,"column":22}},"35":{"start":{"line":89,"column":24},"end":{"line":94,"column":25}},"36":{"start":{"line":90,"column":28},"end":{"line":90,"column":52}},"37":{"start":{"line":91,"column":28},"end":{"line":91,"column":40}},"38":{"start":{"line":93,"column":28},"end":{"line":93,"column":41}},"39":{"start":{"line":98,"column":20},"end":{"line":101,"column":21}},"40":{"start":{"line":99,"column":24},"end":{"line":99,"column":69}},"41":{"start":{"line":100,"column":24},"end":{"line":100,"column":55}},"42":{"start":{"line":104,"column":20},"end":{"line":117,"column":21}},"43":{"start":{"line":105,"column":24},"end":{"line":105,"column":45}},"44":{"start":{"line":106,"column":24},"end":{"line":106,"column":69}},"45":{"start":{"line":107,"column":49},"end":{"line":107,"column":92}},"46":{"start":{"line":109,"column":24},"end":{"line":113,"column":25}},"47":{"start":{"line":110,"column":28},"end":{"line":110,"column":91}},"48":{"start":{"line":112,"column":28},"end":{"line":112,"column":70}},"49":{"start":{"line":116,"column":24},"end":{"line":116,"column":65}},"50":{"start":{"line":119,"column":20},"end":{"line":143,"column":21}},"51":{"start":{"line":120,"column":24},"end":{"line":120,"column":134}},"52":{"start":{"line":121,"column":24},"end":{"line":121,"column":40}},"53":{"start":{"line":122,"column":24},"end":{"line":122,"column":61}},"54":{"start":{"line":123,"column":24},"end":{"line":123,"column":61}},"55":{"start":{"line":124,"column":24},"end":{"line":124,"column":65}},"56":{"start":{"line":125,"column":24},"end":{"line":125,"column":40}},"57":{"start":{"line":126,"column":24},"end":{"line":128,"column":27}},"58":{"start":{"line":127,"column":28},"end":{"line":127,"column":71}},"59":{"start":{"line":129,"column":24},"end":{"line":129,"column":43}},"60":{"start":{"line":130,"column":24},"end":{"line":130,"column":43}},"61":{"start":{"line":131,"column":24},"end":{"line":131,"column":45}},"62":{"start":{"line":133,"column":50},"end":{"line":133,"column":93}},"63":{"start":{"line":135,"column":24},"end":{"line":139,"column":25}},"64":{"start":{"line":136,"column":28},"end":{"line":136,"column":92}},"65":{"start":{"line":138,"column":28},"end":{"line":138,"column":71}},"66":{"start":{"line":142,"column":24},"end":{"line":142,"column":65}},"67":{"start":{"line":147,"column":16},"end":{"line":147,"column":75}},"68":{"start":{"line":148,"column":16},"end":{"line":148,"column":55}},"69":{"start":{"line":150,"column":16},"end":{"line":159,"column":17}},"70":{"start":{"line":151,"column":20},"end":{"line":151,"column":52}},"71":{"start":{"line":152,"column":23},"end":{"line":159,"column":17}},"72":{"start":{"line":153,"column":20},"end":{"line":153,"column":66}},"73":{"start":{"line":154,"column":20},"end":{"line":154,"column":72}},"74":{"start":{"line":156,"column":20},"end":{"line":156,"column":97}},"75":{"start":{"line":158,"column":20},"end":{"line":158,"column":66}},"76":{"start":{"line":163,"column":8},"end":{"line":163,"column":24}},"77":{"start":{"line":167,"column":21},"end":{"line":167,"column":43}},"78":{"start":{"line":168,"column":8},"end":{"line":170,"column":9}},"79":{"start":{"line":169,"column":12},"end":{"line":169,"column":37}},"80":{"start":{"line":174,"column":8},"end":{"line":174,"column":54}},"81":{"start":{"line":178,"column":0},"end":{"line":178,"column":25}}},"fnMap":{"0":{"name":"(anonymous_0)","decl":{"start":{"line":13,"column":4},"end":{"line":13,"column":5}},"loc":{"start":{"line":13,"column":22},"end":{"line":19,"column":5}},"line":13},"1":{"name":"(anonymous_1)","decl":{"start":{"line":21,"column":4},"end":{"line":21,"column":5}},"loc":{"start":{"line":21,"column":23},"end":{"line":23,"column":5}},"line":21},"2":{"name":"(anonymous_2)","decl":{"start":{"line":25,"column":4},"end":{"line":25,"column":5}},"loc":{"start":{"line":25,"column":16},"end":{"line":27,"column":5}},"line":25},"3":{"name":"(anonymous_3)","decl":{"start":{"line":29,"column":4},"end":{"line":29,"column":5}},"loc":{"start":{"line":29,"column":29},"end":{"line":31,"column":5}},"line":29},"4":{"name":"(anonymous_4)","decl":{"start":{"line":33,"column":4},"end":{"line":33,"column":5}},"loc":{"start":{"line":33,"column":19},"end":{"line":35,"column":5}},"line":33},"5":{"name":"(anonymous_5)","decl":{"start":{"line":37,"column":4},"end":{"line":37,"column":5}},"loc":{"start":{"line":37,"column":25},"end":{"line":39,"column":5}},"line":37},"6":{"name":"(anonymous_6)","decl":{"start":{"line":41,"column":4},"end":{"line":41,"column":5}},"loc":{"start":{"line":41,"column":17},"end":{"line":43,"column":5}},"line":41},"7":{"name":"(anonymous_7)","decl":{"start":{"line":45,"column":4},"end":{"line":45,"column":5}},"loc":{"start":{"line":45,"column":46},"end":{"line":164,"column":5}},"line":45},"8":{"name":"(anonymous_8)","decl":{"start":{"line":56,"column":50},"end":{"line":56,"column":51}},"loc":{"start":{"line":56,"column":60},"end":{"line":58,"column":9}},"line":56},"9":{"name":"(anonymous_9)","decl":{"start":{"line":60,"column":43},"end":{"line":60,"column":44}},"loc":{"start":{"line":60,"column":59},"end":{"line":65,"column":9}},"line":60},"10":{"name":"(anonymous_10)","decl":{"start":{"line":78,"column":27},"end":{"line":78,"column":28}},"loc":{"start":{"line":78,"column":42},"end":{"line":161,"column":9}},"line":78},"11":{"name":"(anonymous_11)","decl":{"start":{"line":85,"column":36},"end":{"line":85,"column":37}},"loc":{"start":{"line":85,"column":49},"end":{"line":144,"column":17}},"line":85},"12":{"name":"(anonymous_12)","decl":{"start":{"line":88,"column":56},"end":{"line":88,"column":57}},"loc":{"start":{"line":88,"column":72},"end":{"line":95,"column":21}},"line":88},"13":{"name":"(anonymous_13)","decl":{"start":{"line":126,"column":40},"end":{"line":126,"column":41}},"loc":{"start":{"line":126,"column":49},"end":{"line":128,"column":25}},"line":126},"14":{"name":"(anonymous_14)","decl":{"start":{"line":166,"column":4},"end":{"line":166,"column":5}},"loc":{"start":{"line":166,"column":33},"end":{"line":171,"column":5}},"line":166},"15":{"name":"(anonymous_15)","decl":{"start":{"line":173,"column":4},"end":{"line":173,"column":5}},"loc":{"start":{"line":173,"column":38},"end":{"line":175,"column":5}},"line":173}},"branchMap":{"0":{"loc":{"start":{"line":14,"column":8},"end":{"line":18,"column":9}},"type":"if","locations":[{"start":{"line":14,"column":8},"end":{"line":18,"column":9}},{"start":{"line":14,"column":8},"end":{"line":18,"column":9}}],"line":14},"1":{"loc":{"start":{"line":47,"column":8},"end":{"line":49,"column":9}},"type":"if","locations":[{"start":{"line":47,"column":8},"end":{"line":49,"column":9}},{"start":{"line":47,"column":8},"end":{"line":49,"column":9}}],"line":47},"2":{"loc":{"start":{"line":62,"column":12},"end":{"line":64,"column":13}},"type":"if","locations":[{"start":{"line":62,"column":12},"end":{"line":64,"column":13}},{"start":{"line":62,"column":12},"end":{"line":64,"column":13}}],"line":62},"3":{"loc":{"start":{"line":84,"column":12},"end":{"line":160,"column":13}},"type":"if","locations":[{"start":{"line":84,"column":12},"end":{"line":160,"column":13}},{"start":{"line":84,"column":12},"end":{"line":160,"column":13}}],"line":84},"4":{"loc":{"start":{"line":84,"column":16},"end":{"line":84,"column":77}},"type":"binary-expr","locations":[{"start":{"line":84,"column":16},"end":{"line":84,"column":47}},{"start":{"line":84,"column":51},"end":{"line":84,"column":77}}],"line":84},"5":{"loc":{"start":{"line":89,"column":24},"end":{"line":94,"column":25}},"type":"if","locations":[{"start":{"line":89,"column":24},"end":{"line":94,"column":25}},{"start":{"line":89,"column":24},"end":{"line":94,"column":25}}],"line":89},"6":{"loc":{"start":{"line":89,"column":28},"end":{"line":89,"column":82}},"type":"binary-expr","locations":[{"start":{"line":89,"column":28},"end":{"line":89,"column":53}},{"start":{"line":89,"column":57},"end":{"line":89,"column":82}}],"line":89},"7":{"loc":{"start":{"line":98,"column":20},"end":{"line":101,"column":21}},"type":"if","locations":[{"start":{"line":98,"column":20},"end":{"line":101,"column":21}},{"start":{"line":98,"column":20},"end":{"line":101,"column":21}}],"line":98},"8":{"loc":{"start":{"line":104,"column":20},"end":{"line":117,"column":21}},"type":"if","locations":[{"start":{"line":104,"column":20},"end":{"line":117,"column":21}},{"start":{"line":104,"column":20},"end":{"line":117,"column":21}}],"line":104},"9":{"loc":{"start":{"line":109,"column":24},"end":{"line":113,"column":25}},"type":"if","locations":[{"start":{"line":109,"column":24},"end":{"line":113,"column":25}},{"start":{"line":109,"column":24},"end":{"line":113,"column":25}}],"line":109},"10":{"loc":{"start":{"line":119,"column":20},"end":{"line":143,"column":21}},"type":"if","locations":[{"start":{"line":119,"column":20},"end":{"line":143,"column":21}},{"start":{"line":119,"column":20},"end":{"line":143,"column":21}}],"line":119},"11":{"loc":{"start":{"line":135,"column":24},"end":{"line":139,"column":25}},"type":"if","locations":[{"start":{"line":135,"column":24},"end":{"line":139,"column":25}},{"start":{"line":135,"column":24},"end":{"line":139,"column":25}}],"line":135},"12":{"loc":{"start":{"line":150,"column":16},"end":{"line":159,"column":17}},"type":"if","locations":[{"start":{"line":150,"column":16},"end":{"line":159,"column":17}},{"start":{"line":150,"column":16},"end":{"line":159,"column":17}}],"line":150},"13":{"loc":{"start":{"line":150,"column":20},"end":{"line":150,"column":102}},"type":"binary-expr","locations":[{"start":{"line":150,"column":20},"end":{"line":150,"column":64}},{"start":{"line":150,"column":68},"end":{"line":150,"column":102}}],"line":150},"14":{"loc":{"start":{"line":152,"column":23},"end":{"line":159,"column":17}},"type":"if","locations":[{"start":{"line":152,"column":23},"end":{"line":159,"column":17}},{"start":{"line":152,"column":23},"end":{"line":159,"column":17}}],"line":152},"15":{"loc":{"start":{"line":152,"column":27},"end":{"line":152,"column":105}},"type":"binary-expr","locations":[{"start":{"line":152,"column":27},"end":{"line":152,"column":71}},{"start":{"line":152,"column":75},"end":{"line":152,"column":105}}],"line":152},"16":{"loc":{"start":{"line":168,"column":8},"end":{"line":170,"column":9}},"type":"if","locations":[{"start":{"line":168,"column":8},"end":{"line":170,"column":9}},{"start":{"line":168,"column":8},"end":{"line":170,"column":9}}],"line":168}},"s":{"0":0,"1":0,"2":0,"3":0,"4":0,"5":0,"6":0,"7":0,"8":0,"9":0,"10":0,"11":0,"12":0,"13":0,"14":0,"15":0,"16":0,"17":0,"18":0,"19":0,"20":0,"21":0,"22":0,"23":0,"24":0,"25":0,"26":0,"27":0,"28":0,"29":0,"30":0,"31":0,"32":0,"33":0,"34":0,"35":0,"36":0,"37":0,"38":0,"39":0,"40":0,"41":0,"42":0,"43":0,"44":0,"45":0,"46":0,"47":0,"48":0,"49":0,"50":0,"51":0,"52":0,"53":0,"54":0,"55":0,"56":0,"57":0,"58":0,"59":0,"60":0,"61":0,"62":0,"63":0,"64":0,"65":0,"66":0,"67":0,"68":0,"69":0,"70":0,"71":0,"72":0,"73":0,"74":0,"75":0,"76":0,"77":0,"78":0,"79":0,"80":0,"81":0},"f":{"0":0,"1":0,"2":0,"3":0,"4":0,"5":0,"6":0,"7":0,"8":0,"9":0,"10":0,"11":0,"12":0,"13":0,"14":0,"15":0},"b":{"0":[0,0],"1":[0,0],"2":[0,0],"3":[0,0],"4":[0,0],"5":[0,0],"6":[0,0],"7":[0,0],"8":[0,0],"9":[0,0],"10":[0,0],"11":[0,0],"12":[0,0],"13":[0,0],"14":[0,0],"15":[0,0],"16":[0,0]}},"D:\\smithery-tools\\smithery\\lib\\RuleSet.js":{"path":"D:\\smithery-tools\\smithery\\lib\\RuleSet.js","statementMap":{"0":{"start":{"line":1,"column":16},"end":{"line":1,"column":35}},"1":{"start":{"line":5,"column":8},"end":{"line":11,"column":9}},"2":{"start":{"line":6,"column":12},"end":{"line":6,"column":56}},"3":{"start":{"line":7,"column":15},"end":{"line":11,"column":9}},"4":{"start":{"line":8,"column":12},"end":{"line":8,"column":58}},"5":{"start":{"line":10,"column":12},"end":{"line":10,"column":35}},"6":{"start":{"line":12,"column":8},"end":{"line":12,"column":51}},"7":{"start":{"line":13,"column":8},"end":{"line":13,"column":128}},"8":{"start":{"line":14,"column":8},"end":{"line":14,"column":68}},"9":{"start":{"line":15,"column":8},"end":{"line":15,"column":63}},"10":{"start":{"line":16,"column":8},"end":{"line":16,"column":73}},"11":{"start":{"line":20,"column":22},"end":{"line":24,"column":10}},"12":{"start":{"line":26,"column":8},"end":{"line":28,"column":22}},"13":{"start":{"line":27,"column":12},"end":{"line":27,"column":54}},"14":{"start":{"line":93,"column":19},"end":{"line":103,"column":33}},"15":{"start":{"line":94,"column":12},"end":{"line":96,"column":13}},"16":{"start":{"line":95,"column":16},"end":{"line":95,"column":35}},"17":{"start":{"line":97,"column":12},"end":{"line":99,"column":13}},"18":{"start":{"line":98,"column":16},"end":{"line":98,"column":29}},"19":{"start":{"line":100,"column":12},"end":{"line":102,"column":13}},"20":{"start":{"line":101,"column":16},"end":{"line":101,"column":36}},"21":{"start":{"line":103,"column":27},"end":{"line":103,"column":32}},"22":{"start":{"line":105,"column":8},"end":{"line":105,"column":67}},"23":{"start":{"line":106,"column":25},"end":{"line":106,"column":50}},"24":{"start":{"line":107,"column":20},"end":{"line":107,"column":21}},"25":{"start":{"line":108,"column":21},"end":{"line":108,"column":23}},"26":{"start":{"line":109,"column":8},"end":{"line":127,"column":11}},"27":{"start":{"line":110,"column":12},"end":{"line":112,"column":13}},"28":{"start":{"line":111,"column":16},"end":{"line":111,"column":24}},"29":{"start":{"line":113,"column":12},"end":{"line":113,"column":33}},"30":{"start":{"line":114,"column":12},"end":{"line":114,"column":26}},"31":{"start":{"line":116,"column":12},"end":{"line":118,"column":13}},"32":{"start":{"line":117,"column":16},"end":{"line":117,"column":46}},"33":{"start":{"line":119,"column":12},"end":{"line":126,"column":13}},"34":{"start":{"line":120,"column":33},"end":{"line":120,"column":67}},"35":{"start":{"line":121,"column":16},"end":{"line":123,"column":17}},"36":{"start":{"line":122,"column":20},"end":{"line":122,"column":36}},"37":{"start":{"line":124,"column":16},"end":{"line":124,"column":40}},"38":{"start":{"line":125,"column":16},"end":{"line":125,"column":64}},"39":{"start":{"line":129,"column":8},"end":{"line":133,"column":11}},"40":{"start":{"line":130,"column":12},"end":{"line":132,"column":13}},"41":{"start":{"line":131,"column":16},"end":{"line":131,"column":36}},"42":{"start":{"line":135,"column":8},"end":{"line":138,"column":10}},"43":{"start":{"line":143,"column":24},"end":{"line":143,"column":136}},"44":{"start":{"line":144,"column":8},"end":{"line":144,"column":23}},"45":{"start":{"line":148,"column":8},"end":{"line":150,"column":11}},"46":{"start":{"line":149,"column":12},"end":{"line":149,"column":56}},"47":{"start":{"line":154,"column":8},"end":{"line":186,"column":9}},"48":{"start":{"line":156,"column":12},"end":{"line":183,"column":13}},"49":{"start":{"line":158,"column":30},"end":{"line":158,"column":83}},"50":{"start":{"line":159,"column":34},"end":{"line":159,"column":39}},"51":{"start":{"line":160,"column":16},"end":{"line":178,"column":17}},"52":{"start":{"line":163,"column":33},"end":{"line":163,"column":63}},"53":{"start":{"line":165,"column":20},"end":{"line":169,"column":21}},"54":{"start":{"line":166,"column":24},"end":{"line":168,"column":25}},"55":{"start":{"line":167,"column":28},"end":{"line":167,"column":61}},"56":{"start":{"line":170,"column":20},"end":{"line":177,"column":21}},"57":{"start":{"line":171,"column":24},"end":{"line":173,"column":25}},"58":{"start":{"line":172,"column":28},"end":{"line":172,"column":41}},"59":{"start":{"line":174,"column":24},"end":{"line":176,"column":25}},"60":{"start":{"line":175,"column":28},"end":{"line":175,"column":41}},"61":{"start":{"line":180,"column":16},"end":{"line":180,"column":28}},"62":{"start":{"line":182,"column":16},"end":{"line":182,"column":28}},"63":{"start":{"line":185,"column":12},"end":{"line":185,"column":25}},"64":{"start":{"line":190,"column":25},"end":{"line":190,"column":42}},"65":{"start":{"line":193,"column":8},"end":{"line":207,"column":9}},"66":{"start":{"line":195,"column":12},"end":{"line":204,"column":13}},"67":{"start":{"line":196,"column":32},"end":{"line":196,"column":51}},"68":{"start":{"line":197,"column":16},"end":{"line":201,"column":17}},"69":{"start":{"line":198,"column":20},"end":{"line":198,"column":33}},"70":{"start":{"line":200,"column":20},"end":{"line":200,"column":46}},"71":{"start":{"line":203,"column":16},"end":{"line":203,"column":29}},"72":{"start":{"line":206,"column":12},"end":{"line":206,"column":51}},"73":{"start":{"line":211,"column":8},"end":{"line":211,"column":68}},"74":{"start":{"line":215,"column":8},"end":{"line":215,"column":49}},"75":{"start":{"line":221,"column":8},"end":{"line":221,"column":33}},"76":{"start":{"line":222,"column":8},"end":{"line":222,"column":25}},"77":{"start":{"line":223,"column":8},"end":{"line":227,"column":9}},"78":{"start":{"line":224,"column":12},"end":{"line":224,"column":37}},"79":{"start":{"line":226,"column":12},"end":{"line":226,"column":33}},"80":{"start":{"line":231,"column":28},"end":{"line":231,"column":53}},"81":{"start":{"line":232,"column":8},"end":{"line":232,"column":62}},"82":{"start":{"line":232,"column":47},"end":{"line":232,"column":60}},"83":{"start":{"line":236,"column":8},"end":{"line":236,"column":42}},"84":{"start":{"line":240,"column":8},"end":{"line":240,"column":75}},"85":{"start":{"line":240,"column":59},"end":{"line":240,"column":72}},"86":{"start":{"line":244,"column":8},"end":{"line":244,"column":27}},"87":{"start":{"line":248,"column":8},"end":{"line":248,"column":40}},"88":{"start":{"line":252,"column":8},"end":{"line":252,"column":36}},"89":{"start":{"line":256,"column":26},"end":{"line":256,"column":37}},"90":{"start":{"line":257,"column":8},"end":{"line":259,"column":9}},"91":{"start":{"line":258,"column":12},"end":{"line":258,"column":99}},"92":{"start":{"line":258,"column":54},"end":{"line":258,"column":97}},"93":{"start":{"line":261,"column":30},"end":{"line":261,"column":98}},"94":{"start":{"line":261,"column":58},"end":{"line":261,"column":97}},"95":{"start":{"line":262,"column":8},"end":{"line":264,"column":9}},"96":{"start":{"line":263,"column":12},"end":{"line":263,"column":133}},"97":{"start":{"line":265,"column":8},"end":{"line":265,"column":34}},"98":{"start":{"line":269,"column":0},"end":{"line":269,"column":25}}},"fnMap":{"0":{"name":"(anonymous_0)","decl":{"start":{"line":4,"column":4},"end":{"line":4,"column":5}},"loc":{"start":{"line":4,"column":34},"end":{"line":17,"column":5}},"line":4},"1":{"name":"(anonymous_1)","decl":{"start":{"line":19,"column":4},"end":{"line":19,"column":5}},"loc":{"start":{"line":19,"column":30},"end":{"line":90,"column":5}},"line":19},"2":{"name":"(anonymous_2)","decl":{"start":{"line":26,"column":27},"end":{"line":26,"column":28}},"loc":{"start":{"line":26,"column":46},"end":{"line":28,"column":9}},"line":26},"3":{"name":"(anonymous_3)","decl":{"start":{"line":92,"column":4},"end":{"line":92,"column":5}},"loc":{"start":{"line":92,"column":36},"end":{"line":139,"column":5}},"line":92},"4":{"name":"(anonymous_4)","decl":{"start":{"line":93,"column":33},"end":{"line":93,"column":34}},"loc":{"start":{"line":93,"column":45},"end":{"line":103,"column":9}},"line":93},"5":{"name":"(anonymous_5)","decl":{"start":{"line":103,"column":18},"end":{"line":103,"column":19}},"loc":{"start":{"line":103,"column":27},"end":{"line":103,"column":32}},"line":103},"6":{"name":"(anonymous_6)","decl":{"start":{"line":109,"column":22},"end":{"line":109,"column":23}},"loc":{"start":{"line":109,"column":34},"end":{"line":115,"column":9}},"line":109},"7":{"name":"(anonymous_7)","decl":{"start":{"line":115,"column":19},"end":{"line":115,"column":20}},"loc":{"start":{"line":115,"column":31},"end":{"line":127,"column":9}},"line":115},"8":{"name":"(anonymous_8)","decl":{"start":{"line":129,"column":36},"end":{"line":129,"column":37}},"loc":{"start":{"line":129,"column":46},"end":{"line":133,"column":9}},"line":129},"9":{"name":"(anonymous_9)","decl":{"start":{"line":141,"column":4},"end":{"line":141,"column":5}},"loc":{"start":{"line":141,"column":38},"end":{"line":145,"column":5}},"line":141},"10":{"name":"(anonymous_10)","decl":{"start":{"line":147,"column":4},"end":{"line":147,"column":5}},"loc":{"start":{"line":147,"column":39},"end":{"line":151,"column":5}},"line":147},"11":{"name":"(anonymous_11)","decl":{"start":{"line":148,"column":28},"end":{"line":148,"column":29}},"loc":{"start":{"line":148,"column":40},"end":{"line":150,"column":9}},"line":148},"12":{"name":"(anonymous_12)","decl":{"start":{"line":153,"column":4},"end":{"line":153,"column":5}},"loc":{"start":{"line":153,"column":37},"end":{"line":187,"column":5}},"line":153},"13":{"name":"(anonymous_13)","decl":{"start":{"line":189,"column":4},"end":{"line":189,"column":5}},"loc":{"start":{"line":189,"column":49},"end":{"line":208,"column":5}},"line":189},"14":{"name":"(anonymous_14)","decl":{"start":{"line":210,"column":4},"end":{"line":210,"column":5}},"loc":{"start":{"line":210,"column":43},"end":{"line":212,"column":5}},"line":210},"15":{"name":"(anonymous_15)","decl":{"start":{"line":214,"column":4},"end":{"line":214,"column":5}},"loc":{"start":{"line":214,"column":28},"end":{"line":216,"column":5}},"line":214},"16":{"name":"(anonymous_16)","decl":{"start":{"line":220,"column":4},"end":{"line":220,"column":5}},"loc":{"start":{"line":220,"column":24},"end":{"line":228,"column":5}},"line":220},"17":{"name":"(anonymous_17)","decl":{"start":{"line":230,"column":4},"end":{"line":230,"column":5}},"loc":{"start":{"line":230,"column":24},"end":{"line":233,"column":5}},"line":230},"18":{"name":"(anonymous_18)","decl":{"start":{"line":232,"column":40},"end":{"line":232,"column":41}},"loc":{"start":{"line":232,"column":47},"end":{"line":232,"column":60}},"line":232},"19":{"name":"(anonymous_19)","decl":{"start":{"line":235,"column":4},"end":{"line":235,"column":5}},"loc":{"start":{"line":235,"column":19},"end":{"line":237,"column":5}},"line":235},"20":{"name":"(anonymous_20)","decl":{"start":{"line":239,"column":4},"end":{"line":239,"column":5}},"loc":{"start":{"line":239,"column":29},"end":{"line":241,"column":5}},"line":239},"21":{"name":"(anonymous_21)","decl":{"start":{"line":240,"column":52},"end":{"line":240,"column":53}},"loc":{"start":{"line":240,"column":59},"end":{"line":240,"column":72}},"line":240},"22":{"name":"(anonymous_22)","decl":{"start":{"line":243,"column":4},"end":{"line":243,"column":5}},"loc":{"start":{"line":243,"column":15},"end":{"line":245,"column":5}},"line":243},"23":{"name":"(anonymous_23)","decl":{"start":{"line":247,"column":4},"end":{"line":247,"column":5}},"loc":{"start":{"line":247,"column":11},"end":{"line":249,"column":5}},"line":247},"24":{"name":"(anonymous_24)","decl":{"start":{"line":251,"column":4},"end":{"line":251,"column":5}},"loc":{"start":{"line":251,"column":27},"end":{"line":253,"column":5}},"line":251},"25":{"name":"(anonymous_25)","decl":{"start":{"line":255,"column":4},"end":{"line":255,"column":5}},"loc":{"start":{"line":255,"column":40},"end":{"line":266,"column":5}},"line":255},"26":{"name":"(anonymous_26)","decl":{"start":{"line":258,"column":45},"end":{"line":258,"column":46}},"loc":{"start":{"line":258,"column":54},"end":{"line":258,"column":97}},"line":258},"27":{"name":"(anonymous_27)","decl":{"start":{"line":261,"column":49},"end":{"line":261,"column":50}},"loc":{"start":{"line":261,"column":58},"end":{"line":261,"column":97}},"line":261}},"branchMap":{"0":{"loc":{"start":{"line":5,"column":8},"end":{"line":11,"column":9}},"type":"if","locations":[{"start":{"line":5,"column":8},"end":{"line":11,"column":9}},{"start":{"line":5,"column":8},"end":{"line":11,"column":9}}],"line":5},"1":{"loc":{"start":{"line":7,"column":15},"end":{"line":11,"column":9}},"type":"if","locations":[{"start":{"line":7,"column":15},"end":{"line":11,"column":9}},{"start":{"line":7,"column":15},"end":{"line":11,"column":9}}],"line":7},"2":{"loc":{"start":{"line":13,"column":32},"end":{"line":13,"column":127}},"type":"cond-expr","locations":[{"start":{"line":13,"column":67},"end":{"line":13,"column":99}},{"start":{"line":13,"column":102},"end":{"line":13,"column":127}}],"line":13},"3":{"loc":{"start":{"line":94,"column":12},"end":{"line":96,"column":13}},"type":"if","locations":[{"start":{"line":94,"column":12},"end":{"line":96,"column":13}},{"start":{"line":94,"column":12},"end":{"line":96,"column":13}}],"line":94},"4":{"loc":{"start":{"line":97,"column":12},"end":{"line":99,"column":13}},"type":"if","locations":[{"start":{"line":97,"column":12},"end":{"line":99,"column":13}},{"start":{"line":97,"column":12},"end":{"line":99,"column":13}}],"line":97},"5":{"loc":{"start":{"line":100,"column":12},"end":{"line":102,"column":13}},"type":"if","locations":[{"start":{"line":100,"column":12},"end":{"line":102,"column":13}},{"start":{"line":100,"column":12},"end":{"line":102,"column":13}}],"line":100},"6":{"loc":{"start":{"line":110,"column":12},"end":{"line":112,"column":13}},"type":"if","locations":[{"start":{"line":110,"column":12},"end":{"line":112,"column":13}},{"start":{"line":110,"column":12},"end":{"line":112,"column":13}}],"line":110},"7":{"loc":{"start":{"line":116,"column":12},"end":{"line":118,"column":13}},"type":"if","locations":[{"start":{"line":116,"column":12},"end":{"line":118,"column":13}},{"start":{"line":116,"column":12},"end":{"line":118,"column":13}}],"line":116},"8":{"loc":{"start":{"line":119,"column":12},"end":{"line":126,"column":13}},"type":"if","locations":[{"start":{"line":119,"column":12},"end":{"line":126,"column":13}},{"start":{"line":119,"column":12},"end":{"line":126,"column":13}}],"line":119},"9":{"loc":{"start":{"line":121,"column":16},"end":{"line":123,"column":17}},"type":"if","locations":[{"start":{"line":121,"column":16},"end":{"line":123,"column":17}},{"start":{"line":121,"column":16},"end":{"line":123,"column":17}}],"line":121},"10":{"loc":{"start":{"line":130,"column":12},"end":{"line":132,"column":13}},"type":"if","locations":[{"start":{"line":130,"column":12},"end":{"line":132,"column":13}},{"start":{"line":130,"column":12},"end":{"line":132,"column":13}}],"line":130},"11":{"loc":{"start":{"line":143,"column":24},"end":{"line":143,"column":136}},"type":"binary-expr","locations":[{"start":{"line":143,"column":24},"end":{"line":143,"column":75}},{"start":{"line":143,"column":79},"end":{"line":143,"column":136}}],"line":143},"12":{"loc":{"start":{"line":154,"column":8},"end":{"line":186,"column":9}},"type":"if","locations":[{"start":{"line":154,"column":8},"end":{"line":186,"column":9}},{"start":{"line":154,"column":8},"end":{"line":186,"column":9}}],"line":154},"13":{"loc":{"start":{"line":154,"column":12},"end":{"line":154,"column":71}},"type":"binary-expr","locations":[{"start":{"line":154,"column":12},"end":{"line":154,"column":22}},{"start":{"line":154,"column":26},"end":{"line":154,"column":71}}],"line":154},"14":{"loc":{"start":{"line":156,"column":12},"end":{"line":183,"column":13}},"type":"if","locations":[{"start":{"line":156,"column":12},"end":{"line":183,"column":13}},{"start":{"line":156,"column":12},"end":{"line":183,"column":13}}],"line":156},"15":{"loc":{"start":{"line":165,"column":27},"end":{"line":165,"column":81}},"type":"binary-expr","locations":[{"start":{"line":165,"column":27},"end":{"line":165,"column":59}},{"start":{"line":165,"column":63},"end":{"line":165,"column":81}}],"line":165},"16":{"loc":{"start":{"line":166,"column":24},"end":{"line":168,"column":25}},"type":"if","locations":[{"start":{"line":166,"column":24},"end":{"line":168,"column":25}},{"start":{"line":166,"column":24},"end":{"line":168,"column":25}}],"line":166},"17":{"loc":{"start":{"line":171,"column":24},"end":{"line":173,"column":25}},"type":"if","locations":[{"start":{"line":171,"column":24},"end":{"line":173,"column":25}},{"start":{"line":171,"column":24},"end":{"line":173,"column":25}}],"line":171},"18":{"loc":{"start":{"line":171,"column":28},"end":{"line":171,"column":123}},"type":"binary-expr","locations":[{"start":{"line":171,"column":28},"end":{"line":171,"column":63}},{"start":{"line":171,"column":67},"end":{"line":171,"column":123}}],"line":171},"19":{"loc":{"start":{"line":174,"column":24},"end":{"line":176,"column":25}},"type":"if","locations":[{"start":{"line":174,"column":24},"end":{"line":176,"column":25}},{"start":{"line":174,"column":24},"end":{"line":176,"column":25}}],"line":174},"20":{"loc":{"start":{"line":174,"column":28},"end":{"line":174,"column":207}},"type":"binary-expr","locations":[{"start":{"line":174,"column":28},"end":{"line":174,"column":63}},{"start":{"line":174,"column":67},"end":{"line":174,"column":207}}],"line":174},"21":{"loc":{"start":{"line":174,"column":69},"end":{"line":174,"column":206}},"type":"binary-expr","locations":[{"start":{"line":174,"column":69},"end":{"line":174,"column":125}},{"start":{"line":174,"column":129},"end":{"line":174,"column":206}}],"line":174},"22":{"loc":{"start":{"line":193,"column":8},"end":{"line":207,"column":9}},"type":"if","locations":[{"start":{"line":193,"column":8},"end":{"line":207,"column":9}},{"start":{"line":193,"column":8},"end":{"line":207,"column":9}}],"line":193},"23":{"loc":{"start":{"line":195,"column":12},"end":{"line":204,"column":13}},"type":"if","locations":[{"start":{"line":195,"column":12},"end":{"line":204,"column":13}},{"start":{"line":195,"column":12},"end":{"line":204,"column":13}}],"line":195},"24":{"loc":{"start":{"line":195,"column":16},"end":{"line":195,"column":82}},"type":"binary-expr","locations":[{"start":{"line":195,"column":16},"end":{"line":195,"column":49}},{"start":{"line":195,"column":53},"end":{"line":195,"column":82}}],"line":195},"25":{"loc":{"start":{"line":197,"column":16},"end":{"line":201,"column":17}},"type":"if","locations":[{"start":{"line":197,"column":16},"end":{"line":201,"column":17}},{"start":{"line":197,"column":16},"end":{"line":201,"column":17}}],"line":197},"26":{"loc":{"start":{"line":223,"column":8},"end":{"line":227,"column":9}},"type":"if","locations":[{"start":{"line":223,"column":8},"end":{"line":227,"column":9}},{"start":{"line":223,"column":8},"end":{"line":227,"column":9}}],"line":223},"27":{"loc":{"start":{"line":223,"column":12},"end":{"line":223,"column":42}},"type":"binary-expr","locations":[{"start":{"line":223,"column":12},"end":{"line":223,"column":19}},{"start":{"line":223,"column":23},"end":{"line":223,"column":42}}],"line":223},"28":{"loc":{"start":{"line":231,"column":28},"end":{"line":231,"column":53}},"type":"binary-expr","locations":[{"start":{"line":231,"column":28},"end":{"line":231,"column":47}},{"start":{"line":231,"column":51},"end":{"line":231,"column":53}}],"line":231},"29":{"loc":{"start":{"line":257,"column":8},"end":{"line":259,"column":9}},"type":"if","locations":[{"start":{"line":257,"column":8},"end":{"line":259,"column":9}},{"start":{"line":257,"column":8},"end":{"line":259,"column":9}}],"line":257},"30":{"loc":{"start":{"line":262,"column":8},"end":{"line":264,"column":9}},"type":"if","locations":[{"start":{"line":262,"column":8},"end":{"line":264,"column":9}},{"start":{"line":262,"column":8},"end":{"line":264,"column":9}}],"line":262}},"s":{"0":0,"1":0,"2":0,"3":0,"4":0,"5":0,"6":0,"7":0,"8":0,"9":0,"10":0,"11":0,"12":0,"13":0,"14":0,"15":0,"16":0,"17":0,"18":0,"19":0,"20":0,"21":0,"22":0,"23":0,"24":0,"25":0,"26":0,"27":0,"28":0,"29":0,"30":0,"31":0,"32":0,"33":0,"34":0,"35":0,"36":0,"37":0,"38":0,"39":0,"40":0,"41":0,"42":0,"43":0,"44":0,"45":0,"46":0,"47":0,"48":0,"49":0,"50":0,"51":0,"52":0,"53":0,"54":0,"55":0,"56":0,"57":0,"58":0,"59":0,"60":0,"61":0,"62":0,"63":0,"64":0,"65":0,"66":0,"67":0,"68":0,"69":0,"70":0,"71":0,"72":0,"73":0,"74":0,"75":0,"76":0,"77":0,"78":0,"79":0,"80":0,"81":0,"82":0,"83":0,"84":0,"85":0,"86":0,"87":0,"88":0,"89":0,"90":0,"91":0,"92":0,"93":0,"94":0,"95":0,"96":0,"97":0,"98":0},"f":{"0":0,"1":0,"2":0,"3":0,"4":0,"5":0,"6":0,"7":0,"8":0,"9":0,"10":0,"11":0,"12":0,"13":0,"14":0,"15":0,"16":0,"17":0,"18":0,"19":0,"20":0,"21":0,"22":0,"23":0,"24":0,"25":0,"26":0,"27":0},"b":{"0":[0,0],"1":[0,0],"2":[0,0],"3":[0,0],"4":[0,0],"5":[0,0],"6":[0,0],"7":[0,0],"8":[0,0],"9":[0,0],"10":[0,0],"11":[0,0],"12":[0,0],"13":[0,0],"14":[0,0],"15":[0,0],"16":[0,0],"17":[0,0],"18":[0,0],"19":[0,0],"20":[0,0],"21":[0,0],"22":[0,0],"23":[0,0],"24":[0,0],"25":[0,0],"26":[0,0],"27":[0,0],"28":[0,0],"29":[0,0],"30":[0,0]}},"D:\\smithery-tools\\smithery\\lib\\generators\\index.js":{"path":"D:\\smithery-tools\\smithery\\lib\\generators\\index.js","statementMap":{"0":{"start":{"line":3,"column":0},"end":{"line":5,"column":2}}},"fnMap":{},"branchMap":{},"s":{"0":0},"f":{},"b":{}},"D:\\smithery-tools\\smithery\\lib\\generators\\DirGenerator.js":{"path":"D:\\smithery-tools\\smithery\\lib\\generators\\DirGenerator.js","statementMap":{"0":{"start":{"line":2,"column":11},"end":{"line":2,"column":24}},"1":{"start":{"line":3,"column":13},"end":{"line":3,"column":28}},"2":{"start":{"line":7,"column":16},"end":{"line":7,"column":33}},"3":{"start":{"line":9,"column":26},"end":{"line":9,"column":39}},"4":{"start":{"line":10,"column":4},"end":{"line":12,"column":5}},"5":{"start":{"line":11,"column":8},"end":{"line":11,"column":46}},"6":{"start":{"line":16,"column":4},"end":{"line":23,"column":5}},"7":{"start":{"line":17,"column":8},"end":{"line":22,"column":9}},"8":{"start":{"line":18,"column":12},"end":{"line":18,"column":61}},"9":{"start":{"line":19,"column":12},"end":{"line":19,"column":78}},"10":{"start":{"line":21,"column":12},"end":{"line":21,"column":80}},"11":{"start":{"line":26,"column":0},"end":{"line":28,"column":2}}},"fnMap":{"0":{"name":"generate","decl":{"start":{"line":6,"column":9},"end":{"line":6,"column":17}},"loc":{"start":{"line":6,"column":34},"end":{"line":13,"column":1}},"line":6},"1":{"name":"_processFiles","decl":{"start":{"line":15,"column":9},"end":{"line":15,"column":22}},"loc":{"start":{"line":15,"column":53},"end":{"line":24,"column":1}},"line":15}},"branchMap":{"0":{"loc":{"start":{"line":10,"column":4},"end":{"line":12,"column":5}},"type":"if","locations":[{"start":{"line":10,"column":4},"end":{"line":12,"column":5}},{"start":{"line":10,"column":4},"end":{"line":12,"column":5}}],"line":10},"1":{"loc":{"start":{"line":17,"column":8},"end":{"line":22,"column":9}},"type":"if","locations":[{"start":{"line":17,"column":8},"end":{"line":22,"column":9}},{"start":{"line":17,"column":8},"end":{"line":22,"column":9}}],"line":17}},"s":{"0":0,"1":0,"2":0,"3":0,"4":0,"5":0,"6":0,"7":0,"8":0,"9":0,"10":0,"11":0},"f":{"0":0,"1":0},"b":{"0":[0,0],"1":[0,0]}},"D:\\smithery-tools\\smithery\\lib\\parsers\\index.js":{"path":"D:\\smithery-tools\\smithery\\lib\\parsers\\index.js","statementMap":{"0":{"start":{"line":3,"column":0},"end":{"line":5,"column":2}}},"fnMap":{},"branchMap":{},"s":{"0":0},"f":{},"b":{}},"D:\\smithery-tools\\smithery\\lib\\rules\\file-impose.js":{"path":"D:\\smithery-tools\\smithery\\lib\\rules\\file-impose.js","statementMap":{"0":{"start":{"line":3,"column":4},"end":{"line":3,"column":39}},"1":{"start":{"line":5,"column":13},"end":{"line":28,"column":1}},"2":{"start":{"line":8,"column":24},"end":{"line":8,"column":87}},"3":{"start":{"line":9,"column":27},"end":{"line":9,"column":96}},"4":{"start":{"line":10,"column":8},"end":{"line":10,"column":50}},"5":{"start":{"line":11,"column":8},"end":{"line":11,"column":56}},"6":{"start":{"line":14,"column":29},"end":{"line":14,"column":118}},"7":{"start":{"line":17,"column":20},"end":{"line":17,"column":43}},"8":{"start":{"line":18,"column":8},"end":{"line":18,"column":50}},"9":{"start":{"line":19,"column":29},"end":{"line":19,"column":39}},"10":{"start":{"line":21,"column":8},"end":{"line":21,"column":71}},"11":{"start":{"line":21,"column":30},"end":{"line":21,"column":69}},"12":{"start":{"line":23,"column":8},"end":{"line":23,"column":102}},"13":{"start":{"line":24,"column":8},"end":{"line":24,"column":30}},"14":{"start":{"line":30,"column":0},"end":{"line":30,"column":22}}},"fnMap":{"0":{"name":"(anonymous_0)","decl":{"start":{"line":6,"column":13},"end":{"line":6,"column":14}},"loc":{"start":{"line":6,"column":54},"end":{"line":25,"column":5}},"line":6},"1":{"name":"(anonymous_1)","decl":{"start":{"line":21,"column":22},"end":{"line":21,"column":23}},"loc":{"start":{"line":21,"column":30},"end":{"line":21,"column":69}},"line":21}},"branchMap":{},"s":{"0":0,"1":0,"2":0,"3":0,"4":0,"5":0,"6":0,"7":0,"8":0,"9":0,"10":0,"11":0,"12":0,"13":0,"14":0},"f":{"0":0,"1":0},"b":{}},"D:\\smithery-tools\\smithery\\lib\\parsers\\DirectoryParser.js":{"path":"D:\\smithery-tools\\smithery\\lib\\parsers\\DirectoryParser.js","statementMap":{"0":{"start":{"line":2,"column":11},"end":{"line":2,"column":24}},"1":{"start":{"line":3,"column":13},"end":{"line":3,"column":28}},"2":{"start":{"line":6,"column":4},"end":{"line":6,"column":39}},"3":{"start":{"line":9,"column":16},"end":{"line":9,"column":25}},"4":{"start":{"line":10,"column":16},"end":{"line":10,"column":35}},"5":{"start":{"line":11,"column":17},"end":{"line":11,"column":27}},"6":{"start":{"line":13,"column":4},"end":{"line":13,"column":39}},"7":{"start":{"line":14,"column":4},"end":{"line":14,"column":30}},"8":{"start":{"line":16,"column":4},"end":{"line":20,"column":5}},"9":{"start":{"line":17,"column":8},"end":{"line":17,"column":31}},"10":{"start":{"line":19,"column":8},"end":{"line":19,"column":29}},"11":{"start":{"line":22,"column":4},"end":{"line":29,"column":5}},"12":{"start":{"line":23,"column":8},"end":{"line":23,"column":107}},"13":{"start":{"line":24,"column":8},"end":{"line":24,"column":40}},"14":{"start":{"line":26,"column":8},"end":{"line":26,"column":25}},"15":{"start":{"line":27,"column":8},"end":{"line":27,"column":34}},"16":{"start":{"line":28,"column":8},"end":{"line":28,"column":22}},"17":{"start":{"line":31,"column":4},"end":{"line":39,"column":5}},"18":{"start":{"line":32,"column":8},"end":{"line":35,"column":11}},"19":{"start":{"line":33,"column":12},"end":{"line":33,"column":37}},"20":{"start":{"line":34,"column":12},"end":{"line":34,"column":60}},"21":{"start":{"line":37,"column":8},"end":{"line":37,"column":75}},"22":{"start":{"line":38,"column":8},"end":{"line":38,"column":57}},"23":{"start":{"line":41,"column":4},"end":{"line":41,"column":18}},"24":{"start":{"line":44,"column":0},"end":{"line":50,"column":2}}},"fnMap":{"0":{"name":"parse","decl":{"start":{"line":8,"column":9},"end":{"line":8,"column":14}},"loc":{"start":{"line":8,"column":36},"end":{"line":42,"column":1}},"line":8},"1":{"name":"(anonymous_1)","decl":{"start":{"line":32,"column":52},"end":{"line":32,"column":53}},"loc":{"start":{"line":32,"column":69},"end":{"line":35,"column":9}},"line":32}},"branchMap":{"0":{"loc":{"start":{"line":16,"column":4},"end":{"line":20,"column":5}},"type":"if","locations":[{"start":{"line":16,"column":4},"end":{"line":20,"column":5}},{"start":{"line":16,"column":4},"end":{"line":20,"column":5}}],"line":16},"1":{"loc":{"start":{"line":22,"column":4},"end":{"line":29,"column":5}},"type":"if","locations":[{"start":{"line":22,"column":4},"end":{"line":29,"column":5}},{"start":{"line":22,"column":4},"end":{"line":29,"column":5}}],"line":22},"2":{"loc":{"start":{"line":22,"column":8},"end":{"line":22,"column":35}},"type":"binary-expr","locations":[{"start":{"line":22,"column":8},"end":{"line":22,"column":16}},{"start":{"line":22,"column":20},"end":{"line":22,"column":35}}],"line":22},"3":{"loc":{"start":{"line":23,"column":22},"end":{"line":23,"column":106}},"type":"cond-expr","locations":[{"start":{"line":23,"column":52},"end":{"line":23,"column":92}},{"start":{"line":23,"column":95},"end":{"line":23,"column":106}}],"line":23},"4":{"loc":{"start":{"line":31,"column":4},"end":{"line":39,"column":5}},"type":"if","locations":[{"start":{"line":31,"column":4},"end":{"line":39,"column":5}},{"start":{"line":31,"column":4},"end":{"line":39,"column":5}}],"line":31}},"s":{"0":0,"1":0,"2":0,"3":0,"4":0,"5":0,"6":0,"7":0,"8":0,"9":0,"10":0,"11":0,"12":0,"13":0,"14":0,"15":0,"16":0,"17":0,"18":0,"19":0,"20":0,"21":0,"22":0,"23":0,"24":0},"f":{"0":0,"1":0},"b":{"0":[0,0],"1":[0,0],"2":[0,0],"3":[0,0],"4":[0,0]}},"D:\\smithery-tools\\smithery\\lib\\rules\\index.js":{"path":"D:\\smithery-tools\\smithery\\lib\\rules\\index.js","statementMap":{"0":{"start":{"line":3,"column":0},"end":{"line":5,"column":2}}},"fnMap":{},"branchMap":{},"s":{"0":0},"f":{},"b":{}},"D:\\smithery-tools\\smithery\\lib\\utils\\constants.js":{"path":"D:\\smithery-tools\\smithery\\lib\\utils\\constants.js","statementMap":{"0":{"start":{"line":1,"column":18},"end":{"line":5,"column":1}},"1":{"start":{"line":7,"column":0},"end":{"line":7,"column":27}}},"fnMap":{},"branchMap":{},"s":{"0":0,"1":0},"f":{},"b":{}},"D:\\smithery-tools\\smithery\\lib\\utils\\ast-utils.js":{"path":"D:\\smithery-tools\\smithery\\lib\\utils\\ast-utils.js","statementMap":{"0":{"start":{"line":3,"column":18},"end":{"line":3,"column":56}},"1":{"start":{"line":11,"column":4},"end":{"line":11,"column":95}},"2":{"start":{"line":18,"column":4},"end":{"line":18,"column":46}},"3":{"start":{"line":22,"column":23},"end":{"line":22,"column":38}},"4":{"start":{"line":23,"column":23},"end":{"line":23,"column":28}},"5":{"start":{"line":24,"column":4},"end":{"line":44,"column":7}},"6":{"start":{"line":26,"column":12},"end":{"line":28,"column":13}},"7":{"start":{"line":27,"column":16},"end":{"line":27,"column":37}},"8":{"start":{"line":29,"column":12},"end":{"line":42,"column":13}},"9":{"start":{"line":30,"column":34},"end":{"line":30,"column":36}},"10":{"start":{"line":31,"column":30},"end":{"line":31,"column":45}},"11":{"start":{"line":32,"column":16},"end":{"line":38,"column":19}},"12":{"start":{"line":34,"column":24},"end":{"line":36,"column":25}},"13":{"start":{"line":35,"column":28},"end":{"line":35,"column":53}},"14":{"start":{"line":39,"column":16},"end":{"line":41,"column":17}},"15":{"start":{"line":40,"column":20},"end":{"line":40,"column":40}},"16":{"start":{"line":45,"column":4},"end":{"line":45,"column":24}},"17":{"start":{"line":49,"column":23},"end":{"line":49,"column":38}},"18":{"start":{"line":50,"column":4},"end":{"line":66,"column":7}},"19":{"start":{"line":52,"column":12},"end":{"line":54,"column":13}},"20":{"start":{"line":53,"column":16},"end":{"line":53,"column":37}},"21":{"start":{"line":55,"column":12},"end":{"line":64,"column":13}},"22":{"start":{"line":56,"column":30},"end":{"line":56,"column":45}},"23":{"start":{"line":57,"column":16},"end":{"line":63,"column":19}},"24":{"start":{"line":59,"column":24},"end":{"line":61,"column":25}},"25":{"start":{"line":60,"column":28},"end":{"line":60,"column":53}},"26":{"start":{"line":69,"column":0},"end":{"line":74,"column":2}}},"fnMap":{"0":{"name":"isCallee","decl":{"start":{"line":10,"column":9},"end":{"line":10,"column":17}},"loc":{"start":{"line":10,"column":24},"end":{"line":12,"column":1}},"line":10},"1":{"name":"hasParent","decl":{"start":{"line":17,"column":9},"end":{"line":17,"column":18}},"loc":{"start":{"line":17,"column":25},"end":{"line":19,"column":1}},"line":17},"2":{"name":"containsOriginalCall","decl":{"start":{"line":21,"column":9},"end":{"line":21,"column":29}},"loc":{"start":{"line":21,"column":36},"end":{"line":46,"column":1}},"line":21},"3":{"name":"(anonymous_3)","decl":{"start":{"line":25,"column":15},"end":{"line":25,"column":16}},"loc":{"start":{"line":25,"column":39},"end":{"line":43,"column":9}},"line":25},"4":{"name":"(anonymous_4)","decl":{"start":{"line":33,"column":27},"end":{"line":33,"column":28}},"loc":{"start":{"line":33,"column":43},"end":{"line":37,"column":21}},"line":33},"5":{"name":"replaceOriginal","decl":{"start":{"line":48,"column":9},"end":{"line":48,"column":24}},"loc":{"start":{"line":48,"column":45},"end":{"line":67,"column":1}},"line":48},"6":{"name":"(anonymous_6)","decl":{"start":{"line":51,"column":15},"end":{"line":51,"column":16}},"loc":{"start":{"line":51,"column":39},"end":{"line":65,"column":9}},"line":51},"7":{"name":"(anonymous_7)","decl":{"start":{"line":58,"column":27},"end":{"line":58,"column":28}},"loc":{"start":{"line":58,"column":43},"end":{"line":62,"column":21}},"line":58}},"branchMap":{"0":{"loc":{"start":{"line":11,"column":11},"end":{"line":11,"column":94}},"type":"binary-expr","locations":[{"start":{"line":11,"column":11},"end":{"line":11,"column":22}},{"start":{"line":11,"column":26},"end":{"line":11,"column":63}},{"start":{"line":11,"column":67},"end":{"line":11,"column":94}}],"line":11},"1":{"loc":{"start":{"line":26,"column":12},"end":{"line":28,"column":13}},"type":"if","locations":[{"start":{"line":26,"column":12},"end":{"line":28,"column":13}},{"start":{"line":26,"column":12},"end":{"line":28,"column":13}}],"line":26},"2":{"loc":{"start":{"line":29,"column":12},"end":{"line":42,"column":13}},"type":"if","locations":[{"start":{"line":29,"column":12},"end":{"line":42,"column":13}},{"start":{"line":29,"column":12},"end":{"line":42,"column":13}}],"line":29},"3":{"loc":{"start":{"line":34,"column":24},"end":{"line":36,"column":25}},"type":"if","locations":[{"start":{"line":34,"column":24},"end":{"line":36,"column":25}},{"start":{"line":34,"column":24},"end":{"line":36,"column":25}}],"line":34},"4":{"loc":{"start":{"line":39,"column":16},"end":{"line":41,"column":17}},"type":"if","locations":[{"start":{"line":39,"column":16},"end":{"line":41,"column":17}},{"start":{"line":39,"column":16},"end":{"line":41,"column":17}}],"line":39},"5":{"loc":{"start":{"line":52,"column":12},"end":{"line":54,"column":13}},"type":"if","locations":[{"start":{"line":52,"column":12},"end":{"line":54,"column":13}},{"start":{"line":52,"column":12},"end":{"line":54,"column":13}}],"line":52},"6":{"loc":{"start":{"line":55,"column":12},"end":{"line":64,"column":13}},"type":"if","locations":[{"start":{"line":55,"column":12},"end":{"line":64,"column":13}},{"start":{"line":55,"column":12},"end":{"line":64,"column":13}}],"line":55},"7":{"loc":{"start":{"line":59,"column":24},"end":{"line":61,"column":25}},"type":"if","locations":[{"start":{"line":59,"column":24},"end":{"line":61,"column":25}},{"start":{"line":59,"column":24},"end":{"line":61,"column":25}}],"line":59},"8":{"loc":{"start":{"line":59,"column":28},"end":{"line":59,"column":82}},"type":"binary-expr","locations":[{"start":{"line":59,"column":28},"end":{"line":59,"column":54}},{"start":{"line":59,"column":58},"end":{"line":59,"column":82}}],"line":59}},"s":{"0":0,"1":0,"2":0,"3":0,"4":0,"5":0,"6":0,"7":0,"8":0,"9":0,"10":0,"11":0,"12":0,"13":0,"14":0,"15":0,"16":0,"17":0,"18":0,"19":0,"20":0,"21":0,"22":0,"23":0,"24":0,"25":0,"26":0},"f":{"0":0,"1":0,"2":0,"3":0,"4":0,"5":0,"6":0,"7":0},"b":{"0":[0,0,0],"1":[0,0],"2":[0,0],"3":[0,0],"4":[0,0],"5":[0,0],"6":[0,0],"7":[0,0],"8":[0,0]}},"D:\\smithery-tools\\smithery\\lib\\utils\\Logger.js":{"path":"D:\\smithery-tools\\smithery\\lib\\utils\\Logger.js","statementMap":{"0":{"start":{"line":1,"column":15},"end":{"line":1,"column":37}},"1":{"start":{"line":2,"column":0},"end":{"line":13,"column":3}},"2":{"start":{"line":16,"column":4},"end":{"line":16,"column":46}},"3":{"start":{"line":17,"column":4},"end":{"line":17,"column":20}},"4":{"start":{"line":21,"column":4},"end":{"line":21,"column":39}},"5":{"start":{"line":24,"column":0},"end":{"line":27,"column":2}}},"fnMap":{"0":{"name":"postError","decl":{"start":{"line":15,"column":9},"end":{"line":15,"column":18}},"loc":{"start":{"line":15,"column":27},"end":{"line":18,"column":1}},"line":15},"1":{"name":"postWarning","decl":{"start":{"line":20,"column":9},"end":{"line":20,"column":20}},"loc":{"start":{"line":20,"column":31},"end":{"line":22,"column":1}},"line":20}},"branchMap":{},"s":{"0":0,"1":0,"2":0,"3":0,"4":0,"5":0},"f":{"0":0,"1":0},"b":{}},"D:\\smithery-tools\\smithery\\lib\\utils\\file-utils.js":{"path":"D:\\smithery-tools\\smithery\\lib\\utils\\file-utils.js","statementMap":{"0":{"start":{"line":1,"column":11},"end":{"line":1,"column":24}},"1":{"start":{"line":2,"column":13},"end":{"line":2,"column":28}},"2":{"start":{"line":5,"column":4},"end":{"line":16,"column":5}},"3":{"start":{"line":6,"column":8},"end":{"line":13,"column":11}},"4":{"start":{"line":6,"column":53},"end":{"line":6,"column":75}},"5":{"start":{"line":7,"column":12},"end":{"line":12,"column":14}},"6":{"start":{"line":10,"column":20},"end":{"line":10,"column":43}},"7":{"start":{"line":15,"column":8},"end":{"line":15,"column":74}},"8":{"start":{"line":20,"column":19},"end":{"line":20,"column":32}},"9":{"start":{"line":21,"column":17},"end":{"line":21,"column":60}},"10":{"start":{"line":22,"column":25},"end":{"line":22,"column":27}},"11":{"start":{"line":23,"column":4},"end":{"line":25,"column":5}},"12":{"start":{"line":24,"column":8},"end":{"line":24,"column":72}},"13":{"start":{"line":26,"column":4},"end":{"line":26,"column":26}},"14":{"start":{"line":29,"column":0},"end":{"line":32,"column":2}}},"fnMap":{"0":{"name":"getConfigFiles","decl":{"start":{"line":4,"column":9},"end":{"line":4,"column":23}},"loc":{"start":{"line":4,"column":34},"end":{"line":17,"column":1}},"line":4},"1":{"name":"(anonymous_1)","decl":{"start":{"line":6,"column":47},"end":{"line":6,"column":48}},"loc":{"start":{"line":6,"column":53},"end":{"line":6,"column":75}},"line":6},"2":{"name":"(anonymous_2)","decl":{"start":{"line":6,"column":81},"end":{"line":6,"column":82}},"loc":{"start":{"line":6,"column":93},"end":{"line":13,"column":9}},"line":6},"3":{"name":"(anonymous_3)","decl":{"start":{"line":9,"column":102},"end":{"line":9,"column":103}},"loc":{"start":{"line":9,"column":116},"end":{"line":11,"column":17}},"line":9},"4":{"name":"checkForFile","decl":{"start":{"line":19,"column":9},"end":{"line":19,"column":21}},"loc":{"start":{"line":19,"column":31},"end":{"line":27,"column":1}},"line":19}},"branchMap":{"0":{"loc":{"start":{"line":5,"column":4},"end":{"line":16,"column":5}},"type":"if","locations":[{"start":{"line":5,"column":4},"end":{"line":16,"column":5}},{"start":{"line":5,"column":4},"end":{"line":16,"column":5}}],"line":5},"1":{"loc":{"start":{"line":23,"column":4},"end":{"line":25,"column":5}},"type":"if","locations":[{"start":{"line":23,"column":4},"end":{"line":25,"column":5}},{"start":{"line":23,"column":4},"end":{"line":25,"column":5}}],"line":23}},"s":{"0":0,"1":0,"2":0,"3":0,"4":0,"5":0,"6":0,"7":0,"8":0,"9":0,"10":0,"11":0,"12":0,"13":0,"14":0},"f":{"0":0,"1":0,"2":0,"3":0,"4":0},"b":{"0":[0,0],"1":[0,0]}},"D:\\smithery-tools\\smithery\\lib\\Project.js":{"path":"D:\\smithery-tools\\smithery\\lib\\Project.js","statementMap":{"0":{"start":{"line":1,"column":18},"end":{"line":1,"column":47}},"1":{"start":{"line":2,"column":17},"end":{"line":2,"column":36}},"2":{"start":{"line":3,"column":20},"end":{"line":3,"column":42}},"3":{"start":{"line":4,"column":18},"end":{"line":4,"column":38}},"4":{"start":{"line":5,"column":11},"end":{"line":5,"column":24}},"5":{"start":{"line":6,"column":13},"end":{"line":6,"column":28}},"6":{"start":{"line":8,"column":18},"end":{"line":8,"column":38}},"7":{"start":{"line":27,"column":8},"end":{"line":27,"column":41}},"8":{"start":{"line":28,"column":8},"end":{"line":28,"column":34}},"9":{"start":{"line":31,"column":8},"end":{"line":31,"column":29}},"10":{"start":{"line":32,"column":8},"end":{"line":32,"column":28}},"11":{"start":{"line":34,"column":25},"end":{"line":34,"column":34}},"12":{"start":{"line":35,"column":27},"end":{"line":55,"column":10}},"13":{"start":{"line":48,"column":12},"end":{"line":52,"column":14}},"14":{"start":{"line":54,"column":12},"end":{"line":54,"column":32}},"15":{"start":{"line":57,"column":8},"end":{"line":75,"column":11}},"16":{"start":{"line":58,"column":12},"end":{"line":60,"column":13}},"17":{"start":{"line":59,"column":16},"end":{"line":59,"column":26}},"18":{"start":{"line":62,"column":12},"end":{"line":64,"column":13}},"19":{"start":{"line":63,"column":16},"end":{"line":63,"column":25}},"20":{"start":{"line":66,"column":12},"end":{"line":68,"column":13}},"21":{"start":{"line":67,"column":16},"end":{"line":67,"column":26}},"22":{"start":{"line":70,"column":12},"end":{"line":72,"column":13}},"23":{"start":{"line":71,"column":16},"end":{"line":71,"column":25}},"24":{"start":{"line":74,"column":12},"end":{"line":74,"column":21}},"25":{"start":{"line":77,"column":8},"end":{"line":77,"column":37}},"26":{"start":{"line":78,"column":8},"end":{"line":78,"column":65}},"27":{"start":{"line":81,"column":23},"end":{"line":81,"column":25}},"28":{"start":{"line":82,"column":8},"end":{"line":99,"column":9}},"29":{"start":{"line":83,"column":12},"end":{"line":83,"column":49}},"30":{"start":{"line":84,"column":12},"end":{"line":84,"column":40}},"31":{"start":{"line":85,"column":12},"end":{"line":87,"column":13}},"32":{"start":{"line":86,"column":16},"end":{"line":86,"column":43}},"33":{"start":{"line":91,"column":12},"end":{"line":93,"column":13}},"34":{"start":{"line":92,"column":16},"end":{"line":92,"column":34}},"35":{"start":{"line":94,"column":12},"end":{"line":98,"column":13}},"36":{"start":{"line":95,"column":16},"end":{"line":95,"column":26}},"37":{"start":{"line":97,"column":16},"end":{"line":97,"column":39}},"38":{"start":{"line":101,"column":8},"end":{"line":107,"column":9}},"39":{"start":{"line":102,"column":30},"end":{"line":103,"column":62}},"40":{"start":{"line":105,"column":12},"end":{"line":105,"column":35}},"41":{"start":{"line":106,"column":12},"end":{"line":106,"column":28}},"42":{"start":{"line":112,"column":8},"end":{"line":116,"column":9}},"43":{"start":{"line":113,"column":12},"end":{"line":113,"column":98}},"44":{"start":{"line":115,"column":12},"end":{"line":115,"column":63}},"45":{"start":{"line":119,"column":8},"end":{"line":119,"column":71}},"46":{"start":{"line":122,"column":8},"end":{"line":122,"column":38}},"47":{"start":{"line":123,"column":8},"end":{"line":123,"column":44}},"48":{"start":{"line":124,"column":8},"end":{"line":124,"column":40}},"49":{"start":{"line":126,"column":8},"end":{"line":130,"column":11}},"50":{"start":{"line":133,"column":8},"end":{"line":133,"column":59}},"51":{"start":{"line":134,"column":8},"end":{"line":136,"column":9}},"52":{"start":{"line":135,"column":12},"end":{"line":135,"column":63}},"53":{"start":{"line":138,"column":8},"end":{"line":141,"column":9}},"54":{"start":{"line":139,"column":32},"end":{"line":139,"column":104}},"55":{"start":{"line":140,"column":12},"end":{"line":140,"column":58}},"56":{"start":{"line":144,"column":8},"end":{"line":144,"column":128}},"57":{"start":{"line":148,"column":8},"end":{"line":166,"column":9}},"58":{"start":{"line":149,"column":25},"end":{"line":149,"column":46}},"59":{"start":{"line":150,"column":12},"end":{"line":158,"column":15}},"60":{"start":{"line":151,"column":16},"end":{"line":155,"column":17}},"61":{"start":{"line":152,"column":20},"end":{"line":152,"column":64}},"62":{"start":{"line":154,"column":20},"end":{"line":154,"column":27}},"63":{"start":{"line":157,"column":16},"end":{"line":157,"column":29}},"64":{"start":{"line":159,"column":12},"end":{"line":159,"column":26}},"65":{"start":{"line":161,"column":12},"end":{"line":165,"column":13}},"66":{"start":{"line":162,"column":16},"end":{"line":162,"column":40}},"67":{"start":{"line":164,"column":16},"end":{"line":164,"column":26}},"68":{"start":{"line":170,"column":8},"end":{"line":170,"column":66}},"69":{"start":{"line":174,"column":8},"end":{"line":178,"column":9}},"70":{"start":{"line":175,"column":12},"end":{"line":175,"column":50}},"71":{"start":{"line":177,"column":12},"end":{"line":177,"column":47}},"72":{"start":{"line":182,"column":8},"end":{"line":182,"column":59}},"73":{"start":{"line":183,"column":22},"end":{"line":183,"column":95}},"74":{"start":{"line":184,"column":29},"end":{"line":184,"column":34}},"75":{"start":{"line":185,"column":8},"end":{"line":188,"column":9}},"76":{"start":{"line":186,"column":12},"end":{"line":186,"column":34}},"77":{"start":{"line":187,"column":12},"end":{"line":187,"column":116}},"78":{"start":{"line":190,"column":8},"end":{"line":252,"column":9}},"79":{"start":{"line":191,"column":12},"end":{"line":212,"column":13}},"80":{"start":{"line":192,"column":16},"end":{"line":211,"column":17}},"81":{"start":{"line":193,"column":20},"end":{"line":202,"column":21}},"82":{"start":{"line":194,"column":24},"end":{"line":201,"column":27}},"83":{"start":{"line":195,"column":42},"end":{"line":195,"column":72}},"84":{"start":{"line":196,"column":28},"end":{"line":200,"column":29}},"85":{"start":{"line":197,"column":32},"end":{"line":197,"column":114}},"86":{"start":{"line":199,"column":32},"end":{"line":199,"column":119}},"87":{"start":{"line":204,"column":20},"end":{"line":210,"column":21}},"88":{"start":{"line":205,"column":24},"end":{"line":207,"column":38}},"89":{"start":{"line":206,"column":28},"end":{"line":206,"column":83}},"90":{"start":{"line":209,"column":24},"end":{"line":209,"column":97}},"91":{"start":{"line":214,"column":12},"end":{"line":234,"column":13}},"92":{"start":{"line":215,"column":16},"end":{"line":233,"column":17}},"93":{"start":{"line":216,"column":20},"end":{"line":225,"column":21}},"94":{"start":{"line":217,"column":24},"end":{"line":224,"column":27}},"95":{"start":{"line":218,"column":42},"end":{"line":218,"column":72}},"96":{"start":{"line":219,"column":28},"end":{"line":223,"column":29}},"97":{"start":{"line":220,"column":32},"end":{"line":220,"column":123}},"98":{"start":{"line":222,"column":32},"end":{"line":222,"column":119}},"99":{"start":{"line":226,"column":20},"end":{"line":232,"column":21}},"100":{"start":{"line":227,"column":24},"end":{"line":229,"column":38}},"101":{"start":{"line":228,"column":28},"end":{"line":228,"column":95}},"102":{"start":{"line":231,"column":24},"end":{"line":231,"column":112}},"103":{"start":{"line":236,"column":12},"end":{"line":242,"column":13}},"104":{"start":{"line":237,"column":16},"end":{"line":241,"column":17}},"105":{"start":{"line":238,"column":20},"end":{"line":238,"column":144}},"106":{"start":{"line":240,"column":20},"end":{"line":240,"column":66}},"107":{"start":{"line":246,"column":12},"end":{"line":250,"column":13}},"108":{"start":{"line":247,"column":16},"end":{"line":247,"column":127}},"109":{"start":{"line":249,"column":16},"end":{"line":249,"column":114}},"110":{"start":{"line":251,"column":12},"end":{"line":251,"column":28}},"111":{"start":{"line":256,"column":8},"end":{"line":260,"column":9}},"112":{"start":{"line":257,"column":12},"end":{"line":257,"column":40}},"113":{"start":{"line":259,"column":12},"end":{"line":259,"column":19}},"114":{"start":{"line":264,"column":8},"end":{"line":268,"column":9}},"115":{"start":{"line":265,"column":12},"end":{"line":265,"column":46}},"116":{"start":{"line":267,"column":12},"end":{"line":267,"column":19}},"117":{"start":{"line":273,"column":8},"end":{"line":277,"column":9}},"118":{"start":{"line":274,"column":12},"end":{"line":274,"column":92}},"119":{"start":{"line":276,"column":12},"end":{"line":276,"column":57}},"120":{"start":{"line":282,"column":8},"end":{"line":289,"column":9}},"121":{"start":{"line":283,"column":12},"end":{"line":283,"column":96}},"122":{"start":{"line":284,"column":12},"end":{"line":286,"column":13}},"123":{"start":{"line":285,"column":16},"end":{"line":285,"column":68}},"124":{"start":{"line":288,"column":12},"end":{"line":288,"column":60}},"125":{"start":{"line":293,"column":8},"end":{"line":319,"column":9}},"126":{"start":{"line":294,"column":12},"end":{"line":307,"column":13}},"127":{"start":{"line":295,"column":16},"end":{"line":295,"column":50}},"128":{"start":{"line":297,"column":16},"end":{"line":299,"column":17}},"129":{"start":{"line":298,"column":20},"end":{"line":298,"column":56}},"130":{"start":{"line":301,"column":36},"end":{"line":301,"column":100}},"131":{"start":{"line":301,"column":67},"end":{"line":301,"column":99}},"132":{"start":{"line":302,"column":16},"end":{"line":304,"column":17}},"133":{"start":{"line":303,"column":20},"end":{"line":303,"column":106}},"134":{"start":{"line":306,"column":16},"end":{"line":306,"column":48}},"135":{"start":{"line":309,"column":12},"end":{"line":311,"column":13}},"136":{"start":{"line":310,"column":16},"end":{"line":310,"column":52}},"137":{"start":{"line":313,"column":29},"end":{"line":313,"column":88}},"138":{"start":{"line":313,"column":60},"end":{"line":313,"column":87}},"139":{"start":{"line":314,"column":12},"end":{"line":316,"column":13}},"140":{"start":{"line":315,"column":16},"end":{"line":315,"column":97}},"141":{"start":{"line":318,"column":12},"end":{"line":318,"column":41}},"142":{"start":{"line":328,"column":8},"end":{"line":330,"column":9}},"143":{"start":{"line":329,"column":12},"end":{"line":329,"column":40}},"144":{"start":{"line":332,"column":8},"end":{"line":340,"column":9}},"145":{"start":{"line":333,"column":27},"end":{"line":333,"column":84}},"146":{"start":{"line":333,"column":58},"end":{"line":333,"column":83}},"147":{"start":{"line":334,"column":12},"end":{"line":339,"column":13}},"148":{"start":{"line":335,"column":16},"end":{"line":335,"column":88}},"149":{"start":{"line":337,"column":16},"end":{"line":337,"column":75}},"150":{"start":{"line":338,"column":16},"end":{"line":338,"column":43}},"151":{"start":{"line":342,"column":8},"end":{"line":342,"column":74}},"152":{"start":{"line":343,"column":8},"end":{"line":343,"column":35}},"153":{"start":{"line":344,"column":24},"end":{"line":344,"column":45}},"154":{"start":{"line":345,"column":8},"end":{"line":347,"column":9}},"155":{"start":{"line":346,"column":12},"end":{"line":346,"column":57}},"156":{"start":{"line":351,"column":8},"end":{"line":351,"column":78}},"157":{"start":{"line":351,"column":53},"end":{"line":351,"column":76}},"158":{"start":{"line":353,"column":22},"end":{"line":353,"column":88}},"159":{"start":{"line":353,"column":65},"end":{"line":353,"column":87}},"160":{"start":{"line":354,"column":8},"end":{"line":356,"column":9}},"161":{"start":{"line":355,"column":12},"end":{"line":355,"column":98}},"162":{"start":{"line":358,"column":24},"end":{"line":358,"column":34}},"163":{"start":{"line":359,"column":8},"end":{"line":359,"column":32}},"164":{"start":{"line":360,"column":8},"end":{"line":360,"column":39}},"165":{"start":{"line":362,"column":8},"end":{"line":375,"column":9}},"166":{"start":{"line":364,"column":30},"end":{"line":364,"column":47}},"167":{"start":{"line":365,"column":12},"end":{"line":365,"column":60}},"168":{"start":{"line":366,"column":29},"end":{"line":366,"column":100}},"169":{"start":{"line":366,"column":72},"end":{"line":366,"column":99}},"170":{"start":{"line":367,"column":12},"end":{"line":369,"column":13}},"171":{"start":{"line":368,"column":16},"end":{"line":368,"column":104}},"172":{"start":{"line":371,"column":12},"end":{"line":371,"column":39}},"173":{"start":{"line":372,"column":12},"end":{"line":372,"column":37}},"174":{"start":{"line":373,"column":12},"end":{"line":373,"column":63}},"175":{"start":{"line":374,"column":12},"end":{"line":374,"column":104}},"176":{"start":{"line":378,"column":8},"end":{"line":378,"column":50}},"177":{"start":{"line":380,"column":8},"end":{"line":380,"column":40}},"178":{"start":{"line":381,"column":8},"end":{"line":383,"column":11}},"179":{"start":{"line":384,"column":8},"end":{"line":384,"column":48}},"180":{"start":{"line":388,"column":8},"end":{"line":398,"column":9}},"181":{"start":{"line":389,"column":12},"end":{"line":396,"column":26}},"182":{"start":{"line":390,"column":30},"end":{"line":390,"column":52}},"183":{"start":{"line":391,"column":16},"end":{"line":395,"column":17}},"184":{"start":{"line":392,"column":20},"end":{"line":392,"column":52}},"185":{"start":{"line":394,"column":20},"end":{"line":394,"column":43}},"186":{"start":{"line":397,"column":12},"end":{"line":397,"column":32}},"187":{"start":{"line":402,"column":0},"end":{"line":402,"column":25}}},"fnMap":{"0":{"name":"(anonymous_0)","decl":{"start":{"line":26,"column":4},"end":{"line":26,"column":5}},"loc":{"start":{"line":26,"column":26},"end":{"line":145,"column":5}},"line":26},"1":{"name":"(anonymous_1)","decl":{"start":{"line":47,"column":14},"end":{"line":47,"column":15}},"loc":{"start":{"line":47,"column":31},"end":{"line":53,"column":9}},"line":47},"2":{"name":"(anonymous_2)","decl":{"start":{"line":53,"column":29},"end":{"line":53,"column":30}},"loc":{"start":{"line":53,"column":46},"end":{"line":55,"column":9}},"line":53},"3":{"name":"(anonymous_3)","decl":{"start":{"line":57,"column":26},"end":{"line":57,"column":27}},"loc":{"start":{"line":57,"column":42},"end":{"line":75,"column":9}},"line":57},"4":{"name":"(anonymous_4)","decl":{"start":{"line":147,"column":4},"end":{"line":147,"column":5}},"loc":{"start":{"line":147,"column":29},"end":{"line":167,"column":5}},"line":147},"5":{"name":"(anonymous_5)","decl":{"start":{"line":150,"column":32},"end":{"line":150,"column":33}},"loc":{"start":{"line":150,"column":53},"end":{"line":156,"column":13}},"line":150},"6":{"name":"(anonymous_6)","decl":{"start":{"line":156,"column":22},"end":{"line":156,"column":23}},"loc":{"start":{"line":156,"column":33},"end":{"line":158,"column":13}},"line":156},"7":{"name":"(anonymous_7)","decl":{"start":{"line":169,"column":4},"end":{"line":169,"column":5}},"loc":{"start":{"line":169,"column":25},"end":{"line":171,"column":5}},"line":169},"8":{"name":"(anonymous_8)","decl":{"start":{"line":173,"column":4},"end":{"line":173,"column":5}},"loc":{"start":{"line":173,"column":56},"end":{"line":179,"column":5}},"line":173},"9":{"name":"(anonymous_9)","decl":{"start":{"line":181,"column":4},"end":{"line":181,"column":5}},"loc":{"start":{"line":181,"column":25},"end":{"line":253,"column":5}},"line":181},"10":{"name":"(anonymous_10)","decl":{"start":{"line":194,"column":67},"end":{"line":194,"column":68}},"loc":{"start":{"line":194,"column":75},"end":{"line":201,"column":25}},"line":194},"11":{"name":"(anonymous_11)","decl":{"start":{"line":205,"column":58},"end":{"line":205,"column":59}},"loc":{"start":{"line":205,"column":77},"end":{"line":207,"column":25}},"line":205},"12":{"name":"(anonymous_12)","decl":{"start":{"line":217,"column":70},"end":{"line":217,"column":71}},"loc":{"start":{"line":217,"column":78},"end":{"line":224,"column":25}},"line":217},"13":{"name":"(anonymous_13)","decl":{"start":{"line":227,"column":61},"end":{"line":227,"column":62}},"loc":{"start":{"line":227,"column":80},"end":{"line":229,"column":25}},"line":227},"14":{"name":"(anonymous_14)","decl":{"start":{"line":255,"column":4},"end":{"line":255,"column":5}},"loc":{"start":{"line":255,"column":30},"end":{"line":261,"column":5}},"line":255},"15":{"name":"(anonymous_15)","decl":{"start":{"line":263,"column":4},"end":{"line":263,"column":5}},"loc":{"start":{"line":263,"column":37},"end":{"line":269,"column":5}},"line":263},"16":{"name":"(anonymous_16)","decl":{"start":{"line":272,"column":4},"end":{"line":272,"column":5}},"loc":{"start":{"line":272,"column":29},"end":{"line":279,"column":5}},"line":272},"17":{"name":"(anonymous_17)","decl":{"start":{"line":281,"column":4},"end":{"line":281,"column":5}},"loc":{"start":{"line":281,"column":33},"end":{"line":290,"column":5}},"line":281},"18":{"name":"(anonymous_18)","decl":{"start":{"line":292,"column":4},"end":{"line":292,"column":5}},"loc":{"start":{"line":292,"column":27},"end":{"line":320,"column":5}},"line":292},"19":{"name":"(anonymous_19)","decl":{"start":{"line":301,"column":57},"end":{"line":301,"column":58}},"loc":{"start":{"line":301,"column":67},"end":{"line":301,"column":99}},"line":301},"20":{"name":"(anonymous_20)","decl":{"start":{"line":313,"column":50},"end":{"line":313,"column":51}},"loc":{"start":{"line":313,"column":60},"end":{"line":313,"column":87}},"line":313},"21":{"name":"(anonymous_21)","decl":{"start":{"line":322,"column":4},"end":{"line":322,"column":5}},"loc":{"start":{"line":322,"column":23},"end":{"line":385,"column":5}},"line":322},"22":{"name":"(anonymous_22)","decl":{"start":{"line":333,"column":48},"end":{"line":333,"column":49}},"loc":{"start":{"line":333,"column":58},"end":{"line":333,"column":83}},"line":333},"23":{"name":"(anonymous_23)","decl":{"start":{"line":351,"column":37},"end":{"line":351,"column":38}},"loc":{"start":{"line":351,"column":53},"end":{"line":351,"column":76}},"line":351},"24":{"name":"(anonymous_24)","decl":{"start":{"line":353,"column":55},"end":{"line":353,"column":56}},"loc":{"start":{"line":353,"column":65},"end":{"line":353,"column":87}},"line":353},"25":{"name":"(anonymous_25)","decl":{"start":{"line":366,"column":62},"end":{"line":366,"column":63}},"loc":{"start":{"line":366,"column":72},"end":{"line":366,"column":99}},"line":366},"26":{"name":"(anonymous_26)","decl":{"start":{"line":387,"column":4},"end":{"line":387,"column":5}},"loc":{"start":{"line":387,"column":29},"end":{"line":399,"column":5}},"line":387},"27":{"name":"(anonymous_27)","decl":{"start":{"line":389,"column":42},"end":{"line":389,"column":43}},"loc":{"start":{"line":389,"column":58},"end":{"line":396,"column":13}},"line":389}},"branchMap":{"0":{"loc":{"start":{"line":28,"column":19},"end":{"line":28,"column":33}},"type":"binary-expr","locations":[{"start":{"line":28,"column":19},"end":{"line":28,"column":27}},{"start":{"line":28,"column":31},"end":{"line":28,"column":33}}],"line":28},"1":{"loc":{"start":{"line":50,"column":24},"end":{"line":50,"column":99}},"type":"cond-expr","locations":[{"start":{"line":50,"column":37},"end":{"line":50,"column":91}},{"start":{"line":50,"column":94},"end":{"line":50,"column":99}}],"line":50},"2":{"loc":{"start":{"line":51,"column":26},"end":{"line":51,"column":83}},"type":"cond-expr","locations":[{"start":{"line":51,"column":39},"end":{"line":51,"column":78}},{"start":{"line":51,"column":81},"end":{"line":51,"column":83}}],"line":51},"3":{"loc":{"start":{"line":58,"column":12},"end":{"line":60,"column":13}},"type":"if","locations":[{"start":{"line":58,"column":12},"end":{"line":60,"column":13}},{"start":{"line":58,"column":12},"end":{"line":60,"column":13}}],"line":58},"4":{"loc":{"start":{"line":62,"column":12},"end":{"line":64,"column":13}},"type":"if","locations":[{"start":{"line":62,"column":12},"end":{"line":64,"column":13}},{"start":{"line":62,"column":12},"end":{"line":64,"column":13}}],"line":62},"5":{"loc":{"start":{"line":62,"column":16},"end":{"line":62,"column":66}},"type":"binary-expr","locations":[{"start":{"line":62,"column":16},"end":{"line":62,"column":39}},{"start":{"line":62,"column":43},"end":{"line":62,"column":66}}],"line":62},"6":{"loc":{"start":{"line":66,"column":12},"end":{"line":68,"column":13}},"type":"if","locations":[{"start":{"line":66,"column":12},"end":{"line":68,"column":13}},{"start":{"line":66,"column":12},"end":{"line":68,"column":13}}],"line":66},"7":{"loc":{"start":{"line":66,"column":16},"end":{"line":66,"column":71}},"type":"binary-expr","locations":[{"start":{"line":66,"column":16},"end":{"line":66,"column":43}},{"start":{"line":66,"column":47},"end":{"line":66,"column":71}}],"line":66},"8":{"loc":{"start":{"line":70,"column":12},"end":{"line":72,"column":13}},"type":"if","locations":[{"start":{"line":70,"column":12},"end":{"line":72,"column":13}},{"start":{"line":70,"column":12},"end":{"line":72,"column":13}}],"line":70},"9":{"loc":{"start":{"line":70,"column":16},"end":{"line":70,"column":71}},"type":"binary-expr","locations":[{"start":{"line":70,"column":16},"end":{"line":70,"column":40}},{"start":{"line":70,"column":44},"end":{"line":70,"column":71}}],"line":70},"10":{"loc":{"start":{"line":78,"column":21},"end":{"line":78,"column":64}},"type":"cond-expr","locations":[{"start":{"line":78,"column":34},"end":{"line":78,"column":59}},{"start":{"line":78,"column":62},"end":{"line":78,"column":64}}],"line":78},"11":{"loc":{"start":{"line":78,"column":34},"end":{"line":78,"column":59}},"type":"binary-expr","locations":[{"start":{"line":78,"column":34},"end":{"line":78,"column":53}},{"start":{"line":78,"column":57},"end":{"line":78,"column":59}}],"line":78},"12":{"loc":{"start":{"line":85,"column":12},"end":{"line":87,"column":13}},"type":"if","locations":[{"start":{"line":85,"column":12},"end":{"line":87,"column":13}},{"start":{"line":85,"column":12},"end":{"line":87,"column":13}}],"line":85},"13":{"loc":{"start":{"line":85,"column":16},"end":{"line":85,"column":72}},"type":"binary-expr","locations":[{"start":{"line":85,"column":16},"end":{"line":85,"column":51}},{"start":{"line":85,"column":55},"end":{"line":85,"column":72}}],"line":85},"14":{"loc":{"start":{"line":91,"column":12},"end":{"line":93,"column":13}},"type":"if","locations":[{"start":{"line":91,"column":12},"end":{"line":93,"column":13}},{"start":{"line":91,"column":12},"end":{"line":93,"column":13}}],"line":91},"15":{"loc":{"start":{"line":91,"column":16},"end":{"line":91,"column":81}},"type":"binary-expr","locations":[{"start":{"line":91,"column":16},"end":{"line":91,"column":32}},{"start":{"line":91,"column":36},"end":{"line":91,"column":56}},{"start":{"line":91,"column":60},"end":{"line":91,"column":81}}],"line":91},"16":{"loc":{"start":{"line":94,"column":12},"end":{"line":98,"column":13}},"type":"if","locations":[{"start":{"line":94,"column":12},"end":{"line":98,"column":13}},{"start":{"line":94,"column":12},"end":{"line":98,"column":13}}],"line":94},"17":{"loc":{"start":{"line":101,"column":8},"end":{"line":107,"column":9}},"type":"if","locations":[{"start":{"line":101,"column":8},"end":{"line":107,"column":9}},{"start":{"line":101,"column":8},"end":{"line":107,"column":9}}],"line":101},"18":{"loc":{"start":{"line":112,"column":8},"end":{"line":116,"column":9}},"type":"if","locations":[{"start":{"line":112,"column":8},"end":{"line":116,"column":9}},{"start":{"line":112,"column":8},"end":{"line":116,"column":9}}],"line":112},"19":{"loc":{"start":{"line":112,"column":12},"end":{"line":112,"column":126}},"type":"binary-expr","locations":[{"start":{"line":112,"column":12},"end":{"line":112,"column":26}},{"start":{"line":112,"column":30},"end":{"line":112,"column":64}},{"start":{"line":112,"column":68},"end":{"line":112,"column":126}}],"line":112},"20":{"loc":{"start":{"line":115,"column":28},"end":{"line":115,"column":62}},"type":"binary-expr","locations":[{"start":{"line":115,"column":28},"end":{"line":115,"column":44}},{"start":{"line":115,"column":48},"end":{"line":115,"column":62}}],"line":115},"21":{"loc":{"start":{"line":119,"column":28},"end":{"line":119,"column":70}},"type":"binary-expr","locations":[{"start":{"line":119,"column":28},"end":{"line":119,"column":48}},{"start":{"line":119,"column":52},"end":{"line":119,"column":70}}],"line":119},"22":{"loc":{"start":{"line":133,"column":24},"end":{"line":133,"column":58}},"type":"binary-expr","locations":[{"start":{"line":133,"column":24},"end":{"line":133,"column":40}},{"start":{"line":133,"column":44},"end":{"line":133,"column":58}}],"line":133},"23":{"loc":{"start":{"line":134,"column":8},"end":{"line":136,"column":9}},"type":"if","locations":[{"start":{"line":134,"column":8},"end":{"line":136,"column":9}},{"start":{"line":134,"column":8},"end":{"line":136,"column":9}}],"line":134},"24":{"loc":{"start":{"line":134,"column":12},"end":{"line":134,"column":53}},"type":"binary-expr","locations":[{"start":{"line":134,"column":12},"end":{"line":134,"column":25}},{"start":{"line":134,"column":29},"end":{"line":134,"column":53}}],"line":134},"25":{"loc":{"start":{"line":138,"column":8},"end":{"line":141,"column":9}},"type":"if","locations":[{"start":{"line":138,"column":8},"end":{"line":141,"column":9}},{"start":{"line":138,"column":8},"end":{"line":141,"column":9}}],"line":138},"26":{"loc":{"start":{"line":138,"column":12},"end":{"line":138,"column":141}},"type":"binary-expr","locations":[{"start":{"line":138,"column":12},"end":{"line":138,"column":31}},{"start":{"line":138,"column":35},"end":{"line":138,"column":74}},{"start":{"line":138,"column":78},"end":{"line":138,"column":141}}],"line":138},"27":{"loc":{"start":{"line":144,"column":74},"end":{"line":144,"column":118}},"type":"binary-expr","locations":[{"start":{"line":144,"column":74},"end":{"line":144,"column":95}},{"start":{"line":144,"column":99},"end":{"line":144,"column":118}}],"line":144},"28":{"loc":{"start":{"line":148,"column":8},"end":{"line":166,"column":9}},"type":"if","locations":[{"start":{"line":148,"column":8},"end":{"line":166,"column":9}},{"start":{"line":148,"column":8},"end":{"line":166,"column":9}}],"line":148},"29":{"loc":{"start":{"line":174,"column":8},"end":{"line":178,"column":9}},"type":"if","locations":[{"start":{"line":174,"column":8},"end":{"line":178,"column":9}},{"start":{"line":174,"column":8},"end":{"line":178,"column":9}}],"line":174},"30":{"loc":{"start":{"line":185,"column":8},"end":{"line":188,"column":9}},"type":"if","locations":[{"start":{"line":185,"column":8},"end":{"line":188,"column":9}},{"start":{"line":185,"column":8},"end":{"line":188,"column":9}}],"line":185},"31":{"loc":{"start":{"line":185,"column":12},"end":{"line":185,"column":64}},"type":"binary-expr","locations":[{"start":{"line":185,"column":12},"end":{"line":185,"column":20}},{"start":{"line":185,"column":24},"end":{"line":185,"column":64}}],"line":185},"32":{"loc":{"start":{"line":190,"column":8},"end":{"line":252,"column":9}},"type":"if","locations":[{"start":{"line":190,"column":8},"end":{"line":252,"column":9}},{"start":{"line":190,"column":8},"end":{"line":252,"column":9}}],"line":190},"33":{"loc":{"start":{"line":191,"column":12},"end":{"line":212,"column":13}},"type":"if","locations":[{"start":{"line":191,"column":12},"end":{"line":212,"column":13}},{"start":{"line":191,"column":12},"end":{"line":212,"column":13}}],"line":191},"34":{"loc":{"start":{"line":192,"column":16},"end":{"line":211,"column":17}},"type":"if","locations":[{"start":{"line":192,"column":16},"end":{"line":211,"column":17}},{"start":{"line":192,"column":16},"end":{"line":211,"column":17}}],"line":192},"35":{"loc":{"start":{"line":192,"column":20},"end":{"line":192,"column":70}},"type":"binary-expr","locations":[{"start":{"line":192,"column":20},"end":{"line":192,"column":45}},{"start":{"line":192,"column":49},"end":{"line":192,"column":70}}],"line":192},"36":{"loc":{"start":{"line":193,"column":20},"end":{"line":202,"column":21}},"type":"if","locations":[{"start":{"line":193,"column":20},"end":{"line":202,"column":21}},{"start":{"line":193,"column":20},"end":{"line":202,"column":21}}],"line":193},"37":{"loc":{"start":{"line":193,"column":24},"end":{"line":193,"column":63}},"type":"binary-expr","locations":[{"start":{"line":193,"column":24},"end":{"line":193,"column":38}},{"start":{"line":193,"column":42},"end":{"line":193,"column":63}}],"line":193},"38":{"loc":{"start":{"line":196,"column":28},"end":{"line":200,"column":29}},"type":"if","locations":[{"start":{"line":196,"column":28},"end":{"line":200,"column":29}},{"start":{"line":196,"column":28},"end":{"line":200,"column":29}}],"line":196},"39":{"loc":{"start":{"line":204,"column":20},"end":{"line":210,"column":21}},"type":"if","locations":[{"start":{"line":204,"column":20},"end":{"line":210,"column":21}},{"start":{"line":204,"column":20},"end":{"line":210,"column":21}}],"line":204},"40":{"loc":{"start":{"line":214,"column":12},"end":{"line":234,"column":13}},"type":"if","locations":[{"start":{"line":214,"column":12},"end":{"line":234,"column":13}},{"start":{"line":214,"column":12},"end":{"line":234,"column":13}}],"line":214},"41":{"loc":{"start":{"line":215,"column":16},"end":{"line":233,"column":17}},"type":"if","locations":[{"start":{"line":215,"column":16},"end":{"line":233,"column":17}},{"start":{"line":215,"column":16},"end":{"line":233,"column":17}}],"line":215},"42":{"loc":{"start":{"line":215,"column":20},"end":{"line":215,"column":79}},"type":"binary-expr","locations":[{"start":{"line":215,"column":20},"end":{"line":215,"column":48}},{"start":{"line":215,"column":52},"end":{"line":215,"column":79}}],"line":215},"43":{"loc":{"start":{"line":216,"column":20},"end":{"line":225,"column":21}},"type":"if","locations":[{"start":{"line":216,"column":20},"end":{"line":225,"column":21}},{"start":{"line":216,"column":20},"end":{"line":225,"column":21}}],"line":216},"44":{"loc":{"start":{"line":216,"column":24},"end":{"line":216,"column":66}},"type":"binary-expr","locations":[{"start":{"line":216,"column":24},"end":{"line":216,"column":38}},{"start":{"line":216,"column":42},"end":{"line":216,"column":66}}],"line":216},"45":{"loc":{"start":{"line":219,"column":28},"end":{"line":223,"column":29}},"type":"if","locations":[{"start":{"line":219,"column":28},"end":{"line":223,"column":29}},{"start":{"line":219,"column":28},"end":{"line":223,"column":29}}],"line":219},"46":{"loc":{"start":{"line":226,"column":20},"end":{"line":232,"column":21}},"type":"if","locations":[{"start":{"line":226,"column":20},"end":{"line":232,"column":21}},{"start":{"line":226,"column":20},"end":{"line":232,"column":21}}],"line":226},"47":{"loc":{"start":{"line":236,"column":12},"end":{"line":242,"column":13}},"type":"if","locations":[{"start":{"line":236,"column":12},"end":{"line":242,"column":13}},{"start":{"line":236,"column":12},"end":{"line":242,"column":13}}],"line":236},"48":{"loc":{"start":{"line":237,"column":16},"end":{"line":241,"column":17}},"type":"if","locations":[{"start":{"line":237,"column":16},"end":{"line":241,"column":17}},{"start":{"line":237,"column":16},"end":{"line":241,"column":17}}],"line":237},"49":{"loc":{"start":{"line":246,"column":12},"end":{"line":250,"column":13}},"type":"if","locations":[{"start":{"line":246,"column":12},"end":{"line":250,"column":13}},{"start":{"line":246,"column":12},"end":{"line":250,"column":13}}],"line":246},"50":{"loc":{"start":{"line":273,"column":8},"end":{"line":277,"column":9}},"type":"if","locations":[{"start":{"line":273,"column":8},"end":{"line":277,"column":9}},{"start":{"line":273,"column":8},"end":{"line":277,"column":9}}],"line":273},"51":{"loc":{"start":{"line":282,"column":8},"end":{"line":289,"column":9}},"type":"if","locations":[{"start":{"line":282,"column":8},"end":{"line":289,"column":9}},{"start":{"line":282,"column":8},"end":{"line":289,"column":9}}],"line":282},"52":{"loc":{"start":{"line":284,"column":12},"end":{"line":286,"column":13}},"type":"if","locations":[{"start":{"line":284,"column":12},"end":{"line":286,"column":13}},{"start":{"line":284,"column":12},"end":{"line":286,"column":13}}],"line":284},"53":{"loc":{"start":{"line":293,"column":8},"end":{"line":319,"column":9}},"type":"if","locations":[{"start":{"line":293,"column":8},"end":{"line":319,"column":9}},{"start":{"line":293,"column":8},"end":{"line":319,"column":9}}],"line":293},"54":{"loc":{"start":{"line":294,"column":12},"end":{"line":307,"column":13}},"type":"if","locations":[{"start":{"line":294,"column":12},"end":{"line":307,"column":13}},{"start":{"line":294,"column":12},"end":{"line":307,"column":13}}],"line":294},"55":{"loc":{"start":{"line":297,"column":16},"end":{"line":299,"column":17}},"type":"if","locations":[{"start":{"line":297,"column":16},"end":{"line":299,"column":17}},{"start":{"line":297,"column":16},"end":{"line":299,"column":17}}],"line":297},"56":{"loc":{"start":{"line":302,"column":16},"end":{"line":304,"column":17}},"type":"if","locations":[{"start":{"line":302,"column":16},"end":{"line":304,"column":17}},{"start":{"line":302,"column":16},"end":{"line":304,"column":17}}],"line":302},"57":{"loc":{"start":{"line":309,"column":12},"end":{"line":311,"column":13}},"type":"if","locations":[{"start":{"line":309,"column":12},"end":{"line":311,"column":13}},{"start":{"line":309,"column":12},"end":{"line":311,"column":13}}],"line":309},"58":{"loc":{"start":{"line":314,"column":12},"end":{"line":316,"column":13}},"type":"if","locations":[{"start":{"line":314,"column":12},"end":{"line":316,"column":13}},{"start":{"line":314,"column":12},"end":{"line":316,"column":13}}],"line":314},"59":{"loc":{"start":{"line":328,"column":8},"end":{"line":330,"column":9}},"type":"if","locations":[{"start":{"line":328,"column":8},"end":{"line":330,"column":9}},{"start":{"line":328,"column":8},"end":{"line":330,"column":9}}],"line":328},"60":{"loc":{"start":{"line":332,"column":8},"end":{"line":340,"column":9}},"type":"if","locations":[{"start":{"line":332,"column":8},"end":{"line":340,"column":9}},{"start":{"line":332,"column":8},"end":{"line":340,"column":9}}],"line":332},"61":{"loc":{"start":{"line":334,"column":12},"end":{"line":339,"column":13}},"type":"if","locations":[{"start":{"line":334,"column":12},"end":{"line":339,"column":13}},{"start":{"line":334,"column":12},"end":{"line":339,"column":13}}],"line":334},"62":{"loc":{"start":{"line":345,"column":8},"end":{"line":347,"column":9}},"type":"if","locations":[{"start":{"line":345,"column":8},"end":{"line":347,"column":9}},{"start":{"line":345,"column":8},"end":{"line":347,"column":9}}],"line":345},"63":{"loc":{"start":{"line":354,"column":8},"end":{"line":356,"column":9}},"type":"if","locations":[{"start":{"line":354,"column":8},"end":{"line":356,"column":9}},{"start":{"line":354,"column":8},"end":{"line":356,"column":9}}],"line":354},"64":{"loc":{"start":{"line":367,"column":12},"end":{"line":369,"column":13}},"type":"if","locations":[{"start":{"line":367,"column":12},"end":{"line":369,"column":13}},{"start":{"line":367,"column":12},"end":{"line":369,"column":13}}],"line":367},"65":{"loc":{"start":{"line":388,"column":8},"end":{"line":398,"column":9}},"type":"if","locations":[{"start":{"line":388,"column":8},"end":{"line":398,"column":9}},{"start":{"line":388,"column":8},"end":{"line":398,"column":9}}],"line":388},"66":{"loc":{"start":{"line":391,"column":16},"end":{"line":395,"column":17}},"type":"if","locations":[{"start":{"line":391,"column":16},"end":{"line":395,"column":17}},{"start":{"line":391,"column":16},"end":{"line":395,"column":17}}],"line":391}},"s":{"0":0,"1":0,"2":0,"3":0,"4":0,"5":0,"6":0,"7":0,"8":0,"9":0,"10":0,"11":0,"12":0,"13":0,"14":0,"15":0,"16":0,"17":0,"18":0,"19":0,"20":0,"21":0,"22":0,"23":0,"24":0,"25":0,"26":0,"27":0,"28":0,"29":0,"30":0,"31":0,"32":0,"33":0,"34":0,"35":0,"36":0,"37":0,"38":0,"39":0,"40":0,"41":0,"42":0,"43":0,"44":0,"45":0,"46":0,"47":0,"48":0,"49":0,"50":0,"51":0,"52":0,"53":0,"54":0,"55":0,"56":0,"57":0,"58":0,"59":0,"60":0,"61":0,"62":0,"63":0,"64":0,"65":0,"66":0,"67":0,"68":0,"69":0,"70":0,"71":0,"72":0,"73":0,"74":0,"75":0,"76":0,"77":0,"78":0,"79":0,"80":0,"81":0,"82":0,"83":0,"84":0,"85":0,"86":0,"87":0,"88":0,"89":0,"90":0,"91":0,"92":0,"93":0,"94":0,"95":0,"96":0,"97":0,"98":0,"99":0,"100":0,"101":0,"102":0,"103":0,"104":0,"105":0,"106":0,"107":0,"108":0,"109":0,"110":0,"111":0,"112":0,"113":0,"114":0,"115":0,"116":0,"117":0,"118":0,"119":0,"120":0,"121":0,"122":0,"123":0,"124":0,"125":0,"126":0,"127":0,"128":0,"129":0,"130":0,"131":0,"132":0,"133":0,"134":0,"135":0,"136":0,"137":0,"138":0,"139":0,"140":0,"141":0,"142":0,"143":0,"144":0,"145":0,"146":0,"147":0,"148":0,"149":0,"150":0,"151":0,"152":0,"153":0,"154":0,"155":0,"156":0,"157":0,"158":0,"159":0,"160":0,"161":0,"162":0,"163":0,"164":0,"165":0,"166":0,"167":0,"168":0,"169":0,"170":0,"171":0,"172":0,"173":0,"174":0,"175":0,"176":0,"177":0,"178":0,"179":0,"180":0,"181":0,"182":0,"183":0,"184":0,"185":0,"186":0,"187":0},"f":{"0":0,"1":0,"2":0,"3":0,"4":0,"5":0,"6":0,"7":0,"8":0,"9":0,"10":0,"11":0,"12":0,"13":0,"14":0,"15":0,"16":0,"17":0,"18":0,"19":0,"20":0,"21":0,"22":0,"23":0,"24":0,"25":0,"26":0,"27":0},"b":{"0":[0,0],"1":[0,0],"2":[0,0],"3":[0,0],"4":[0,0],"5":[0,0],"6":[0,0],"7":[0,0],"8":[0,0],"9":[0,0],"10":[0,0],"11":[0,0],"12":[0,0],"13":[0,0],"14":[0,0],"15":[0,0,0],"16":[0,0],"17":[0,0],"18":[0,0],"19":[0,0,0],"20":[0,0],"21":[0,0],"22":[0,0],"23":[0,0],"24":[0,0],"25":[0,0],"26":[0,0,0],"27":[0,0],"28":[0,0],"29":[0,0],"30":[0,0],"31":[0,0],"32":[0,0],"33":[0,0],"34":[0,0],"35":[0,0],"36":[0,0],"37":[0,0],"38":[0,0],"39":[0,0],"40":[0,0],"41":[0,0],"42":[0,0],"43":[0,0],"44":[0,0],"45":[0,0],"46":[0,0],"47":[0,0],"48":[0,0],"49":[0,0],"50":[0,0],"51":[0,0],"52":[0,0],"53":[0,0],"54":[0,0],"55":[0,0],"56":[0,0],"57":[0,0],"58":[0,0],"59":[0,0],"60":[0,0],"61":[0,0],"62":[0,0],"63":[0,0],"64":[0,0],"65":[0,0],"66":[0,0]}}},"config":{"bail":1,"changedFilesWithAncestor":false,"collectCoverage":true,"collectCoverageFrom":["lib/**/*.js"],"coverageDirectory":"D:\\smithery-tools\\smithery\\tests\\reports\\coverage","coverageProvider":"babel","coverageReporters":["text","html","json"],"coverageThreshold":{"global":{"branches":80,"functions":80,"lines":80,"statements":80}},"detectLeaks":false,"detectOpenHandles":false,"errorOnDeprecated":false,"expand":false,"findRelatedTests":false,"forceExit":false,"json":false,"lastCommit":false,"listTests":false,"logHeapUsage":false,"maxConcurrency":5,"maxWorkers":3,"noStackTrace":false,"nonFlagArgs":[],"notify":false,"notifyMode":"failure-change","onlyChanged":false,"onlyFailures":false,"passWithNoTests":false,"projects":[],"reporters":[["default",{}],["D:\\smithery-tools\\smithery\\node_modules\\jest-html-reporters\\index.js",{"filename":"./tests/reports/latestTest.html","expand":false,"pageTitle":"smithery","hideIcon":true}]],"rootDir":"D:\\smithery-tools\\smithery","runTestsByPath":false,"skipFilter":false,"testFailureExitCode":1,"testPathPattern":"","testResultsProcessor":"D:\\smithery-tools\\smithery\\node_modules\\jest-json-reporter\\index.js","testSequencer":"D:\\smithery-tools\\smithery\\node_modules\\@jest\\test-sequencer\\build\\index.js","updateSnapshot":"new","useStderr":false,"verbose":true,"watch":false,"watchAll":false,"watchman":true},"endTime":1598269163626,"_reporterOptions":{"filename":"./tests/reports/latestTest.html","expand":false,"pageTitle":"smithery","hideIcon":true},"attachInfos":{}}