{"E:\\smithery-tooling\\smithery\\smithery-core\\src\\Generator.ts":{"path":"E:\\smithery-tooling\\smithery\\smithery-core\\src\\Generator.ts","statementMap":{"0":{"start":{"line":2,"column":0},"end":{"line":2,"column":62}},"1":{"start":{"line":3,"column":0},"end":{"line":3,"column":34}},"2":{"start":{"line":4,"column":21},"end":{"line":4,"column":44}},"3":{"start":{"line":5,"column":16},"end":{"line":5,"column":34}},"4":{"start":{"line":12,"column":8},"end":{"line":12,"column":32}},"5":{"start":{"line":13,"column":8},"end":{"line":13,"column":38}},"6":{"start":{"line":19,"column":29},"end":{"line":19,"column":66}},"7":{"start":{"line":20,"column":8},"end":{"line":20,"column":63}},"8":{"start":{"line":21,"column":8},"end":{"line":21,"column":65}},"9":{"start":{"line":30,"column":8},"end":{"line":30,"column":71}},"10":{"start":{"line":38,"column":8},"end":{"line":38,"column":66}},"11":{"start":{"line":41,"column":0},"end":{"line":41,"column":44}}},"fnMap":{"0":{"name":"(anonymous_0)","decl":{"start":{"line":11,"column":4},"end":{"line":11,"column":5}},"loc":{"start":{"line":11,"column":18},"end":{"line":14,"column":5}},"line":11},"1":{"name":"(anonymous_1)","decl":{"start":{"line":18,"column":4},"end":{"line":18,"column":5}},"loc":{"start":{"line":18,"column":29},"end":{"line":22,"column":5}},"line":18},"2":{"name":"(anonymous_2)","decl":{"start":{"line":29,"column":4},"end":{"line":29,"column":5}},"loc":{"start":{"line":29,"column":46},"end":{"line":31,"column":5}},"line":29},"3":{"name":"(anonymous_3)","decl":{"start":{"line":37,"column":4},"end":{"line":37,"column":5}},"loc":{"start":{"line":37,"column":40},"end":{"line":39,"column":5}},"line":37}},"branchMap":{"0":{"loc":{"start":{"line":37,"column":17},"end":{"line":37,"column":38}},"type":"default-arg","locations":[{"start":{"line":37,"column":36},"end":{"line":37,"column":38}}],"line":37}},"s":{"0":1,"1":1,"2":1,"3":1,"4":8,"5":8,"6":8,"7":8,"8":8,"9":16,"10":2,"11":1},"f":{"0":8,"1":8,"2":16,"3":2},"b":{"0":[0]},"inputSourceMap":{"version":3,"file":"E:/smithery-tooling/smithery/smithery-core/src/Generator.ts","sources":["E:/smithery-tooling/smithery/smithery-core/src/Generator.ts"],"names":[],"mappings":";;;AAAA,6CAAkD;AAElD,mCAAmC;AAEnC;;;GAGG;AACH,MAAa,gBAAgB;IAG3B;QAFQ,kBAAa,GAAkC,EAAE,CAAC;QAGxD,IAAI,CAAC,sBAAsB,EAAE,CAAC;IAChC,CAAC;IAED;;OAEG;IACK,sBAAsB;QAC5B,MAAM,YAAY,GAAG,IAAI,+BAAkB,EAAE,CAAC;QAC9C,IAAI,CAAC,YAAY,CAAC,YAAY,EAAE,gBAAQ,CAAC,IAAI,CAAC,CAAC;QAC/C,IAAI,CAAC,YAAY,CAAC,YAAY,EAAE,gBAAQ,CAAC,MAAM,CAAC,CAAC;IACnD,CAAC;IAED;;;;;OAKG;IACI,YAAY,CAAC,SAAqB,EAAE,gBAAwB;QACjE,IAAI,CAAC,aAAa,CAAC,gBAAgB,CAAC,WAAW,EAAE,CAAC,GAAG,SAAS,CAAC;IACjE,CAAC;IAED;;;;OAIG;IACI,YAAY,CAAC,mBAA2B,EAAE;QAC/C,OAAO,IAAI,CAAC,aAAa,CAAC,gBAAgB,CAAC,WAAW,EAAE,CAAC,CAAC;IAC5D,CAAC;CACF;AAlCD,4CAkCC","sourcesContent":["import { DirectoryGenerator } from './generators';\nimport { IGenerator } from './Interfaces';\nimport { FileType } from './enums';\n\n/**\n * GeneratorFactory, the factory implementation for the set of generators\n * to deliver the correct generator implementation for each type of source code\n */\nexport class GeneratorFactory {\n  private _generatorMap: { [key: string]: IGenerator } = {};\n\n  constructor() {\n    this._loadDefaultGenerators();\n  }\n\n  /**\n   * Used at the constructor to load the directory generator for files and folders\n   */\n  private _loadDefaultGenerators(): void {\n    const dirGenerator = new DirectoryGenerator();\n    this.addGenerator(dirGenerator, FileType.File);\n    this.addGenerator(dirGenerator, FileType.Folder);\n  }\n\n  /**\n   * Add a new generator instance together with the correct source code assignment\n   *\n   * @param generator the generator instance to add\n   * @param sourceAssignment the source code type to distinguish between other generators\n   */\n  public addGenerator(generator: IGenerator, sourceAssignment: string): void {\n    this._generatorMap[sourceAssignment.toUpperCase()] = generator;\n  }\n\n  /**\n   * Retrieve a code generator for a given code type\n   *\n   * @param sourceAssignment the identifier (file ending) for which type of source code the generator is needed\n   */\n  public getGenerator(sourceAssignment: string = \"\"): IGenerator | undefined {\n    return this._generatorMap[sourceAssignment.toUpperCase()];\n  }\n}\n"]},"_coverageSchema":"1a1c01bbd47fc00a2c39e90264f33305004495a9","hash":"3eb25bdb8ba233c827ba6660d0d482b995d23d7e"},"E:\\smithery-tooling\\smithery\\smithery-core\\src\\generators\\index.ts":{"path":"E:\\smithery-tooling\\smithery\\smithery-core\\src\\generators\\index.ts","statementMap":{"0":{"start":{"line":2,"column":0},"end":{"line":2,"column":62}},"1":{"start":{"line":3,"column":0},"end":{"line":3,"column":36}},"2":{"start":{"line":4,"column":27},"end":{"line":4,"column":58}},"3":{"start":{"line":5,"column":0},"end":{"line":5,"column":145}},"4":{"start":{"line":5,"column":92},"end":{"line":5,"column":139}}},"fnMap":{"0":{"name":"(anonymous_0)","decl":{"start":{"line":5,"column":78},"end":{"line":5,"column":79}},"loc":{"start":{"line":5,"column":90},"end":{"line":5,"column":141}},"line":5}},"branchMap":{},"s":{"0":1,"1":1,"2":1,"3":1,"4":8},"f":{"0":8},"b":{},"inputSourceMap":{"version":3,"file":"E:/smithery-tooling/smithery/smithery-core/src/generators/index.ts","sources":["E:/smithery-tooling/smithery/smithery-core/src/generators/index.ts"],"names":[],"mappings":";;;AAAA,2DAA0D;AAAjD,wHAAA,kBAAkB,OAAA","sourcesContent":["export { DirectoryGenerator } from './DirectoryGenerator';\n"]},"_coverageSchema":"1a1c01bbd47fc00a2c39e90264f33305004495a9","hash":"485763efb2a5c01de779db10a5fbec0fe351e491"},"E:\\smithery-tooling\\smithery\\smithery-core\\src\\generators\\DirectoryGenerator.ts":{"path":"E:\\smithery-tooling\\smithery\\smithery-core\\src\\generators\\DirectoryGenerator.ts","statementMap":{"0":{"start":{"line":2,"column":0},"end":{"line":2,"column":62}},"1":{"start":{"line":3,"column":0},"end":{"line":3,"column":36}},"2":{"start":{"line":4,"column":16},"end":{"line":4,"column":35}},"3":{"start":{"line":5,"column":13},"end":{"line":5,"column":26}},"4":{"start":{"line":6,"column":15},"end":{"line":6,"column":30}},"5":{"start":{"line":15,"column":22},"end":{"line":15,"column":97}},"6":{"start":{"line":16,"column":23},"end":{"line":16,"column":36}},"7":{"start":{"line":17,"column":8},"end":{"line":19,"column":9}},"8":{"start":{"line":18,"column":12},"end":{"line":18,"column":46}},"9":{"start":{"line":21,"column":8},"end":{"line":21,"column":22}},"10":{"start":{"line":30,"column":8},"end":{"line":40,"column":9}},"11":{"start":{"line":31,"column":12},"end":{"line":39,"column":13}},"12":{"start":{"line":32,"column":16},"end":{"line":32,"column":69}},"13":{"start":{"line":33,"column":16},"end":{"line":33,"column":95}},"14":{"start":{"line":36,"column":16},"end":{"line":38,"column":17}},"15":{"start":{"line":37,"column":20},"end":{"line":37,"column":92}},"16":{"start":{"line":43,"column":0},"end":{"line":43,"column":48}}},"fnMap":{"0":{"name":"(anonymous_0)","decl":{"start":{"line":14,"column":4},"end":{"line":14,"column":5}},"loc":{"start":{"line":14,"column":28},"end":{"line":22,"column":5}},"line":14},"1":{"name":"(anonymous_1)","decl":{"start":{"line":29,"column":4},"end":{"line":29,"column":5}},"loc":{"start":{"line":29,"column":48},"end":{"line":41,"column":5}},"line":29}},"branchMap":{"0":{"loc":{"start":{"line":15,"column":22},"end":{"line":15,"column":97}},"type":"binary-expr","locations":[{"start":{"line":15,"column":23},"end":{"line":15,"column":89}},{"start":{"line":15,"column":94},"end":{"line":15,"column":97}}],"line":15},"1":{"loc":{"start":{"line":15,"column":23},"end":{"line":15,"column":89}},"type":"cond-expr","locations":[{"start":{"line":15,"column":64},"end":{"line":15,"column":70}},{"start":{"line":15,"column":73},"end":{"line":15,"column":89}}],"line":15},"2":{"loc":{"start":{"line":15,"column":23},"end":{"line":15,"column":61}},"type":"binary-expr","locations":[{"start":{"line":15,"column":23},"end":{"line":15,"column":39}},{"start":{"line":15,"column":43},"end":{"line":15,"column":61}}],"line":15},"3":{"loc":{"start":{"line":17,"column":8},"end":{"line":19,"column":9}},"type":"if","locations":[{"start":{"line":17,"column":8},"end":{"line":19,"column":9}},{"start":{"line":17,"column":8},"end":{"line":19,"column":9}}],"line":17},"4":{"loc":{"start":{"line":31,"column":12},"end":{"line":39,"column":13}},"type":"if","locations":[{"start":{"line":31,"column":12},"end":{"line":39,"column":13}},{"start":{"line":31,"column":12},"end":{"line":39,"column":13}}],"line":31},"5":{"loc":{"start":{"line":33,"column":35},"end":{"line":33,"column":55}},"type":"binary-expr","locations":[{"start":{"line":33,"column":35},"end":{"line":33,"column":49}},{"start":{"line":33,"column":53},"end":{"line":33,"column":55}}],"line":33},"6":{"loc":{"start":{"line":36,"column":16},"end":{"line":38,"column":17}},"type":"if","locations":[{"start":{"line":36,"column":16},"end":{"line":38,"column":17}},{"start":{"line":36,"column":16},"end":{"line":38,"column":17}}],"line":36},"7":{"loc":{"start":{"line":36,"column":20},"end":{"line":36,"column":57}},"type":"binary-expr","locations":[{"start":{"line":36,"column":20},"end":{"line":36,"column":33}},{"start":{"line":36,"column":37},"end":{"line":36,"column":57}}],"line":36}},"s":{"0":1,"1":1,"2":1,"3":1,"4":1,"5":0,"6":0,"7":0,"8":0,"9":0,"10":0,"11":0,"12":0,"13":0,"14":0,"15":0,"16":1},"f":{"0":0,"1":0},"b":{"0":[0,0],"1":[0,0],"2":[0,0],"3":[0,0],"4":[0,0],"5":[0,0],"6":[0,0],"7":[0,0]},"inputSourceMap":{"version":3,"file":"E:/smithery-tooling/smithery/smithery-core/src/generators/DirectoryGenerator.ts","sources":["E:/smithery-tooling/smithery/smithery-core/src/generators/DirectoryGenerator.ts"],"names":[],"mappings":";;;AAEA,oCAAoC;AAEpC,2BAA8C;AAC9C,+BAA4B;AAE5B;;GAEG;AACH,MAAa,kBAAkB;IAC7B;;OAEG;IACI,QAAQ,CAAC,IAAU,EAAE,OAA8B;QACxD,MAAM,KAAK,GAAG,CAAA,OAAO,aAAP,OAAO,uBAAP,OAAO,CAAE,QAAQ,KAAI,GAAG,CAAC;QAEvC,MAAM,MAAM,GAAG,IAAI,CAAC,QAAQ,CAAC;QAC7B,IAAI,MAAM,EAAE;YACV,IAAI,CAAC,aAAa,CAAC,MAAM,EAAE,KAAK,CAAC,CAAC;SACnC;QACD,+EAA+E;QAC/E,OAAO,MAAM,CAAC;IAChB,CAAC;IAED;;;;;OAKG;IACK,aAAa,CAAC,eAAuB,EAAE,WAAmB;QAChE,KAAK,MAAM,KAAK,IAAI,eAAe,EAAE;YACnC,IAAI,KAAK,CAAC,IAAI,KAAK,gBAAQ,CAAC,MAAM,EAAE;gBAClC,cAAS,CAAC,WAAI,CAAC,WAAW,EAAE,KAAK,CAAC,IAAI,CAAC,CAAC,CAAC;gBACzC,IAAI,CAAC,aAAa,CAAC,KAAK,CAAC,QAAQ,IAAI,EAAE,EAAE,WAAI,CAAC,WAAW,EAAE,KAAK,CAAC,IAAI,CAAC,CAAC,CAAC;aACzE;iBAAM;gBACL,IAAI,KAAK,CAAC,OAAO,IAAI,KAAK,CAAC,OAAO,KAAK,EAAE,EAAE;oBACzC,kBAAa,CAAC,WAAI,CAAC,WAAW,EAAE,KAAK,CAAC,IAAI,CAAC,EAAE,KAAK,CAAC,OAAO,CAAC,CAAC;iBAC7D;aACF;SACF;IACH,CAAC;CACF;AAjCD,gDAiCC","sourcesContent":["import { IGenerator} from '../Interfaces';\nimport { Node } from '../utils/Node';\nimport { FileType } from '../enums';\n\nimport { mkdirSync, writeFileSync } from 'fs';\nimport { join } from 'path';\n\n/**\n * Implementation of the Generator interface to generate files and directories\n */\nexport class DirectoryGenerator implements IGenerator {\n  /**\n   * @override\n   */\n  public generate(oAST: Node, options?: { filePath: string }): string {\n    const route = options?.filePath || '.';\n\n    const aItems = oAST.children;\n    if (aItems) {\n      this._processFiles(aItems, route);\n    }\n    // Sry for this, but it is the only class not delivering a correct source code.\n    return 'Done';\n  }\n\n  /**\n   * Recursive file and folder generation\n   *\n   * @param aNodesToProcess the tree nodes to process\n   * @param sTargetPath the path of the parent element\n   */\n  private _processFiles(aNodesToProcess: Node[], sTargetPath: string) {\n    for (const oNode of aNodesToProcess) {\n      if (oNode.type === FileType.Folder) {\n        mkdirSync(join(sTargetPath, oNode.name));\n        this._processFiles(oNode.children || [], join(sTargetPath, oNode.name));\n      } else {\n        if (oNode.content && oNode.content !== '') {\n          writeFileSync(join(sTargetPath, oNode.name), oNode.content);\n        }\n      }\n    }\n  }\n}\n"]},"_coverageSchema":"1a1c01bbd47fc00a2c39e90264f33305004495a9","hash":"279125c34c808bc0af87687f1c2ac56096940731"},"E:\\smithery-tooling\\smithery\\smithery-core\\src\\enums.ts":{"path":"E:\\smithery-tooling\\smithery\\smithery-core\\src\\enums.ts","statementMap":{"0":{"start":{"line":2,"column":0},"end":{"line":2,"column":62}},"1":{"start":{"line":3,"column":0},"end":{"line":3,"column":26}},"2":{"start":{"line":5,"column":0},"end":{"line":8,"column":59}},"3":{"start":{"line":6,"column":4},"end":{"line":6,"column":34}},"4":{"start":{"line":7,"column":4},"end":{"line":7,"column":30}}},"fnMap":{"0":{"name":"(anonymous_0)","decl":{"start":{"line":5,"column":1},"end":{"line":5,"column":2}},"loc":{"start":{"line":5,"column":21},"end":{"line":8,"column":1}},"line":5}},"branchMap":{"0":{"loc":{"start":{"line":8,"column":14},"end":{"line":8,"column":57}},"type":"binary-expr","locations":[{"start":{"line":8,"column":14},"end":{"line":8,"column":30}},{"start":{"line":8,"column":35},"end":{"line":8,"column":56}}],"line":8}},"s":{"0":1,"1":1,"2":1,"3":1,"4":1},"f":{"0":1},"b":{"0":[1,1]},"inputSourceMap":{"version":3,"file":"E:/smithery-tooling/smithery/smithery-core/src/enums.ts","sources":["E:/smithery-tooling/smithery/smithery-core/src/enums.ts"],"names":[],"mappings":";;;AAAA,IAAY,QAGX;AAHD,WAAY,QAAQ;IAClB,6BAAiB,CAAA;IACjB,yBAAa,CAAA;AACf,CAAC,EAHW,QAAQ,GAAR,gBAAQ,KAAR,gBAAQ,QAGnB","sourcesContent":["export enum FileType {\n  Folder = 'Folder',\n  File = 'File',\n}\n"]},"_coverageSchema":"1a1c01bbd47fc00a2c39e90264f33305004495a9","hash":"e398ef24b2cbfd3823f6d8b4600a3c751dd0c1d6"},"E:\\smithery-tooling\\smithery\\smithery-core\\src\\Imposer.ts":{"path":"E:\\smithery-tooling\\smithery\\smithery-core\\src\\Imposer.ts","statementMap":{"0":{"start":{"line":2,"column":0},"end":{"line":2,"column":62}},"1":{"start":{"line":3,"column":0},"end":{"line":3,"column":25}},"2":{"start":{"line":6,"column":8},"end":{"line":6,"column":36}},"3":{"start":{"line":7,"column":8},"end":{"line":7,"column":42}},"4":{"start":{"line":8,"column":8},"end":{"line":8,"column":29}},"5":{"start":{"line":11,"column":22},"end":{"line":11,"column":71}},"6":{"start":{"line":12,"column":8},"end":{"line":14,"column":9}},"7":{"start":{"line":13,"column":12},"end":{"line":13,"column":58}},"8":{"start":{"line":20,"column":25},"end":{"line":20,"column":80}},"9":{"start":{"line":20,"column":61},"end":{"line":20,"column":79}},"10":{"start":{"line":21,"column":8},"end":{"line":26,"column":11}},"11":{"start":{"line":22,"column":26},"end":{"line":22,"column":53}},"12":{"start":{"line":23,"column":12},"end":{"line":25,"column":13}},"13":{"start":{"line":24,"column":16},"end":{"line":24,"column":42}},"14":{"start":{"line":27,"column":24},"end":{"line":27,"column":39}},"15":{"start":{"line":34,"column":8},"end":{"line":34,"column":53}},"16":{"start":{"line":35,"column":26},"end":{"line":35,"column":51}},"17":{"start":{"line":37,"column":8},"end":{"line":116,"column":11}},"18":{"start":{"line":38,"column":31},"end":{"line":38,"column":48}},"19":{"start":{"line":39,"column":34},"end":{"line":39,"column":54}},"20":{"start":{"line":40,"column":34},"end":{"line":40,"column":36}},"21":{"start":{"line":41,"column":12},"end":{"line":115,"column":13}},"22":{"start":{"line":42,"column":16},"end":{"line":97,"column":19}},"23":{"start":{"line":43,"column":20},"end":{"line":43,"column":64}},"24":{"start":{"line":44,"column":39},"end":{"line":44,"column":41}},"25":{"start":{"line":45,"column":41},"end":{"line":53,"column":22}},"26":{"start":{"line":46,"column":24},"end":{"line":52,"column":25}},"27":{"start":{"line":47,"column":28},"end":{"line":47,"column":51}},"28":{"start":{"line":48,"column":28},"end":{"line":48,"column":40}},"29":{"start":{"line":51,"column":28},"end":{"line":51,"column":41}},"30":{"start":{"line":55,"column":20},"end":{"line":58,"column":21}},"31":{"start":{"line":56,"column":24},"end":{"line":56,"column":71}},"32":{"start":{"line":57,"column":24},"end":{"line":57,"column":56}},"33":{"start":{"line":60,"column":20},"end":{"line":72,"column":21}},"34":{"start":{"line":61,"column":41},"end":{"line":61,"column":56}},"35":{"start":{"line":62,"column":24},"end":{"line":62,"column":70}},"36":{"start":{"line":63,"column":50},"end":{"line":63,"column":95}},"37":{"start":{"line":64,"column":24},"end":{"line":69,"column":25}},"38":{"start":{"line":65,"column":28},"end":{"line":65,"column":88}},"39":{"start":{"line":68,"column":28},"end":{"line":68,"column":68}},"40":{"start":{"line":71,"column":24},"end":{"line":71,"column":62}},"41":{"start":{"line":73,"column":20},"end":{"line":96,"column":21}},"42":{"start":{"line":74,"column":24},"end":{"line":74,"column":135}},"43":{"start":{"line":75,"column":24},"end":{"line":75,"column":40}},"44":{"start":{"line":76,"column":24},"end":{"line":76,"column":62}},"45":{"start":{"line":77,"column":24},"end":{"line":77,"column":62}},"46":{"start":{"line":78,"column":24},"end":{"line":78,"column":65}},"47":{"start":{"line":79,"column":24},"end":{"line":79,"column":40}},"48":{"start":{"line":80,"column":24},"end":{"line":82,"column":27}},"49":{"start":{"line":81,"column":28},"end":{"line":81,"column":88}},"50":{"start":{"line":83,"column":24},"end":{"line":83,"column":43}},"51":{"start":{"line":84,"column":24},"end":{"line":84,"column":43}},"52":{"start":{"line":85,"column":50},"end":{"line":85,"column":65}},"53":{"start":{"line":86,"column":52},"end":{"line":86,"column":106}},"54":{"start":{"line":88,"column":24},"end":{"line":93,"column":25}},"55":{"start":{"line":89,"column":28},"end":{"line":89,"column":90}},"56":{"start":{"line":92,"column":28},"end":{"line":92,"column":70}},"57":{"start":{"line":95,"column":24},"end":{"line":95,"column":63}},"58":{"start":{"line":99,"column":16},"end":{"line":99,"column":72}},"59":{"start":{"line":100,"column":16},"end":{"line":100,"column":52}},"60":{"start":{"line":103,"column":16},"end":{"line":114,"column":17}},"61":{"start":{"line":104,"column":20},"end":{"line":104,"column":56}},"62":{"start":{"line":106,"column":21},"end":{"line":114,"column":17}},"63":{"start":{"line":107,"column":20},"end":{"line":107,"column":65}},"64":{"start":{"line":108,"column":20},"end":{"line":108,"column":71}},"65":{"start":{"line":110,"column":20},"end":{"line":110,"column":92}},"66":{"start":{"line":113,"column":20},"end":{"line":113,"column":65}},"67":{"start":{"line":117,"column":8},"end":{"line":117,"column":23}},"68":{"start":{"line":121,"column":8},"end":{"line":121,"column":36}},"69":{"start":{"line":124,"column":8},"end":{"line":124,"column":42}},"70":{"start":{"line":127,"column":8},"end":{"line":127,"column":29}},"71":{"start":{"line":130,"column":8},"end":{"line":130,"column":34}},"72":{"start":{"line":133,"column":8},"end":{"line":133,"column":37}},"73":{"start":{"line":136,"column":8},"end":{"line":136,"column":28}},"74":{"start":{"line":139,"column":0},"end":{"line":139,"column":26}}},"fnMap":{"0":{"name":"(anonymous_0)","decl":{"start":{"line":5,"column":4},"end":{"line":5,"column":5}},"loc":{"start":{"line":5,"column":42},"end":{"line":9,"column":5}},"line":5},"1":{"name":"(anonymous_1)","decl":{"start":{"line":10,"column":4},"end":{"line":10,"column":5}},"loc":{"start":{"line":10,"column":45},"end":{"line":118,"column":5}},"line":10},"2":{"name":"(anonymous_2)","decl":{"start":{"line":20,"column":51},"end":{"line":20,"column":52}},"loc":{"start":{"line":20,"column":61},"end":{"line":20,"column":79}},"line":20},"3":{"name":"(anonymous_3)","decl":{"start":{"line":21,"column":42},"end":{"line":21,"column":43}},"loc":{"start":{"line":21,"column":57},"end":{"line":26,"column":9}},"line":21},"4":{"name":"(anonymous_4)","decl":{"start":{"line":37,"column":26},"end":{"line":37,"column":27}},"loc":{"start":{"line":37,"column":40},"end":{"line":116,"column":9}},"line":37},"5":{"name":"(anonymous_5)","decl":{"start":{"line":42,"column":35},"end":{"line":42,"column":36}},"loc":{"start":{"line":42,"column":50},"end":{"line":97,"column":17}},"line":42},"6":{"name":"(anonymous_6)","decl":{"start":{"line":45,"column":62},"end":{"line":45,"column":63}},"loc":{"start":{"line":45,"column":87},"end":{"line":53,"column":21}},"line":45},"7":{"name":"(anonymous_7)","decl":{"start":{"line":80,"column":45},"end":{"line":80,"column":46}},"loc":{"start":{"line":80,"column":63},"end":{"line":82,"column":25}},"line":80},"8":{"name":"(anonymous_8)","decl":{"start":{"line":120,"column":4},"end":{"line":120,"column":5}},"loc":{"start":{"line":120,"column":29},"end":{"line":122,"column":5}},"line":120},"9":{"name":"(anonymous_9)","decl":{"start":{"line":123,"column":4},"end":{"line":123,"column":5}},"loc":{"start":{"line":123,"column":35},"end":{"line":125,"column":5}},"line":123},"10":{"name":"(anonymous_10)","decl":{"start":{"line":126,"column":4},"end":{"line":126,"column":5}},"loc":{"start":{"line":126,"column":22},"end":{"line":128,"column":5}},"line":126},"11":{"name":"(anonymous_11)","decl":{"start":{"line":129,"column":4},"end":{"line":129,"column":5}},"loc":{"start":{"line":129,"column":23},"end":{"line":131,"column":5}},"line":129},"12":{"name":"(anonymous_12)","decl":{"start":{"line":132,"column":4},"end":{"line":132,"column":5}},"loc":{"start":{"line":132,"column":26},"end":{"line":134,"column":5}},"line":132},"13":{"name":"(anonymous_13)","decl":{"start":{"line":135,"column":4},"end":{"line":135,"column":5}},"loc":{"start":{"line":135,"column":17},"end":{"line":137,"column":5}},"line":135}},"branchMap":{"0":{"loc":{"start":{"line":12,"column":8},"end":{"line":14,"column":9}},"type":"if","locations":[{"start":{"line":12,"column":8},"end":{"line":14,"column":9}},{"start":{"line":12,"column":8},"end":{"line":14,"column":9}}],"line":12},"1":{"loc":{"start":{"line":23,"column":12},"end":{"line":25,"column":13}},"type":"if","locations":[{"start":{"line":23,"column":12},"end":{"line":25,"column":13}},{"start":{"line":23,"column":12},"end":{"line":25,"column":13}}],"line":23},"2":{"loc":{"start":{"line":41,"column":12},"end":{"line":115,"column":13}},"type":"if","locations":[{"start":{"line":41,"column":12},"end":{"line":115,"column":13}},{"start":{"line":41,"column":12},"end":{"line":115,"column":13}}],"line":41},"3":{"loc":{"start":{"line":41,"column":16},"end":{"line":41,"column":75}},"type":"binary-expr","locations":[{"start":{"line":41,"column":16},"end":{"line":41,"column":46}},{"start":{"line":41,"column":50},"end":{"line":41,"column":75}}],"line":41},"4":{"loc":{"start":{"line":46,"column":24},"end":{"line":52,"column":25}},"type":"if","locations":[{"start":{"line":46,"column":24},"end":{"line":52,"column":25}},{"start":{"line":46,"column":24},"end":{"line":52,"column":25}}],"line":46},"5":{"loc":{"start":{"line":46,"column":28},"end":{"line":46,"column":104}},"type":"binary-expr","locations":[{"start":{"line":46,"column":28},"end":{"line":46,"column":64}},{"start":{"line":46,"column":68},"end":{"line":46,"column":104}}],"line":46},"6":{"loc":{"start":{"line":55,"column":20},"end":{"line":58,"column":21}},"type":"if","locations":[{"start":{"line":55,"column":20},"end":{"line":58,"column":21}},{"start":{"line":55,"column":20},"end":{"line":58,"column":21}}],"line":55},"7":{"loc":{"start":{"line":60,"column":20},"end":{"line":72,"column":21}},"type":"if","locations":[{"start":{"line":60,"column":20},"end":{"line":72,"column":21}},{"start":{"line":60,"column":20},"end":{"line":72,"column":21}}],"line":60},"8":{"loc":{"start":{"line":64,"column":24},"end":{"line":69,"column":25}},"type":"if","locations":[{"start":{"line":64,"column":24},"end":{"line":69,"column":25}},{"start":{"line":64,"column":24},"end":{"line":69,"column":25}}],"line":64},"9":{"loc":{"start":{"line":73,"column":20},"end":{"line":96,"column":21}},"type":"if","locations":[{"start":{"line":73,"column":20},"end":{"line":96,"column":21}},{"start":{"line":73,"column":20},"end":{"line":96,"column":21}}],"line":73},"10":{"loc":{"start":{"line":88,"column":24},"end":{"line":93,"column":25}},"type":"if","locations":[{"start":{"line":88,"column":24},"end":{"line":93,"column":25}},{"start":{"line":88,"column":24},"end":{"line":93,"column":25}}],"line":88},"11":{"loc":{"start":{"line":103,"column":16},"end":{"line":114,"column":17}},"type":"if","locations":[{"start":{"line":103,"column":16},"end":{"line":114,"column":17}},{"start":{"line":103,"column":16},"end":{"line":114,"column":17}}],"line":103},"12":{"loc":{"start":{"line":103,"column":20},"end":{"line":103,"column":99}},"type":"binary-expr","locations":[{"start":{"line":103,"column":20},"end":{"line":103,"column":62}},{"start":{"line":103,"column":66},"end":{"line":103,"column":99}}],"line":103},"13":{"loc":{"start":{"line":106,"column":21},"end":{"line":114,"column":17}},"type":"if","locations":[{"start":{"line":106,"column":21},"end":{"line":114,"column":17}},{"start":{"line":106,"column":21},"end":{"line":114,"column":17}}],"line":106},"14":{"loc":{"start":{"line":106,"column":25},"end":{"line":106,"column":100}},"type":"binary-expr","locations":[{"start":{"line":106,"column":25},"end":{"line":106,"column":67}},{"start":{"line":106,"column":71},"end":{"line":106,"column":100}}],"line":106}},"s":{"0":1,"1":1,"2":5,"3":5,"4":5,"5":0,"6":0,"7":0,"8":0,"9":0,"10":0,"11":0,"12":0,"13":0,"14":0,"15":0,"16":0,"17":0,"18":0,"19":0,"20":0,"21":0,"22":0,"23":0,"24":0,"25":0,"26":0,"27":0,"28":0,"29":0,"30":0,"31":0,"32":0,"33":0,"34":0,"35":0,"36":0,"37":0,"38":0,"39":0,"40":0,"41":0,"42":0,"43":0,"44":0,"45":0,"46":0,"47":0,"48":0,"49":0,"50":0,"51":0,"52":0,"53":0,"54":0,"55":0,"56":0,"57":0,"58":0,"59":0,"60":0,"61":0,"62":0,"63":0,"64":0,"65":0,"66":0,"67":0,"68":1,"69":1,"70":1,"71":3,"72":3,"73":3,"74":1},"f":{"0":5,"1":0,"2":0,"3":0,"4":0,"5":0,"6":0,"7":0,"8":1,"9":1,"10":1,"11":3,"12":3,"13":3},"b":{"0":[0,0],"1":[0,0],"2":[0,0],"3":[0,0],"4":[0,0],"5":[0,0],"6":[0,0],"7":[0,0],"8":[0,0],"9":[0,0],"10":[0,0],"11":[0,0],"12":[0,0],"13":[0,0],"14":[0,0]},"inputSourceMap":{"version":3,"file":"E:/smithery-tooling/smithery/smithery-core/src/Imposer.ts","sources":["E:/smithery-tooling/smithery/smithery-core/src/Imposer.ts"],"names":[],"mappings":";;;AAKA,MAAa,OAAO;IAKlB,YAAY,MAAqB,EAAE,SAA2B,EAAE,KAAc;QAC5E,IAAI,CAAC,aAAa,GAAG,MAAM,CAAC;QAC5B,IAAI,CAAC,gBAAgB,GAAG,SAAS,CAAC;QAClC,IAAI,CAAC,OAAO,GAAG,KAAK,CAAC;IACvB,CAAC;IAEM,MAAM,CAAC,OAAa,EAAE,UAAgB,EAAE,WAAwC;QACrF,MAAM,KAAK,GAAG,IAAI,CAAC,OAAO,CAAC,eAAe,CAAC,OAAO,EAAE,UAAU,CAAC,CAAC;QAChE,IAAI,KAAK,EAAE;YACT,OAAO,KAAK,CAAC,KAAK,CAAC,OAAO,EAAE,UAAU,EAAE,IAAI,CAAC,CAAC;SAC/C;QAED;;;;WAIG;QAEH,MAAM,QAAQ,GAAa,MAAM,CAAC,IAAI,CAAC,OAAO,CAAC,CAAC,IAAI,CAAC,CAAC,CAAC,EAAE,CAAC,EAAE,EAAE,CAAC,CAAC,CAAC,aAAa,CAAC,CAAC,CAAC,CAAC,CAAC;QAEnF,WAAW,CAAC,OAAO,CAAC,IAAI,CAAC,CAAC,OAAO,CAAC,CAAC,SAAS,EAAE,EAAE;YAC9C,MAAM,KAAK,GAAW,QAAQ,CAAC,OAAO,CAAC,SAAS,CAAC,CAAC;YAClD,IAAI,KAAK,GAAG,CAAC,CAAC,EAAE;gBACd,QAAQ,CAAC,MAAM,CAAC,KAAK,EAAE,CAAC,CAAC,CAAC;aAC3B;QACH,CAAC,CAAC,CAAC;QAEH,MAAM,OAAO,GAAG,OAAO,CAAC,KAAK,EAAE,CAAC;QAChC,2DAA2D;QAC3D;;;;UAIE;QAEF,OAAO,CAAC,WAAW,GAAG,UAAU,CAAC,WAAW,CAAC;QAC7C,MAAM,SAAS,GAAG,WAAW,CAAC,OAAO,CAAC,IAAI,CAAC,CAAC;QAC5C,0CAA0C;QAE1C,SAAS,CAAC,OAAO,CAAC,CAAC,QAAQ,EAAE,EAAE;YAC7B,MAAM,UAAU,GAAG,OAAO,CAAC,QAAQ,CAAC,CAAC;YACrC,MAAM,aAAa,GAAG,UAAU,CAAC,QAAQ,CAAC,CAAC;YAC3C,IAAI,eAAe,GAAW,EAAE,CAAC;YAEjC,IAAI,OAAO,UAAU,KAAK,QAAQ,IAAI,KAAK,CAAC,OAAO,CAAC,UAAU,CAAC,EAAE;gBAC/D,UAAU,CAAC,OAAO,CAAC,CAAC,SAAS,EAAE,EAAE;oBAC/B,SAAS,CAAC,WAAW,GAAG,OAAO,CAAC,WAAW,CAAC;oBAC5C,MAAM,UAAU,GAAa,EAAE,CAAC;oBAChC,MAAM,YAAY,GAAG,aAAa,CAAC,MAAM,CAAC,CAAC,YAAkB,EAAE,KAAa,EAAE,EAAE;wBAC9E,IAAI,YAAY,CAAC,IAAI,KAAK,SAAS,CAAC,IAAI,IAAI,YAAY,CAAC,IAAI,KAAK,SAAS,CAAC,IAAI,EAAE;4BAChF,UAAU,CAAC,IAAI,CAAC,KAAK,CAAC,CAAC;4BACvB,OAAO,IAAI,CAAC;yBACb;6BAAM;4BACL,OAAO,KAAK,CAAC;yBACd;oBACH,CAAC,CAAC,CAAC;oBAEH,6DAA6D;oBAC7D,IAAI,YAAY,CAAC,MAAM,KAAK,CAAC,EAAE;wBAC7B,SAAS,CAAC,WAAW,GAAG,UAAU,CAAC,WAAW,CAAC;wBAC/C,eAAe,CAAC,IAAI,CAAC,SAAS,CAAC,CAAC;qBACjC;oBAED,iCAAiC;oBACjC,IAAI,YAAY,CAAC,MAAM,KAAK,CAAC,EAAE;wBAC7B,MAAM,QAAQ,GAAS,YAAY,CAAC,CAAC,CAAC,CAAC;wBACvC,QAAQ,CAAC,WAAW,GAAG,UAAU,CAAC,WAAW,CAAC;wBAC9C,MAAM,iBAAiB,GAAG,IAAI,CAAC,MAAM,CAAC,SAAS,EAAE,QAAQ,EAAE,WAAW,CAAC,CAAC;wBACxE,IAAI,KAAK,CAAC,OAAO,CAAC,iBAAiB,CAAC,EAAE;4BACpC,eAAe,GAAG,eAAe,CAAC,MAAM,CAAC,iBAAiB,CAAC,CAAC;yBAC7D;6BAAM;4BACL,eAAe,CAAC,IAAI,CAAC,iBAAiB,CAAC,CAAC;yBACzC;wBAED,sCAAsC;wBACtC,YAAY,CAAC,MAAM,CAAC,UAAU,CAAC,CAAC,CAAC,EAAE,CAAC,CAAC,CAAC;qBACvC;oBAED,IAAI,YAAY,CAAC,MAAM,GAAG,CAAC,EAAE;wBAC3B,OAAO,CAAC,IAAI,CACV,gGAAgG,CACjG,CAAC;wBACF,OAAO,CAAC,KAAK,EAAE,CAAC;wBAChB,OAAO,CAAC,IAAI,CAAC,QAAQ,GAAG,OAAO,CAAC,IAAI,CAAC,CAAC;wBACtC,OAAO,CAAC,IAAI,CAAC,QAAQ,GAAG,OAAO,CAAC,IAAI,CAAC,CAAC;wBACtC,OAAO,CAAC,IAAI,CAAC,eAAe,GAAG,QAAQ,CAAC,CAAC;wBACzC,OAAO,CAAC,KAAK,EAAE,CAAC;wBAChB,YAAY,CAAC,OAAO,CAAC,CAAC,YAAkB,EAAE,EAAE;4BAC1C,OAAO,CAAC,IAAI,CAAC,YAAY,CAAC,IAAI,GAAG,KAAK,GAAG,YAAY,CAAC,IAAI,CAAC,CAAC;wBAC9D,CAAC,CAAC,CAAC;wBACH,OAAO,CAAC,QAAQ,EAAE,CAAC;wBACnB,OAAO,CAAC,QAAQ,EAAE,CAAC;wBAEnB,MAAM,iBAAiB,GAAS,YAAY,CAAC,CAAC,CAAC,CAAC;wBAEhD,MAAM,mBAAmB,GAAG,IAAI,CAAC,MAAM,CAAC,SAAS,EAAE,iBAAiB,EAAE,WAAW,CAAC,CAAC;wBACnF,yEAAyE;wBACzE,IAAI,KAAK,CAAC,OAAO,CAAC,mBAAmB,CAAC,EAAE;4BACtC,eAAe,GAAG,eAAe,CAAC,MAAM,CAAC,mBAAmB,CAAC,CAAC;yBAC/D;6BAAM;4BACL,eAAe,CAAC,IAAI,CAAC,mBAAmB,CAAC,CAAC;yBAC3C;wBAED,sCAAsC;wBACtC,aAAa,CAAC,MAAM,CAAC,UAAU,CAAC,CAAC,CAAC,EAAE,CAAC,CAAC,CAAC;qBACxC;gBACH,CAAC,CAAC,CAAC;gBAEH,mCAAmC;gBACnC,eAAe,GAAG,eAAe,CAAC,MAAM,CAAC,aAAa,CAAC,CAAC;gBACxD,OAAO,CAAC,QAAQ,CAAC,GAAG,eAAe,CAAC;aACrC;iBAAM;gBACL,IAAI,OAAO,UAAU,KAAK,OAAO,aAAa,IAAI,OAAO,UAAU,KAAK,WAAW,EAAE;oBACnF,OAAO,CAAC,QAAQ,CAAC,GAAG,eAAe,CAAC;iBACrC;qBAAM,IAAI,OAAO,UAAU,KAAK,OAAO,aAAa,IAAI,CAAC,KAAK,CAAC,OAAO,CAAC,aAAa,CAAC,EAAE;oBACtF,UAAU,CAAC,WAAW,GAAG,OAAO,CAAC,WAAW,CAAC;oBAC7C,aAAa,CAAC,WAAW,GAAG,UAAU,CAAC,WAAW,CAAC;oBACnD,qCAAqC;oBACrC,OAAO,CAAC,QAAQ,CAAC,GAAG,IAAI,CAAC,MAAM,CAAC,UAAU,EAAE,aAAa,EAAE,WAAW,CAAC,CAAC;iBACzE;qBAAM;oBACL,MAAM,IAAI,KAAK,CAAC,2BAA2B,CAAC,CAAC;iBAC9C;aACF;QACH,CAAC,CAAC,CAAC;QAEH,OAAO,OAAO,CAAC;IACjB,CAAC;IAED,uBAAuB;IAChB,gBAAgB,CAAC,MAAqB;QAC3C,IAAI,CAAC,aAAa,GAAG,MAAM,CAAC;IAC9B,CAAC;IAEM,mBAAmB,CAAC,SAA2B;QACpD,IAAI,CAAC,gBAAgB,GAAG,SAAS,CAAC;IACpC,CAAC;IAEM,UAAU,CAAC,KAAc;QAC9B,IAAI,CAAC,OAAO,GAAG,KAAK,CAAC;IACvB,CAAC;IAEM,gBAAgB;QACrB,OAAO,IAAI,CAAC,aAAa,CAAC;IAC5B,CAAC;IAEM,mBAAmB;QACxB,OAAO,IAAI,CAAC,gBAAgB,CAAC;IAC/B,CAAC;IAEM,UAAU;QACf,OAAO,IAAI,CAAC,OAAO,CAAC;IACtB,CAAC;CAEF;AA9JD,0BA8JC","sourcesContent":["import { ParserFactory } from './Parser';\nimport { GeneratorFactory } from './Generator';\nimport { RuleSet } from './RuleSet';\nimport { Node } from './utils/Node';\n\nexport class Imposer {\n  private parserFactory: ParserFactory;\n  private generatorFactory: GeneratorFactory;\n  private ruleSet: RuleSet;\n\n  constructor(parser: ParserFactory, generator: GeneratorFactory, rules: RuleSet) {\n    this.parserFactory = parser;\n    this.generatorFactory = generator;\n    this.ruleSet = rules;\n  }\n\n  public impose(baseFST: Node, featureFST: Node, visitorKeys: { [key: string]: string[] }): Node {\n    const match = this.ruleSet.getMatchingRule(baseFST, featureFST);\n    if (match) {\n      return match.apply(baseFST, featureFST, this);\n    }\n\n    /* new strategy:\n     * 1. check if rule is matching\n     * 2. otherwise traverse deeper\n     * 3. comparison by id and path\n     */\n\n    const baseKeys: string[] = Object.keys(baseFST).sort((a, b) => a.localeCompare(b));\n\n    visitorKeys[baseFST.type].forEach((childKeys) => {\n      const index: number = baseKeys.indexOf(childKeys);\n      if (index > -1) {\n        baseKeys.splice(index, 1);\n      }\n    });\n\n    const newNode = baseFST.clone();\n    //just add all necessary informations to the resulting node\n    /* JS-Way ;)\n      for (var key of aBaseKeys) {\n       oNewNode[key] = baseFST[key];\n      } \n    */\n\n    newNode.featureName = featureFST.featureName;\n    const childKeys = visitorKeys[baseFST.type];\n    // check all childs and include all childs\n\n    childKeys.forEach((childKey) => {\n      const baseChilds = baseFST[childKey];\n      const featureChilds = featureFST[childKey];\n      let resultingChilds: Node[] = [];\n\n      if (typeof baseChilds === 'object' && Array.isArray(baseChilds)) {\n        baseChilds.forEach((childBase) => {\n          childBase.featureName = baseFST.featureName;\n          const childIndex: number[] = [];\n          const childFeature = featureChilds.filter((featureChild: Node, index: number) => {\n            if (featureChild.path === childBase.path && featureChild.name === childBase.name) {\n              childIndex.push(index);\n              return true;\n            } else {\n              return false;\n            }\n          });\n\n          // if no child for the feature can be found take the base one\n          if (childFeature.length === 0) {\n            childBase.featureName = featureFST.featureName;\n            resultingChilds.push(childBase);\n          }\n\n          // if a feature child is matching\n          if (childFeature.length === 1) {\n            const newChild: Node = childFeature[0];\n            newChild.featureName = featureFST.featureName;\n            const subImposeChildOne = this.impose(childBase, newChild, visitorKeys);\n            if (Array.isArray(subImposeChildOne)) {\n              resultingChilds = resultingChilds.concat(subImposeChildOne);\n            } else {\n              resultingChilds.push(subImposeChildOne);\n            }\n\n            //remove the feature childs afterwards\n            childFeature.splice(childIndex[0], 1);\n          }\n\n          if (childFeature.length > 1) {\n            console.warn(\n              'more than one child is matching find a rule to merge this node and its children more precisly.',\n            );\n            console.group();\n            console.warn('Path: ' + baseFST.path);\n            console.warn('Name: ' + baseFST.name);\n            console.warn('PropertyKey: ' + childKey);\n            console.group();\n            childFeature.forEach((featureChild: Node) => {\n              console.warn(featureChild.path + \"' '\" + featureChild.name);\n            });\n            console.groupEnd();\n            console.groupEnd();\n\n            const firstFeatureChild: Node = childFeature[0];\n\n            const oSubImposeChildMany = this.impose(childBase, firstFeatureChild, visitorKeys);\n            /* aResultingChilds.push(this.impose(oChildB, oChildF, mVisitorKeys)); */\n            if (Array.isArray(oSubImposeChildMany)) {\n              resultingChilds = resultingChilds.concat(oSubImposeChildMany);\n            } else {\n              resultingChilds.push(oSubImposeChildMany);\n            }\n\n            //remove the feature childs afterwards\n            featureChilds.splice(childIndex[0], 1);\n          }\n        });\n\n        // add missing 'new' feature childs\n        resultingChilds = resultingChilds.concat(featureChilds);\n        newNode[childKey] = resultingChilds;\n      } else {\n        if (typeof baseChilds === typeof featureChilds && typeof baseChilds === 'undefined') {\n          newNode[childKey] = resultingChilds;\n        } else if (typeof baseChilds === typeof featureChilds && !Array.isArray(featureChilds)) {\n          baseChilds.featureName = baseFST.featureName;\n          featureChilds.featureName = featureFST.featureName;\n          // Keep it without result distinguish\n          newNode[childKey] = this.impose(baseChilds, featureChilds, visitorKeys);\n        } else {\n          throw new Error('Non array children differ');\n        }\n      }\n    });\n\n    return newNode;\n  }\n\n  //#region getter/setter\n  public setParserFactory(parser: ParserFactory): void {\n    this.parserFactory = parser;\n  }\n\n  public setGeneratorFactory(generator: GeneratorFactory): void {\n    this.generatorFactory = generator;\n  }\n\n  public setRuleSet(rules: RuleSet): void {\n    this.ruleSet = rules;\n  }\n\n  public getParserFactory(): ParserFactory {\n    return this.parserFactory;\n  }\n\n  public getGeneratorFactory(): GeneratorFactory {\n    return this.generatorFactory;\n  }\n\n  public getRuleSet(): RuleSet {\n    return this.ruleSet;\n  }\n  //#endregion\n}\n"]},"_coverageSchema":"1a1c01bbd47fc00a2c39e90264f33305004495a9","hash":"d10f7e098efd91f1b03339009115fe3583b69ee5"},"E:\\smithery-tooling\\smithery\\smithery-core\\src\\Parser.ts":{"path":"E:\\smithery-tooling\\smithery\\smithery-core\\src\\Parser.ts","statementMap":{"0":{"start":{"line":2,"column":0},"end":{"line":2,"column":62}},"1":{"start":{"line":3,"column":0},"end":{"line":3,"column":31}},"2":{"start":{"line":4,"column":18},"end":{"line":4,"column":38}},"3":{"start":{"line":5,"column":16},"end":{"line":5,"column":34}},"4":{"start":{"line":12,"column":8},"end":{"line":12,"column":29}},"5":{"start":{"line":13,"column":8},"end":{"line":13,"column":34}},"6":{"start":{"line":19,"column":26},"end":{"line":19,"column":57}},"7":{"start":{"line":20,"column":8},"end":{"line":20,"column":57}},"8":{"start":{"line":21,"column":8},"end":{"line":21,"column":59}},"9":{"start":{"line":30,"column":8},"end":{"line":30,"column":65}},"10":{"start":{"line":38,"column":8},"end":{"line":38,"column":63}},"11":{"start":{"line":41,"column":0},"end":{"line":41,"column":38}}},"fnMap":{"0":{"name":"(anonymous_0)","decl":{"start":{"line":11,"column":4},"end":{"line":11,"column":5}},"loc":{"start":{"line":11,"column":18},"end":{"line":14,"column":5}},"line":11},"1":{"name":"(anonymous_1)","decl":{"start":{"line":18,"column":4},"end":{"line":18,"column":5}},"loc":{"start":{"line":18,"column":25},"end":{"line":22,"column":5}},"line":18},"2":{"name":"(anonymous_2)","decl":{"start":{"line":29,"column":4},"end":{"line":29,"column":5}},"loc":{"start":{"line":29,"column":40},"end":{"line":31,"column":5}},"line":29},"3":{"name":"(anonymous_3)","decl":{"start":{"line":37,"column":4},"end":{"line":37,"column":5}},"loc":{"start":{"line":37,"column":37},"end":{"line":39,"column":5}},"line":37}},"branchMap":{"0":{"loc":{"start":{"line":37,"column":14},"end":{"line":37,"column":35}},"type":"default-arg","locations":[{"start":{"line":37,"column":33},"end":{"line":37,"column":35}}],"line":37}},"s":{"0":1,"1":1,"2":1,"3":1,"4":8,"5":8,"6":8,"7":8,"8":8,"9":16,"10":2,"11":1},"f":{"0":8,"1":8,"2":16,"3":2},"b":{"0":[0]},"inputSourceMap":{"version":3,"file":"E:/smithery-tooling/smithery/smithery-core/src/Parser.ts","sources":["E:/smithery-tooling/smithery/smithery-core/src/Parser.ts"],"names":[],"mappings":";;;AACA,uCAA4C;AAC5C,mCAAmC;AAEnC;;;GAGG;AACH,MAAa,aAAa;IAGxB;QAFQ,eAAU,GAA+B,EAAE,CAAC;QAGlD,IAAI,CAAC,kBAAkB,EAAE,CAAC;IAC5B,CAAC;IAED;;OAEG;IACK,kBAAkB;QACxB,MAAM,SAAS,GAAG,IAAI,yBAAe,EAAE,CAAC;QACxC,IAAI,CAAC,SAAS,CAAC,SAAS,EAAE,gBAAQ,CAAC,IAAI,CAAC,CAAC;QACzC,IAAI,CAAC,SAAS,CAAC,SAAS,EAAE,gBAAQ,CAAC,MAAM,CAAC,CAAC;IAC7C,CAAC;IAED;;;;;OAKG;IACI,SAAS,CAAC,MAAe,EAAE,gBAAwB;QACxD,IAAI,CAAC,UAAU,CAAC,gBAAgB,CAAC,WAAW,EAAE,CAAC,GAAG,MAAM,CAAC;IAC3D,CAAC;IAED;;;;OAIG;IACI,SAAS,CAAC,mBAA2B,EAAE;QAC5C,OAAO,IAAI,CAAC,UAAU,CAAC,gBAAgB,CAAC,WAAW,EAAE,CAAC,CAAC;IACzD,CAAC;CACF;AAlCD,sCAkCC","sourcesContent":["import { IParser } from './Interfaces';\nimport { DirectoryParser } from './parsers';\nimport { FileType } from './enums';\n\n/**\n * ParserFactory, the factory implementation for the set of Parsers\n * to deliver the correct parser implementation for each type of source code\n */\nexport class ParserFactory {\n  private _parserMap: { [key: string]: IParser } = {};\n\n  constructor() {\n    this._loadDefaultParser();\n  }\n\n  /**\n   * Used at the constructor to load the directory generator for files and folders\n   */\n  private _loadDefaultParser(): void {\n    const dirParser = new DirectoryParser();\n    this.addParser(dirParser, FileType.File);\n    this.addParser(dirParser, FileType.Folder);\n  }\n\n  /**\n   * Add a new parser instance together with the correct source code assignment\n   *\n   * @param parser the parser instance to add\n   * @param sourceAssignment the source code type to distinguish between other generators\n   */\n  public addParser(parser: IParser, sourceAssignment: string): void {\n    this._parserMap[sourceAssignment.toUpperCase()] = parser;\n  }\n\n  /**\n   * Retrieve a code generator for a given code type\n   *\n   * @param sourceAssignment the identifier (file ending) for which type of source code the generator is needed\n   */\n  public getParser(sourceAssignment: string = \"\"): IParser | undefined {\n    return this._parserMap[sourceAssignment.toUpperCase()];\n  }\n}\n"]},"_coverageSchema":"1a1c01bbd47fc00a2c39e90264f33305004495a9","hash":"6c21e4672c628f6ccdd61cff33022f9dad8895b3"},"E:\\smithery-tooling\\smithery\\smithery-core\\src\\parsers\\index.ts":{"path":"E:\\smithery-tooling\\smithery\\smithery-core\\src\\parsers\\index.ts","statementMap":{"0":{"start":{"line":2,"column":0},"end":{"line":2,"column":62}},"1":{"start":{"line":3,"column":0},"end":{"line":3,"column":33}},"2":{"start":{"line":4,"column":24},"end":{"line":4,"column":52}},"3":{"start":{"line":5,"column":0},"end":{"line":5,"column":136}},"4":{"start":{"line":5,"column":89},"end":{"line":5,"column":130}}},"fnMap":{"0":{"name":"(anonymous_0)","decl":{"start":{"line":5,"column":75},"end":{"line":5,"column":76}},"loc":{"start":{"line":5,"column":87},"end":{"line":5,"column":132}},"line":5}},"branchMap":{},"s":{"0":1,"1":1,"2":1,"3":1,"4":8},"f":{"0":8},"b":{},"inputSourceMap":{"version":3,"file":"E:/smithery-tooling/smithery/smithery-core/src/parsers/index.ts","sources":["E:/smithery-tooling/smithery/smithery-core/src/parsers/index.ts"],"names":[],"mappings":";;;AAAA,qDAAoD;AAA3C,kHAAA,eAAe,OAAA","sourcesContent":["export { DirectoryParser } from './DirectoryParser';\n"]},"_coverageSchema":"1a1c01bbd47fc00a2c39e90264f33305004495a9","hash":"9e6b3822806844118781ea9737e0b545092cf71a"},"E:\\smithery-tooling\\smithery\\smithery-core\\src\\parsers\\DirectoryParser.ts":{"path":"E:\\smithery-tooling\\smithery\\smithery-core\\src\\parsers\\DirectoryParser.ts","statementMap":{"0":{"start":{"line":2,"column":0},"end":{"line":2,"column":62}},"1":{"start":{"line":3,"column":0},"end":{"line":3,"column":33}},"2":{"start":{"line":4,"column":15},"end":{"line":4,"column":39}},"3":{"start":{"line":5,"column":16},"end":{"line":5,"column":35}},"4":{"start":{"line":6,"column":13},"end":{"line":6,"column":26}},"5":{"start":{"line":7,"column":15},"end":{"line":7,"column":30}},"6":{"start":{"line":11,"column":22},"end":{"line":11,"column":38}},"7":{"start":{"line":12,"column":22},"end":{"line":12,"column":43}},"8":{"start":{"line":13,"column":23},"end":{"line":13,"column":40}},"9":{"start":{"line":14,"column":8},"end":{"line":14,"column":45}},"10":{"start":{"line":15,"column":8},"end":{"line":15,"column":34}},"11":{"start":{"line":16,"column":8},"end":{"line":21,"column":9}},"12":{"start":{"line":17,"column":12},"end":{"line":17,"column":50}},"13":{"start":{"line":20,"column":12},"end":{"line":20,"column":48}},"14":{"start":{"line":22,"column":8},"end":{"line":29,"column":9}},"15":{"start":{"line":23,"column":12},"end":{"line":23,"column":208}},"16":{"start":{"line":24,"column":12},"end":{"line":24,"column":93}},"17":{"start":{"line":27,"column":12},"end":{"line":27,"column":29}},"18":{"start":{"line":28,"column":12},"end":{"line":28,"column":38}},"19":{"start":{"line":30,"column":8},"end":{"line":38,"column":9}},"20":{"start":{"line":31,"column":12},"end":{"line":33,"column":15}},"21":{"start":{"line":32,"column":16},"end":{"line":32,"column":81}},"22":{"start":{"line":36,"column":12},"end":{"line":36,"column":81}},"23":{"start":{"line":37,"column":12},"end":{"line":37,"column":77}},"24":{"start":{"line":39,"column":8},"end":{"line":39,"column":22}},"25":{"start":{"line":42,"column":8},"end":{"line":42,"column":43}},"26":{"start":{"line":45,"column":0},"end":{"line":45,"column":42}},"27":{"start":{"line":46,"column":0},"end":{"line":49,"column":2}}},"fnMap":{"0":{"name":"(anonymous_0)","decl":{"start":{"line":9,"column":4},"end":{"line":9,"column":5}},"loc":{"start":{"line":9,"column":30},"end":{"line":40,"column":5}},"line":9},"1":{"name":"(anonymous_1)","decl":{"start":{"line":31,"column":58},"end":{"line":31,"column":59}},"loc":{"start":{"line":31,"column":69},"end":{"line":33,"column":13}},"line":31},"2":{"name":"(anonymous_2)","decl":{"start":{"line":41,"column":4},"end":{"line":41,"column":5}},"loc":{"start":{"line":41,"column":21},"end":{"line":43,"column":5}},"line":41}},"branchMap":{"0":{"loc":{"start":{"line":11,"column":22},"end":{"line":11,"column":38}},"type":"binary-expr","locations":[{"start":{"line":11,"column":22},"end":{"line":11,"column":31}},{"start":{"line":11,"column":35},"end":{"line":11,"column":38}}],"line":11},"1":{"loc":{"start":{"line":16,"column":8},"end":{"line":21,"column":9}},"type":"if","locations":[{"start":{"line":16,"column":8},"end":{"line":21,"column":9}},{"start":{"line":16,"column":8},"end":{"line":21,"column":9}}],"line":16},"2":{"loc":{"start":{"line":22,"column":8},"end":{"line":29,"column":9}},"type":"if","locations":[{"start":{"line":22,"column":8},"end":{"line":29,"column":9}},{"start":{"line":22,"column":8},"end":{"line":29,"column":9}}],"line":22},"3":{"loc":{"start":{"line":22,"column":12},"end":{"line":22,"column":76}},"type":"cond-expr","locations":[{"start":{"line":22,"column":53},"end":{"line":22,"column":59}},{"start":{"line":22,"column":62},"end":{"line":22,"column":76}}],"line":22},"4":{"loc":{"start":{"line":22,"column":12},"end":{"line":22,"column":50}},"type":"binary-expr","locations":[{"start":{"line":22,"column":12},"end":{"line":22,"column":28}},{"start":{"line":22,"column":32},"end":{"line":22,"column":50}}],"line":22},"5":{"loc":{"start":{"line":23,"column":26},"end":{"line":23,"column":207}},"type":"cond-expr","locations":[{"start":{"line":23,"column":154},"end":{"line":23,"column":193}},{"start":{"line":23,"column":196},"end":{"line":23,"column":207}}],"line":23},"6":{"loc":{"start":{"line":23,"column":27},"end":{"line":23,"column":143}},"type":"cond-expr","locations":[{"start":{"line":23,"column":127},"end":{"line":23,"column":133}},{"start":{"line":23,"column":136},"end":{"line":23,"column":143}}],"line":23},"7":{"loc":{"start":{"line":23,"column":27},"end":{"line":23,"column":124}},"type":"binary-expr","locations":[{"start":{"line":23,"column":27},"end":{"line":23,"column":107}},{"start":{"line":23,"column":111},"end":{"line":23,"column":124}}],"line":23},"8":{"loc":{"start":{"line":23,"column":33},"end":{"line":23,"column":97}},"type":"cond-expr","locations":[{"start":{"line":23,"column":74},"end":{"line":23,"column":80}},{"start":{"line":23,"column":83},"end":{"line":23,"column":97}}],"line":23},"9":{"loc":{"start":{"line":23,"column":33},"end":{"line":23,"column":71}},"type":"binary-expr","locations":[{"start":{"line":23,"column":33},"end":{"line":23,"column":49}},{"start":{"line":23,"column":53},"end":{"line":23,"column":71}}],"line":23},"10":{"loc":{"start":{"line":24,"column":28},"end":{"line":24,"column":92}},"type":"cond-expr","locations":[{"start":{"line":24,"column":69},"end":{"line":24,"column":75}},{"start":{"line":24,"column":78},"end":{"line":24,"column":92}}],"line":24},"11":{"loc":{"start":{"line":24,"column":28},"end":{"line":24,"column":66}},"type":"binary-expr","locations":[{"start":{"line":24,"column":28},"end":{"line":24,"column":44}},{"start":{"line":24,"column":48},"end":{"line":24,"column":66}}],"line":24},"12":{"loc":{"start":{"line":30,"column":8},"end":{"line":38,"column":9}},"type":"if","locations":[{"start":{"line":30,"column":8},"end":{"line":38,"column":9}},{"start":{"line":30,"column":8},"end":{"line":38,"column":9}}],"line":30}},"s":{"0":1,"1":1,"2":1,"3":1,"4":1,"5":1,"6":0,"7":0,"8":0,"9":0,"10":0,"11":0,"12":0,"13":0,"14":0,"15":0,"16":0,"17":0,"18":0,"19":0,"20":0,"21":0,"22":0,"23":0,"24":0,"25":0,"26":1,"27":1},"f":{"0":0,"1":0,"2":0},"b":{"0":[0,0],"1":[0,0],"2":[0,0],"3":[0,0],"4":[0,0],"5":[0,0],"6":[0,0],"7":[0,0],"8":[0,0],"9":[0,0],"10":[0,0],"11":[0,0],"12":[0,0]},"inputSourceMap":{"version":3,"file":"E:/smithery-tooling/smithery/smithery-core/src/parsers/DirectoryParser.ts","sources":["E:/smithery-tooling/smithery/smithery-core/src/parsers/DirectoryParser.ts"],"names":[],"mappings":";;;AACA,wCAAqC;AACrC,oCAAoC;AAEpC,2BAA0D;AAC1D,+BAA+C;AAE/C,MAAa,eAAe;IAM1B,KAAK,CAAC,SAAiB,EAAE,OAA2B;;QAClD,MAAM,KAAK,GAAG,SAAS,IAAI,GAAG,CAAC;QAC/B,MAAM,KAAK,GAAG,cAAS,CAAC,KAAK,CAAC,CAAC;QAC/B,MAAM,MAAM,GAAG,IAAI,WAAI,EAAE,CAAC;QAE1B,MAAM,CAAC,IAAI,GAAG,eAAQ,CAAC,KAAK,CAAC,CAAC;QAC9B,MAAM,CAAC,UAAU,GAAG,KAAK,CAAC;QAE1B,IAAI,KAAK,CAAC,WAAW,EAAE,EAAE;YACvB,MAAM,CAAC,IAAI,GAAG,gBAAQ,CAAC,MAAM,CAAC;SAC/B;aAAM;YACL,MAAM,CAAC,IAAI,GAAG,gBAAQ,CAAC,IAAI,CAAC;SAC7B;QAED,IAAI,OAAO,aAAP,OAAO,uBAAP,OAAO,CAAE,MAAM,EAAE;YACnB,MAAM,CAAC,IAAI,GAAG,OAAA,OAAO,aAAP,OAAO,uBAAP,OAAO,CAAE,MAAM,0CAAE,IAAI,MAAK,EAAE,CAAC,CAAC,CAAC,GAAG,OAAO,CAAC,MAAM,CAAC,IAAI,IAAI,MAAM,CAAC,IAAI,EAAE,CAAC,CAAC,CAAC,MAAM,CAAC,IAAI,CAAC;YACnG,MAAM,CAAC,MAAM,GAAG,OAAO,aAAP,OAAO,uBAAP,OAAO,CAAE,MAAM,CAAC;SACjC;aAAM;YACL,MAAM,CAAC,IAAI,GAAG,EAAE,CAAC;YACjB,MAAM,CAAC,MAAM,GAAG,SAAS,CAAC;SAC3B;QAED,IAAI,KAAK,CAAC,WAAW,EAAE,EAAE;YACvB,MAAM,CAAC,QAAQ,GAAG,gBAAW,CAAC,KAAK,CAAC,CAAC,GAAG,CAAC,CAAC,KAAa,EAAE,EAAE;gBACzD,OAAO,IAAI,CAAC,KAAK,CAAC,WAAI,CAAC,KAAK,EAAE,KAAK,CAAC,EAAE,EAAE,MAAM,EAAE,MAAM,EAAE,CAAC,CAAC;YAC5D,CAAC,CAAC,CAAC;SACJ;aAAM;YACL,MAAM,CAAC,MAAM,GAAG,cAAO,CAAC,KAAK,CAAC,CAAC,OAAO,CAAC,GAAG,EAAE,EAAE,CAAC,CAAC,WAAW,EAAE,CAAC;YAC9D,MAAM,CAAC,OAAO,GAAG,iBAAY,CAAC,KAAK,EAAE,EAAE,QAAQ,EAAE,OAAO,EAAE,CAAC,CAAC;SAC7D;QAED,OAAO,MAAM,CAAC;IAChB,CAAC;IAED,cAAc;QACZ,OAAO,eAAe,CAAC,WAAW,CAAC;IACrC,CAAC;;AA1CH,0CA2CC;AA1CgB,2BAAW,GAAgC;IACxD,MAAM,EAAE,CAAC,UAAU,CAAC;IACpB,IAAI,EAAE,EAAE;CACT,CAAC","sourcesContent":["import { IParser } from '../Interfaces';\nimport { Node } from '../utils/Node';\nimport { FileType } from '../enums';\n\nimport { lstatSync, readdirSync, readFileSync } from 'fs';\nimport { join, extname, basename } from 'path';\n\nexport class DirectoryParser implements IParser {\n  private static visitorKeys: { [key: string]: string[] } = {\n    Folder: ['children'],\n    File: [],\n  };\n\n  parse(sFilePath: string, options?: { parent?: Node }): Node {\n    const route = sFilePath || '.';\n    const stats = lstatSync(route);\n    const oToken = new Node();\n\n    oToken.name = basename(route);\n    oToken.sourcePath = route;\n\n    if (stats.isDirectory()) {\n      oToken.type = FileType.Folder;\n    } else {\n      oToken.type = FileType.File;\n    }\n\n    if (options?.parent) {\n      oToken.path = options?.parent?.path !== '' ? `${options.parent.path}.${oToken.type}` : oToken.type;\n      oToken.parent = options?.parent;\n    } else {\n      oToken.path = '';\n      oToken.parent = undefined;\n    }\n\n    if (stats.isDirectory()) {\n      oToken.children = readdirSync(route).map((child: string) => {\n        return this.parse(join(route, child), { parent: oToken });\n      });\n    } else {\n      oToken.ending = extname(route).replace('.', '').toUpperCase();\n      oToken.content = readFileSync(route, { encoding: 'utf-8' });\n    }\n\n    return oToken;\n  }\n\n  getVisitorKeys(): { [key: string]: string[] } {\n    return DirectoryParser.visitorKeys;\n  }\n}\n"]},"_coverageSchema":"1a1c01bbd47fc00a2c39e90264f33305004495a9","hash":"e14ffc328e5dcf8960fe87f88669a514df364c8e"},"E:\\smithery-tooling\\smithery\\smithery-core\\src\\utils\\Node.ts":{"path":"E:\\smithery-tooling\\smithery\\smithery-core\\src\\utils\\Node.ts","statementMap":{"0":{"start":{"line":2,"column":0},"end":{"line":2,"column":62}},"1":{"start":{"line":3,"column":0},"end":{"line":3,"column":22}},"2":{"start":{"line":9,"column":8},"end":{"line":9,"column":23}},"3":{"start":{"line":10,"column":8},"end":{"line":10,"column":23}},"4":{"start":{"line":11,"column":8},"end":{"line":11,"column":21}},"5":{"start":{"line":13,"column":8},"end":{"line":13,"column":23}},"6":{"start":{"line":14,"column":8},"end":{"line":14,"column":23}},"7":{"start":{"line":15,"column":8},"end":{"line":15,"column":29}},"8":{"start":{"line":16,"column":8},"end":{"line":16,"column":32}},"9":{"start":{"line":17,"column":8},"end":{"line":17,"column":29}},"10":{"start":{"line":18,"column":8},"end":{"line":18,"column":25}},"11":{"start":{"line":21,"column":8},"end":{"line":21,"column":40}},"12":{"start":{"line":24,"column":8},"end":{"line":24,"column":41}},"13":{"start":{"line":27,"column":22},"end":{"line":27,"column":32}},"14":{"start":{"line":28,"column":8},"end":{"line":28,"column":31}},"15":{"start":{"line":29,"column":8},"end":{"line":29,"column":33}},"16":{"start":{"line":30,"column":8},"end":{"line":30,"column":29}},"17":{"start":{"line":31,"column":8},"end":{"line":31,"column":31}},"18":{"start":{"line":32,"column":8},"end":{"line":32,"column":31}},"19":{"start":{"line":33,"column":8},"end":{"line":33,"column":43}},"20":{"start":{"line":34,"column":8},"end":{"line":34,"column":35}},"21":{"start":{"line":35,"column":8},"end":{"line":35,"column":39}},"22":{"start":{"line":36,"column":8},"end":{"line":36,"column":35}},"23":{"start":{"line":37,"column":8},"end":{"line":37,"column":37}},"24":{"start":{"line":38,"column":8},"end":{"line":38,"column":45}},"25":{"start":{"line":39,"column":8},"end":{"line":41,"column":11}},"26":{"start":{"line":40,"column":12},"end":{"line":40,"column":60}},"27":{"start":{"line":42,"column":8},"end":{"line":42,"column":21}},"28":{"start":{"line":45,"column":0},"end":{"line":45,"column":20}}},"fnMap":{"0":{"name":"(anonymous_0)","decl":{"start":{"line":8,"column":4},"end":{"line":8,"column":5}},"loc":{"start":{"line":8,"column":21},"end":{"line":19,"column":5}},"line":8},"1":{"name":"(anonymous_1)","decl":{"start":{"line":20,"column":4},"end":{"line":20,"column":5}},"loc":{"start":{"line":20,"column":26},"end":{"line":22,"column":5}},"line":20},"2":{"name":"(anonymous_2)","decl":{"start":{"line":23,"column":4},"end":{"line":23,"column":5}},"loc":{"start":{"line":23,"column":33},"end":{"line":25,"column":5}},"line":23},"3":{"name":"(anonymous_3)","decl":{"start":{"line":26,"column":4},"end":{"line":26,"column":5}},"loc":{"start":{"line":26,"column":12},"end":{"line":43,"column":5}},"line":26},"4":{"name":"(anonymous_4)","decl":{"start":{"line":39,"column":45},"end":{"line":39,"column":46}},"loc":{"start":{"line":39,"column":54},"end":{"line":41,"column":9}},"line":39}},"branchMap":{},"s":{"0":1,"1":1,"2":15,"3":15,"4":15,"5":15,"6":15,"7":15,"8":15,"9":15,"10":15,"11":9,"12":6,"13":1,"14":1,"15":1,"16":1,"17":1,"18":1,"19":1,"20":1,"21":1,"22":1,"23":1,"24":1,"25":1,"26":1,"27":1,"28":1},"f":{"0":15,"1":9,"2":6,"3":1,"4":1},"b":{},"inputSourceMap":{"version":3,"file":"E:/smithery-tooling/smithery/smithery-core/src/utils/Node.ts","sources":["E:/smithery-tooling/smithery/smithery-core/src/utils/Node.ts"],"names":[],"mappings":";;;AAEA;;GAEG;AACH,MAAa,IAAI;IAkBf,YAAY,GAAY;QAjBjB,SAAI,GAAW,EAAE,CAAC;QAClB,UAAK,GAAuB,CAAC,CAAC;QAC9B,QAAG,GAAW,CAAC,CAAC;QAEvB,6BAA6B;QACtB,SAAI,GAAW,EAAE,CAAC;QAClB,SAAI,GAAW,EAAE,CAAC;QAClB,eAAU,GAAW,EAAE,CAAC;QACxB,WAAM,GAAqB,SAAS,CAAC;QAOpC,eAAU,GAA2B,EAAE,CAAC;QAG9C,IAAI,CAAC,KAAK,GAAG,GAAG,CAAC;IACnB,CAAC;IAED,YAAY,CAAC,OAAe;QAC1B,OAAO,IAAI,CAAC,UAAU,CAAC,OAAO,CAAC,CAAC;IAClC,CAAC;IAED,YAAY,CAAC,OAAe,EAAE,KAAkE;QAC9F,IAAI,CAAC,UAAU,CAAC,OAAO,CAAC,GAAG,KAAK,CAAC;IACnC,CAAC;IAEM,KAAK;QACV,MAAM,KAAK,GAAG,IAAI,IAAI,EAAE,CAAC;QACzB,KAAK,CAAC,IAAI,GAAG,IAAI,CAAC,IAAI,CAAC;QACvB,KAAK,CAAC,KAAK,GAAG,IAAI,CAAC,KAAK,CAAC;QACzB,KAAK,CAAC,GAAG,GAAG,IAAI,CAAC,GAAG,CAAC;QAErB,KAAK,CAAC,IAAI,GAAG,IAAI,CAAC,IAAI,CAAC;QACvB,KAAK,CAAC,IAAI,GAAG,IAAI,CAAC,IAAI,CAAC;QACvB,KAAK,CAAC,UAAU,GAAG,IAAI,CAAC,UAAU,CAAC;QACnC,KAAK,CAAC,MAAM,GAAG,IAAI,CAAC,MAAM,CAAC;QAC3B,KAAK,CAAC,QAAQ,GAAG,IAAI,CAAC,QAAQ,CAAC;QAC/B,KAAK,CAAC,MAAM,GAAG,IAAI,CAAC,MAAM,CAAC;QAC3B,KAAK,CAAC,OAAO,GAAG,IAAI,CAAC,OAAO,CAAC;QAC7B,KAAK,CAAC,WAAW,GAAG,IAAI,CAAC,WAAW,CAAC;QACrC,MAAM,CAAC,IAAI,CAAC,IAAI,CAAC,UAAU,CAAC,CAAC,OAAO,CAAC,CAAC,GAAG,EAAE,EAAE;YAC3C,KAAK,CAAC,YAAY,CAAC,GAAG,EAAE,IAAI,CAAC,YAAY,CAAC,GAAG,CAAC,CAAC,CAAC;QAClD,CAAC,CAAC,CAAC;QACH,OAAO,KAAK,CAAC;IACf,CAAC;CACF;AAjDD,oBAiDC","sourcesContent":["\n\n/**\n * @todo remove later on or take it to the core implementation\n */\nexport class Node {\n  public type: string = '';\n  public start: number | undefined = 0;\n  public end: number = 0;\n\n  /*intermediate definitions */\n  public name: string = '';\n  public path: string = '';\n  public sourcePath: string = '';\n  public parent: Node | undefined = undefined;\n  public children?: Node[];\n  public ending?: string;\n  public content?: string;\n  public featureName?: string;\n  [key: string]: any;\n\n  private attributes: { [key: string]: any } = {};\n\n  constructor(pos?: number) {\n    this.start = pos;\n  }\n\n  getAttribute(attName: string): any | undefined {\n    return this.attributes[attName];\n  }\n\n  setAttribute(attName: string, value: number | string | boolean | number[] | boolean[] | string[]): void {\n    this.attributes[attName] = value;\n  }\n\n  public clone(): Node {\n    const clone = new Node();\n    clone.type = this.type;\n    clone.start = this.start;\n    clone.end = this.end;\n\n    clone.name = this.name;\n    clone.path = this.path;\n    clone.sourcePath = this.sourcePath;\n    clone.parent = this.parent;\n    clone.children = this.children;\n    clone.ending = this.ending;\n    clone.content = this.content;\n    clone.featureName = this.featureName;\n    Object.keys(this.attributes).forEach((key) => {\n      clone.setAttribute(key, this.getAttribute(key));\n    });\n    return clone;\n  }\n}"]},"_coverageSchema":"1a1c01bbd47fc00a2c39e90264f33305004495a9","hash":"f91f6ace191abf8ada2c247cdbdff002d86afe03"},"E:\\smithery-tooling\\smithery\\smithery-core\\src\\RuleSet.ts":{"path":"E:\\smithery-tooling\\smithery\\smithery-core\\src\\RuleSet.ts","statementMap":{"0":{"start":{"line":2,"column":0},"end":{"line":2,"column":62}},"1":{"start":{"line":3,"column":0},"end":{"line":3,"column":25}},"2":{"start":{"line":4,"column":16},"end":{"line":4,"column":34}},"3":{"start":{"line":5,"column":15},"end":{"line":5,"column":32}},"4":{"start":{"line":8,"column":8},"end":{"line":8,"column":33}},"5":{"start":{"line":9,"column":8},"end":{"line":9,"column":25}},"6":{"start":{"line":10,"column":8},"end":{"line":15,"column":9}},"7":{"start":{"line":11,"column":12},"end":{"line":11,"column":32}},"8":{"start":{"line":14,"column":12},"end":{"line":14,"column":37}},"9":{"start":{"line":18,"column":29},"end":{"line":18,"column":49}},"10":{"start":{"line":19,"column":8},"end":{"line":19,"column":68}},"11":{"start":{"line":19,"column":47},"end":{"line":19,"column":66}},"12":{"start":{"line":22,"column":8},"end":{"line":22,"column":48}},"13":{"start":{"line":25,"column":8},"end":{"line":25,"column":81}},"14":{"start":{"line":25,"column":59},"end":{"line":25,"column":78}},"15":{"start":{"line":28,"column":8},"end":{"line":28,"column":27}},"16":{"start":{"line":31,"column":8},"end":{"line":31,"column":40}},"17":{"start":{"line":34,"column":8},"end":{"line":34,"column":35}},"18":{"start":{"line":37,"column":26},"end":{"line":37,"column":37}},"19":{"start":{"line":38,"column":8},"end":{"line":40,"column":9}},"20":{"start":{"line":39,"column":12},"end":{"line":39,"column":99}},"21":{"start":{"line":39,"column":55},"end":{"line":39,"column":97}},"22":{"start":{"line":41,"column":31},"end":{"line":41,"column":97}},"23":{"start":{"line":41,"column":60},"end":{"line":41,"column":96}},"24":{"start":{"line":42,"column":8},"end":{"line":45,"column":9}},"25":{"start":{"line":44,"column":12},"end":{"line":44,"column":133}},"26":{"start":{"line":46,"column":8},"end":{"line":46,"column":33}},"27":{"start":{"line":49,"column":0},"end":{"line":49,"column":26}}},"fnMap":{"0":{"name":"(anonymous_0)","decl":{"start":{"line":7,"column":4},"end":{"line":7,"column":5}},"loc":{"start":{"line":7,"column":23},"end":{"line":16,"column":5}},"line":7},"1":{"name":"(anonymous_1)","decl":{"start":{"line":17,"column":4},"end":{"line":17,"column":5}},"loc":{"start":{"line":17,"column":24},"end":{"line":20,"column":5}},"line":17},"2":{"name":"(anonymous_2)","decl":{"start":{"line":19,"column":39},"end":{"line":19,"column":40}},"loc":{"start":{"line":19,"column":47},"end":{"line":19,"column":66}},"line":19},"3":{"name":"(anonymous_3)","decl":{"start":{"line":21,"column":4},"end":{"line":21,"column":5}},"loc":{"start":{"line":21,"column":18},"end":{"line":23,"column":5}},"line":21},"4":{"name":"(anonymous_4)","decl":{"start":{"line":24,"column":4},"end":{"line":24,"column":5}},"loc":{"start":{"line":24,"column":28},"end":{"line":26,"column":5}},"line":24},"5":{"name":"(anonymous_5)","decl":{"start":{"line":25,"column":51},"end":{"line":25,"column":52}},"loc":{"start":{"line":25,"column":59},"end":{"line":25,"column":78}},"line":25},"6":{"name":"(anonymous_6)","decl":{"start":{"line":27,"column":4},"end":{"line":27,"column":5}},"loc":{"start":{"line":27,"column":15},"end":{"line":29,"column":5}},"line":27},"7":{"name":"(anonymous_7)","decl":{"start":{"line":30,"column":4},"end":{"line":30,"column":5}},"loc":{"start":{"line":30,"column":11},"end":{"line":32,"column":5}},"line":30},"8":{"name":"(anonymous_8)","decl":{"start":{"line":33,"column":4},"end":{"line":33,"column":5}},"loc":{"start":{"line":33,"column":31},"end":{"line":35,"column":5}},"line":33},"9":{"name":"(anonymous_9)","decl":{"start":{"line":36,"column":4},"end":{"line":36,"column":5}},"loc":{"start":{"line":36,"column":41},"end":{"line":47,"column":5}},"line":36},"10":{"name":"(anonymous_10)","decl":{"start":{"line":39,"column":45},"end":{"line":39,"column":46}},"loc":{"start":{"line":39,"column":55},"end":{"line":39,"column":97}},"line":39},"11":{"name":"(anonymous_11)","decl":{"start":{"line":41,"column":50},"end":{"line":41,"column":51}},"loc":{"start":{"line":41,"column":60},"end":{"line":41,"column":96}},"line":41}},"branchMap":{"0":{"loc":{"start":{"line":10,"column":8},"end":{"line":15,"column":9}},"type":"if","locations":[{"start":{"line":10,"column":8},"end":{"line":15,"column":9}},{"start":{"line":10,"column":8},"end":{"line":15,"column":9}}],"line":10},"1":{"loc":{"start":{"line":10,"column":12},"end":{"line":10,"column":37}},"type":"binary-expr","locations":[{"start":{"line":10,"column":12},"end":{"line":10,"column":17}},{"start":{"line":10,"column":21},"end":{"line":10,"column":37}}],"line":10},"2":{"loc":{"start":{"line":33,"column":20},"end":{"line":33,"column":29}},"type":"default-arg","locations":[{"start":{"line":33,"column":27},"end":{"line":33,"column":29}}],"line":33},"3":{"loc":{"start":{"line":38,"column":8},"end":{"line":40,"column":9}},"type":"if","locations":[{"start":{"line":38,"column":8},"end":{"line":40,"column":9}},{"start":{"line":38,"column":8},"end":{"line":40,"column":9}}],"line":38},"4":{"loc":{"start":{"line":42,"column":8},"end":{"line":45,"column":9}},"type":"if","locations":[{"start":{"line":42,"column":8},"end":{"line":45,"column":9}},{"start":{"line":42,"column":8},"end":{"line":45,"column":9}}],"line":42}},"s":{"0":1,"1":1,"2":1,"3":1,"4":14,"5":14,"6":14,"7":1,"8":13,"9":13,"10":13,"11":13,"12":3,"13":1,"14":3,"15":5,"16":1,"17":3,"18":4,"19":4,"20":2,"21":4,"22":4,"23":6,"24":4,"25":0,"26":4,"27":1},"f":{"0":14,"1":13,"2":13,"3":3,"4":1,"5":3,"6":5,"7":1,"8":3,"9":4,"10":4,"11":6},"b":{"0":[1,13],"1":[14,1],"2":[1],"3":[2,2],"4":[0,4]},"inputSourceMap":{"version":3,"file":"E:/smithery-tooling/smithery/smithery-core/src/RuleSet.ts","sources":["E:/smithery-tooling/smithery/smithery-core/src/RuleSet.ts"],"names":[],"mappings":";;;AAEA,mCAAqC;AACrC,iCAA8B;AAE9B,MAAa,OAAO;IAIlB,YAAY,KAAc;QAHlB,mBAAc,GAAW,EAAE,CAAC;QAC5B,WAAM,GAAW,EAAE,CAAC;QAG1B,IAAI,KAAK,IAAI,KAAK,CAAC,MAAM,GAAG,CAAC,EAAE;YAC7B,IAAI,CAAC,MAAM,GAAG,KAAK,CAAC;SACrB;aAAM;YACL,IAAI,CAAC,iBAAiB,EAAE,CAAC;SAC1B;IACH,CAAC;IAEO,iBAAiB;QACvB,MAAM,YAAY,GAAY,CAAC,kBAAU,CAAC,CAAC;QAC3C,IAAI,CAAC,MAAM,GAAG,YAAY,CAAC,GAAG,CAAC,CAAC,EAAE,EAAE,EAAE,CAAC,IAAI,WAAI,CAAC,EAAE,CAAC,CAAC,CAAC;IACvD,CAAC;IAEM,OAAO,CAAC,IAAW;QACxB,IAAI,CAAC,MAAM,CAAC,IAAI,CAAC,IAAI,WAAI,CAAC,IAAI,CAAC,CAAC,CAAC;IACnC,CAAC;IAEM,gBAAgB,CAAC,KAAc;QACpC,IAAI,CAAC,MAAM,GAAG,IAAI,CAAC,MAAM,CAAC,MAAM,CAAC,KAAK,CAAC,GAAG,CAAC,CAAC,EAAE,EAAE,EAAE,CAAC,IAAI,WAAI,CAAC,EAAE,CAAC,CAAC,CAAC,CAAC;IACpE,CAAC;IAEM,QAAQ;QACb,OAAO,IAAI,CAAC,MAAM,CAAC;IACrB,CAAC;IAEM,IAAI;QACT,OAAO,IAAI,OAAO,CAAC,IAAI,CAAC,MAAM,CAAC,CAAC;IAClC,CAAC;IAEM,eAAe,CAAC,OAAe,EAAE;QACtC,IAAI,CAAC,cAAc,GAAG,IAAI,CAAC;IAC7B,CAAC;IAEM,eAAe,CAAC,OAAa,EAAE,UAAgB;QACpD,IAAI,WAAW,GAAG,IAAI,CAAC,MAAM,CAAC;QAC9B,IAAI,IAAI,CAAC,cAAc,KAAK,EAAE,EAAE;YAC9B,WAAW,GAAG,WAAW,CAAC,MAAM,CAAC,CAAC,IAAI,EAAE,EAAE,CAAC,IAAI,CAAC,gBAAgB,CAAC,IAAI,CAAC,cAAc,CAAC,CAAC,CAAC;SACxF;QAED,MAAM,cAAc,GAAG,WAAW,CAAC,MAAM,CAAC,CAAC,IAAI,EAAE,EAAE,CAAC,IAAI,CAAC,UAAU,CAAC,OAAO,EAAE,UAAU,CAAC,CAAC,CAAC;QAC1F,IAAI,cAAc,CAAC,MAAM,GAAG,CAAC,EAAE;YAC7B,uCAAuC;YACvC,OAAO,CAAC,IAAI,CACV,0GAA0G,CAC3G,CAAC;SACH;QAED,OAAO,cAAc,CAAC,CAAC,CAAC,CAAC;IAC3B,CAAC;CACF;AArDD,0BAqDC","sourcesContent":["import { IRule } from './Interfaces';\nimport { Node } from './utils/Node';\nimport { fileImpose } from './rules';\nimport { Rule } from './Rule';\n\nexport class RuleSet {\n  private _languageLimit: string = '';\n  private _rules: Rule[] = [];\n\n  constructor(rules?: Rule[]) {\n    if (rules && rules.length > 0) {\n      this._rules = rules;\n    } else {\n      this._loadDefaultRules();\n    }\n  }\n\n  private _loadDefaultRules(): void {\n    const rulePatterns: IRule[] = [fileImpose];\n    this._rules = rulePatterns.map((rp) => new Rule(rp));\n  }\n\n  public addRule(rule: IRule): void {\n    this._rules.push(new Rule(rule));\n  }\n\n  public addMultipleRules(rules: IRule[]): void {\n    this._rules = this._rules.concat(rules.map((rp) => new Rule(rp)));\n  }\n\n  public getRules(): Rule[] {\n    return this._rules;\n  }\n\n  public copy(): RuleSet {\n    return new RuleSet(this._rules);\n  }\n\n  public limitToLanguage(lang: string = ''): void {\n    this._languageLimit = lang;\n  }\n\n  public getMatchingRule(baseFST: Node, featureFST: Node): Rule | undefined {\n    let aUsageRules = this._rules;\n    if (this._languageLimit !== '') {\n      aUsageRules = aUsageRules.filter((rule) => rule.supportsLanguage(this._languageLimit));\n    }\n\n    const resultingRules = aUsageRules.filter((rule) => rule.isMatching(baseFST, featureFST));\n    if (resultingRules.length > 1) {\n      // tslint:disable-next-line: no-console\n      console.warn(\n        'More than one rule is matching! Taking the first one to proceed. Result can differ from expected Result.',\n      );\n    }\n\n    return resultingRules[0];\n  }\n}\n"]},"_coverageSchema":"1a1c01bbd47fc00a2c39e90264f33305004495a9","hash":"2313a1d2f567a0b7da8038f0b16dd7298c751cfd"},"E:\\smithery-tooling\\smithery\\smithery-core\\src\\rules\\index.ts":{"path":"E:\\smithery-tooling\\smithery\\smithery-core\\src\\rules\\index.ts","statementMap":{"0":{"start":{"line":2,"column":0},"end":{"line":2,"column":62}},"1":{"start":{"line":3,"column":0},"end":{"line":3,"column":28}},"2":{"start":{"line":4,"column":20},"end":{"line":4,"column":44}},"3":{"start":{"line":5,"column":0},"end":{"line":5,"column":116}},"4":{"start":{"line":5,"column":84},"end":{"line":5,"column":110}}},"fnMap":{"0":{"name":"(anonymous_0)","decl":{"start":{"line":5,"column":70},"end":{"line":5,"column":71}},"loc":{"start":{"line":5,"column":82},"end":{"line":5,"column":112}},"line":5}},"branchMap":{},"s":{"0":1,"1":1,"2":1,"3":1,"4":13},"f":{"0":13},"b":{},"inputSourceMap":{"version":3,"file":"E:/smithery-tooling/smithery/smithery-core/src/rules/index.ts","sources":["E:/smithery-tooling/smithery/smithery-core/src/rules/index.ts"],"names":[],"mappings":";;;AAAA,6CAAmD;AAA1C,yGAAA,IAAI,OAAc","sourcesContent":["export { rule as fileImpose } from './file-impose';\n"]},"_coverageSchema":"1a1c01bbd47fc00a2c39e90264f33305004495a9","hash":"16962f225e1469ebd36b261010bc817c5fcc060a"},"E:\\smithery-tooling\\smithery\\smithery-core\\src\\rules\\file-impose.ts":{"path":"E:\\smithery-tooling\\smithery\\smithery-core\\src\\rules\\file-impose.ts","statementMap":{"0":{"start":{"line":2,"column":0},"end":{"line":2,"column":62}},"1":{"start":{"line":3,"column":0},"end":{"line":3,"column":22}},"2":{"start":{"line":4,"column":16},"end":{"line":4,"column":35}},"3":{"start":{"line":5,"column":0},"end":{"line":37,"column":2}},"4":{"start":{"line":9,"column":27},"end":{"line":9,"column":79}},"5":{"start":{"line":10,"column":30},"end":{"line":10,"column":85}},"6":{"start":{"line":11,"column":8},"end":{"line":13,"column":9}},"7":{"start":{"line":12,"column":12},"end":{"line":12,"column":108}},"8":{"start":{"line":14,"column":8},"end":{"line":16,"column":9}},"9":{"start":{"line":15,"column":12},"end":{"line":15,"column":99}},"10":{"start":{"line":17,"column":24},"end":{"line":17,"column":156}},"11":{"start":{"line":18,"column":27},"end":{"line":18,"column":165}},"12":{"start":{"line":19,"column":8},"end":{"line":21,"column":9}},"13":{"start":{"line":20,"column":12},"end":{"line":20,"column":68}},"14":{"start":{"line":22,"column":8},"end":{"line":22,"column":50}},"15":{"start":{"line":23,"column":8},"end":{"line":23,"column":56}},"16":{"start":{"line":25,"column":29},"end":{"line":25,"column":93}},"17":{"start":{"line":27,"column":30},"end":{"line":27,"column":48}},"18":{"start":{"line":28,"column":33},"end":{"line":28,"column":94}},"19":{"start":{"line":29,"column":8},"end":{"line":31,"column":9}},"20":{"start":{"line":30,"column":12},"end":{"line":30,"column":83}},"21":{"start":{"line":32,"column":8},"end":{"line":32,"column":72}},"22":{"start":{"line":33,"column":8},"end":{"line":33,"column":29}}},"fnMap":{"0":{"name":"(anonymous_0)","decl":{"start":{"line":6,"column":11},"end":{"line":6,"column":12}},"loc":{"start":{"line":6,"column":45},"end":{"line":34,"column":5}},"line":6}},"branchMap":{"0":{"loc":{"start":{"line":11,"column":8},"end":{"line":13,"column":9}},"type":"if","locations":[{"start":{"line":11,"column":8},"end":{"line":13,"column":9}},{"start":{"line":11,"column":8},"end":{"line":13,"column":9}}],"line":11},"1":{"loc":{"start":{"line":11,"column":12},"end":{"line":11,"column":41}},"type":"binary-expr","locations":[{"start":{"line":11,"column":12},"end":{"line":11,"column":23}},{"start":{"line":11,"column":27},"end":{"line":11,"column":41}}],"line":11},"2":{"loc":{"start":{"line":14,"column":8},"end":{"line":16,"column":9}},"type":"if","locations":[{"start":{"line":14,"column":8},"end":{"line":16,"column":9}},{"start":{"line":14,"column":8},"end":{"line":16,"column":9}}],"line":14},"3":{"loc":{"start":{"line":14,"column":12},"end":{"line":14,"column":51}},"type":"binary-expr","locations":[{"start":{"line":14,"column":12},"end":{"line":14,"column":28}},{"start":{"line":14,"column":32},"end":{"line":14,"column":51}}],"line":14},"4":{"loc":{"start":{"line":17,"column":24},"end":{"line":17,"column":156}},"type":"cond-expr","locations":[{"start":{"line":17,"column":112},"end":{"line":17,"column":118}},{"start":{"line":17,"column":121},"end":{"line":17,"column":156}}],"line":17},"5":{"loc":{"start":{"line":17,"column":24},"end":{"line":17,"column":109}},"type":"binary-expr","locations":[{"start":{"line":17,"column":24},"end":{"line":17,"column":92}},{"start":{"line":17,"column":96},"end":{"line":17,"column":109}}],"line":17},"6":{"loc":{"start":{"line":17,"column":130},"end":{"line":17,"column":151}},"type":"binary-expr","locations":[{"start":{"line":17,"column":130},"end":{"line":17,"column":145}},{"start":{"line":17,"column":149},"end":{"line":17,"column":151}}],"line":17},"7":{"loc":{"start":{"line":18,"column":27},"end":{"line":18,"column":165}},"type":"cond-expr","locations":[{"start":{"line":18,"column":118},"end":{"line":18,"column":124}},{"start":{"line":18,"column":127},"end":{"line":18,"column":165}}],"line":18},"8":{"loc":{"start":{"line":18,"column":27},"end":{"line":18,"column":115}},"type":"binary-expr","locations":[{"start":{"line":18,"column":27},"end":{"line":18,"column":98}},{"start":{"line":18,"column":102},"end":{"line":18,"column":115}}],"line":18},"9":{"loc":{"start":{"line":18,"column":136},"end":{"line":18,"column":160}},"type":"binary-expr","locations":[{"start":{"line":18,"column":136},"end":{"line":18,"column":154}},{"start":{"line":18,"column":158},"end":{"line":18,"column":160}}],"line":18},"10":{"loc":{"start":{"line":19,"column":8},"end":{"line":21,"column":9}},"type":"if","locations":[{"start":{"line":19,"column":8},"end":{"line":21,"column":9}},{"start":{"line":19,"column":8},"end":{"line":21,"column":9}}],"line":19},"11":{"loc":{"start":{"line":19,"column":12},"end":{"line":19,"column":35}},"type":"binary-expr","locations":[{"start":{"line":19,"column":12},"end":{"line":19,"column":20}},{"start":{"line":19,"column":24},"end":{"line":19,"column":35}}],"line":19},"12":{"loc":{"start":{"line":29,"column":8},"end":{"line":31,"column":9}},"type":"if","locations":[{"start":{"line":29,"column":8},"end":{"line":31,"column":9}},{"start":{"line":29,"column":8},"end":{"line":31,"column":9}}],"line":29}},"s":{"0":1,"1":1,"2":1,"3":1,"4":0,"5":0,"6":0,"7":0,"8":0,"9":0,"10":0,"11":0,"12":0,"13":0,"14":0,"15":0,"16":0,"17":0,"18":0,"19":0,"20":0,"21":0,"22":0},"f":{"0":0},"b":{"0":[0,0],"1":[0,0],"2":[0,0],"3":[0,0],"4":[0,0],"5":[0,0],"6":[0,0],"7":[0,0],"8":[0,0],"9":[0,0],"10":[0,0],"11":[0,0],"12":[0,0]},"inputSourceMap":{"version":3,"file":"E:/smithery-tooling/smithery/smithery-core/src/rules/file-impose.ts","sources":["E:/smithery-tooling/smithery/smithery-core/src/rules/file-impose.ts"],"names":[],"mappings":";;;AAEA,oCAAoC;AAGvB,QAAA,IAAI,GAAU;IACzB,KAAK,EAAE,CAAC,OAAa,EAAE,UAAgB,EAAE,OAAgB,EAAQ,EAAE;;QACjE,4EAA4E;QAC5E,MAAM,UAAU,GAAG,OAAO,CAAC,gBAAgB,EAAE,CAAC,SAAS,CAAC,OAAO,CAAC,MAAM,CAAC,CAAC;QACxE,MAAM,aAAa,GAAG,OAAO,CAAC,gBAAgB,EAAE,CAAC,SAAS,CAAC,UAAU,CAAC,MAAM,CAAC,CAAC;QAE9E,IAAI,CAAC,UAAU,IAAI,CAAC,aAAa,EAAE;YACjC,MAAM,IAAI,KAAK,CAAC,8EAA8E,CAAC,CAAC;SACjG;QAED,IAAI,CAAC,OAAO,CAAC,OAAO,IAAI,CAAC,UAAU,CAAC,OAAO,EAAE;YAC3C,MAAM,IAAI,KAAK,CAAC,qEAAqE,CAAC,CAAC;SACxF;QAED,MAAM,OAAO,SAAG,OAAO,CAAC,gBAAgB,EAAE,CAAC,SAAS,CAAC,OAAO,CAAC,MAAM,CAAC,0CAAE,KAAK,CAAC,OAAO,CAAC,OAAO,IAAI,EAAE,EAAE,EAAE,CAAC,CAAC;QACvG,MAAM,UAAU,SAAG,OAAO,CAAC,gBAAgB,EAAE,CAAC,SAAS,CAAC,UAAU,CAAC,MAAM,CAAC,0CAAE,KAAK,CAAC,UAAU,CAAC,OAAO,IAAI,EAAE,EAAE,EAAE,CAAC,CAAC;QAEhH,IAAI,CAAC,OAAO,IAAI,CAAC,UAAU,EAAE;YAC3B,MAAM,IAAI,KAAK,CAAC,sCAAsC,CAAC,CAAA;SACxD;QAED,OAAO,CAAC,WAAW,GAAG,OAAO,CAAC,WAAW,CAAC;QAC1C,UAAU,CAAC,WAAW,GAAG,UAAU,CAAC,WAAW,CAAC;QAEhD,4BAA4B;QAC5B,MAAM,YAAY,GAAG,OAAO,CAAC,MAAM,CACjC,OAAO,EACP,UAAU,EACV,UAAU,CAAC,cAAc,EAAE,CAC5B,CAAC;QAEF,8CAA8C;QAC9C,MAAM,aAAa,GAAG,UAAU,CAAC,KAAK,EAAE,CAAC;QACzC,MAAM,gBAAgB,GAAG,OAAO,CAAC,mBAAmB,EAAE,CAAC,YAAY,CAAC,UAAU,CAAC,MAAM,CAAC,CAAC;QACvF,IAAI,CAAC,gBAAgB,EAAE;YAAE,MAAM,IAAI,KAAK,CAAC,qDAAqD,CAAC,CAAC;SAAE;QAClG,aAAa,CAAC,OAAO,GAAG,gBAAgB,CAAC,QAAQ,CAAC,YAAY,CAAC,CAAC;QAChE,OAAO,aAAa,CAAC;IACvB,CAAC;IACD,MAAM,EAAE,CAAC,gBAAQ,CAAC,IAAI,EAAE,gBAAQ,CAAC,MAAM,CAAC;IACxC,QAAQ,EAAE,GAAG,gBAAQ,CAAC,IAAI,UAAU;CACrC,CAAC","sourcesContent":["import { IRule } from '../Interfaces';\nimport { Node } from '../utils/Node';\nimport { FileType } from '../enums';\nimport { Imposer } from '../Imposer';\n\nexport const rule: IRule = {\n  apply: (baseFST: Node, featureFST: Node, context: Imposer): Node => {\n    // 1. first step, parse the different files to get thier AST representations\n    const baseParser = context.getParserFactory().getParser(baseFST.ending);\n    const featureParser = context.getParserFactory().getParser(featureFST.ending);\n\n    if (!baseParser || !featureParser) {\n      throw new Error('Base-FeatureTree-Parser and Feature-FeatureTree-Parser not correctly defined');\n    }\n\n    if (!baseFST.content || !featureFST.content) {\n      throw new Error('BaseFeatureTree and FeatureFeatureTree does not contain source code');\n    }\n\n    const baseAST = context.getParserFactory().getParser(baseFST.ending)?.parse(baseFST.content || \"\", {});\n    const featureAST = context.getParserFactory().getParser(featureFST.ending)?.parse(featureFST.content || \"\", {});\n\n    if (!baseAST || !featureAST) {\n      throw new Error('BaseAST and FeatureAST not available')\n    }\n\n    baseAST.featureName = baseFST.featureName;\n    featureAST.featureName = featureFST.featureName;\n\n    // 2. impose both structures\n    const resultingAST = context.impose(\n      baseAST,\n      featureAST,\n      baseParser.getVisitorKeys(),\n    );\n\n    // 3. recreate the node for further processing\n    const returningNode = featureFST.clone();\n    const featureGenerator = context.getGeneratorFactory().getGenerator(featureFST.ending);\n    if (!featureGenerator) { throw new Error('No suitable Generator available for feature context'); }\n    returningNode.content = featureGenerator.generate(resultingAST);\n    return returningNode;\n  },\n  target: [FileType.File, FileType.Folder],\n  selector: `${FileType.File}[ending]`,\n};\n"]},"_coverageSchema":"1a1c01bbd47fc00a2c39e90264f33305004495a9","hash":"6a947a242bd0e1a486ee04a94ec2377a8bd81929"},"E:\\smithery-tooling\\smithery\\smithery-core\\src\\Rule.ts":{"path":"E:\\smithery-tooling\\smithery\\smithery-core\\src\\Rule.ts","statementMap":{"0":{"start":{"line":2,"column":0},"end":{"line":2,"column":62}},"1":{"start":{"line":3,"column":0},"end":{"line":3,"column":22}},"2":{"start":{"line":4,"column":16},"end":{"line":4,"column":35}},"3":{"start":{"line":7,"column":8},"end":{"line":15,"column":9}},"4":{"start":{"line":8,"column":12},"end":{"line":8,"column":44}},"5":{"start":{"line":10,"column":13},"end":{"line":15,"column":9}},"6":{"start":{"line":11,"column":12},"end":{"line":11,"column":46}},"7":{"start":{"line":14,"column":12},"end":{"line":14,"column":35}},"8":{"start":{"line":16,"column":8},"end":{"line":16,"column":39}},"9":{"start":{"line":17,"column":8},"end":{"line":17,"column":116}},"10":{"start":{"line":18,"column":8},"end":{"line":18,"column":54}},"11":{"start":{"line":19,"column":8},"end":{"line":19,"column":63}},"12":{"start":{"line":20,"column":8},"end":{"line":20,"column":73}},"13":{"start":{"line":23,"column":8},"end":{"line":23,"column":103}},"14":{"start":{"line":23,"column":47},"end":{"line":23,"column":87}},"15":{"start":{"line":27,"column":23},"end":{"line":27,"column":133}},"16":{"start":{"line":28,"column":8},"end":{"line":28,"column":22}},"17":{"start":{"line":31,"column":8},"end":{"line":31,"column":67}},"18":{"start":{"line":34,"column":24},"end":{"line":38,"column":10}},"19":{"start":{"line":39,"column":8},"end":{"line":39,"column":77}},"20":{"start":{"line":39,"column":40},"end":{"line":39,"column":75}},"21":{"start":{"line":103,"column":21},"end":{"line":115,"column":35}},"22":{"start":{"line":105,"column":12},"end":{"line":107,"column":13}},"23":{"start":{"line":106,"column":16},"end":{"line":106,"column":34}},"24":{"start":{"line":108,"column":12},"end":{"line":110,"column":13}},"25":{"start":{"line":109,"column":16},"end":{"line":109,"column":29}},"26":{"start":{"line":111,"column":12},"end":{"line":113,"column":13}},"27":{"start":{"line":112,"column":16},"end":{"line":112,"column":36}},"28":{"start":{"line":115,"column":30},"end":{"line":115,"column":34}},"29":{"start":{"line":116,"column":8},"end":{"line":116,"column":62}},"30":{"start":{"line":117,"column":27},"end":{"line":117,"column":52}},"31":{"start":{"line":118,"column":20},"end":{"line":118,"column":21}},"32":{"start":{"line":119,"column":23},"end":{"line":119,"column":25}},"33":{"start":{"line":120,"column":8},"end":{"line":140,"column":11}},"34":{"start":{"line":122,"column":12},"end":{"line":124,"column":13}},"35":{"start":{"line":123,"column":16},"end":{"line":123,"column":24}},"36":{"start":{"line":125,"column":36},"end":{"line":125,"column":93}},"37":{"start":{"line":126,"column":12},"end":{"line":126,"column":35}},"38":{"start":{"line":129,"column":12},"end":{"line":131,"column":13}},"39":{"start":{"line":130,"column":16},"e
[...]
],"line":132},"12":{"loc":{"start":{"line":134,"column":16},"end":{"line":136,"column":17}},"type":"if","locations":[{"start":{"line":134,"column":16},"end":{"line":136,"column":17}},{"start":{"line":134,"column":16},"end":{"line":136,"column":17}}],"line":134},"13":{"loc":{"start":{"line":142,"column":12},"end":{"line":144,"column":13}},"type":"if","locations":[{"start":{"line":142,"column":12},"end":{"line":144,"column":13}},{"start":{"line":142,"column":12},"end":{"line":144,"column":13}}],"line":142},"14":{"loc":{"start":{"line":157,"column":8},"end":{"line":201,"column":9}},"type":"if","locations":[{"start":{"line":157,"column":8},"end":{"line":201,"column":9}},{"start":{"line":157,"column":8},"end":{"line":201,"column":9}}],"line":157},"15":{"loc":{"start":{"line":157,"column":12},"end":{"line":157,"column":65}},"type":"binary-expr","locations":[{"start":{"line":157,"column":12},"end":{"line":157,"column":21}},{"start":{"line":157,"column":25},"end":{"line":157,"column":65}}],"line":157},"16":{"loc":{"start":{"line":159,"column":12},"end":{"line":197,"column":13}},"type":"if","locations":[{"start":{"line":159,"column":12},"end":{"line":197,"column":13}},{"start":{"line":159,"column":12},"end":{"line":197,"column":13}}],"line":159},"17":{"loc":{"start":{"line":168,"column":27},"end":{"line":168,"column":78}},"type":"binary-expr","locations":[{"start":{"line":168,"column":27},"end":{"line":168,"column":57}},{"start":{"line":168,"column":61},"end":{"line":168,"column":78}}],"line":168},"18":{"loc":{"start":{"line":169,"column":24},"end":{"line":171,"column":25}},"type":"if","locations":[{"start":{"line":169,"column":24},"end":{"line":171,"column":25}},{"start":{"line":169,"column":24},"end":{"line":171,"column":25}}],"line":169},"19":{"loc":{"start":{"line":174,"column":20},"end":{"line":176,"column":21}},"type":"if","locations":[{"start":{"line":174,"column":20},"end":{"line":176,"column":21}},{"start":{"line":174,"column":20},"end":{"line":176,"column":21}}],"line":174},"20":{"loc":{"start":{"line":179,"column":24},"end":{"line":181,"column":25}},"type":"if","locations":[{"start":{"line":179,"column":24},"end":{"line":181,"column":25}},{"start":{"line":179,"column":24},"end":{"line":181,"column":25}}],"line":179},"21":{"loc":{"start":{"line":183,"column":24},"end":{"line":185,"column":25}},"type":"if","locations":[{"start":{"line":183,"column":24},"end":{"line":185,"column":25}},{"start":{"line":183,"column":24},"end":{"line":185,"column":25}}],"line":183},"22":{"loc":{"start":{"line":183,"column":28},"end":{"line":183,"column":115}},"type":"binary-expr","locations":[{"start":{"line":183,"column":28},"end":{"line":183,"column":56}},{"start":{"line":183,"column":60},"end":{"line":183,"column":115}}],"line":183},"23":{"loc":{"start":{"line":186,"column":24},"end":{"line":189,"column":25}},"type":"if","locations":[{"start":{"line":186,"column":24},"end":{"line":189,"column":25}},{"start":{"line":186,"column":24},"end":{"line":189,"column":25}}],"line":186},"24":{"loc":{"start":{"line":186,"column":28},"end":{"line":187,"column":159}},"type":"binary-expr","locations":[{"start":{"line":186,"column":28},"end":{"line":186,"column":56}},{"start":{"line":187,"column":28},"end":{"line":187,"column":159}}],"line":186},"25":{"loc":{"start":{"line":187,"column":30},"end":{"line":187,"column":158}},"type":"binary-expr","locations":[{"start":{"line":187,"column":30},"end":{"line":187,"column":85}},{"start":{"line":187,"column":89},"end":{"line":187,"column":158}}],"line":187},"26":{"loc":{"start":{"line":206,"column":8},"end":{"line":223,"column":9}},"type":"if","locations":[{"start":{"line":206,"column":8},"end":{"line":223,"column":9}},{"start":{"line":206,"column":8},"end":{"line":223,"column":9}}],"line":206},"27":{"loc":{"start":{"line":208,"column":12},"end":{"line":219,"column":13}},"type":"if","locations":[{"start":{"line":208,"column":12},"end":{"line":219,"column":13}},{"start":{"line":208,"column":12},"end":{"line":219,"column":13}}],"line":208},"28":{"loc":{"start":{"line":208,"column":16},"end":{"line":208,"column":70}},"type":"binary-expr","locations":[{"start":{"line":208,"column":16},"end":{"line":208,"column":43}},{"start":{"line":208,"column":47},"end":{"line":208,"column":70}}],"line":208},"29":{"loc":{"start":{"line":210,"column":16},"end":{"line":215,"column":17}},"type":"if","locations":[{"start":{"line":210,"column":16},"end":{"line":215,"column":17}},{"start":{"line":210,"column":16},"end":{"line":215,"column":17}}],"line":210}},"s":{"0":1,"1":1,"2":1,"3":24,"4":13,"5":11,"6":11,"7":0,"8":24,"9":24,"10":24,"11":24,"12":24,"13":9,"14":10,"15":10,"16":10,"17":1,"18":48,"19":48,"20":48,"21":48,"22":78,"23":48,"24":30,"25":0,"26":30,"27":0,"28":78,"29":48,"30":48,"31":48,"32":48,"33":48,"34":78,"35":48,"36":78,"37":78,"38":78,"39":48,"40":78,"41":30,"42":30,"43":30,"44":30,"45":30,"46":48,"47":48,"48":18,"49":48,"50":17,"51":17,"52":17,"53":13,"54":4,"55":4,"56":4,"57":4,"58":4,"59":0,"60":0,"61":4,"62":0,"63":4,"64":4,"65":4,"66":0,"67":4,"68":4,"69":0,"70":4,"71":0,"72":4,"73":9,"74":4,"75":2,"76":2,"77":2,"78":0,"79":0,"80":0,"81":0,"82":0,"83":0,"84":2,"85":1},"f":{"0":24,"1":9,"2":10,"3":10,"4":1,"5":48,"6":48,"7":48,"8":78,"9":78,"10":78,"11":78,"12":48,"13":17,"14":17,"15":17,"16":2},"b":{"0":[13,11],"1":[11,0],"2":[24,20],"3":[0,24],"4":[24,24],"5":[10,7],"6":[48,30],"7":[0,30],"8":[0,30],"9":[48,30],"10":[48,30],"11":[30,48],"12":[30,0],"13":[18,30],"14":[13,4],"15":[17,17],"16":[4,9],"17":[4,0],"18":[0,0],"19":[0,4],"20":[0,4],"21":[0,4],"22":[4,2],"23":[0,4],"24":[4,2],"25":[2,2],"26":[0,2],"27":[0,0],"28":[0,0],"29":[0,0]},"inputSourceMap":{"version":3,"file":"E:/smithery-tooling/smithery/smithery-core/src/Rule.ts","sources":["E:/smithery-tooling/smithery/smithery-core/src/Rule.ts"],"names":[],"mappings":";;;AAAA,oCAAoC;AAcpC,MAAa,IAAI;IAQf,YAAY,IAAW;QACrB,IAAI,KAAK,CAAC,OAAO,CAAC,IAAI,CAAC,MAAM,CAAC,EAAE;YAC9B,IAAI,CAAC,YAAY,GAAG,IAAI,CAAC,MAAM,CAAC;SACjC;aAAM,IAAI,OAAO,IAAI,CAAC,MAAM,KAAK,QAAQ,EAAE;YAC1C,IAAI,CAAC,YAAY,GAAG,CAAC,IAAI,CAAC,MAAM,CAAC,CAAC;SACnC;aAAM;YACL,IAAI,CAAC,YAAY,GAAG,EAAE,CAAC;SACxB;QAED,IAAI,CAAC,SAAS,GAAG,IAAI,CAAC,QAAQ,CAAC;QAC/B,IAAI,CAAC,gBAAgB,GAAG,CAAA,IAAI,aAAJ,IAAI,uBAAJ,IAAI,CAAE,eAAe,KAAI,IAAI,CAAC,QAAQ,CAAC;QAC/D,IAAI,CAAC,gBAAgB,GAAG,IAAI,CAAC,KAAK,CAAC,IAAI,CAAC,IAAI,CAAC,CAAC;QAC9C,IAAI,CAAC,WAAW,GAAG,IAAI,CAAC,cAAc,CAAC,IAAI,CAAC,SAAS,CAAC,CAAC;QACvD,IAAI,CAAC,cAAc,GAAG,IAAI,CAAC,cAAc,CAAC,IAAI,CAAC,gBAAgB,CAAC,CAAC;IACnE,CAAC;IAEM,gBAAgB,CAAC,IAAY;QAClC,OAAO,IAAI,CAAC,YAAY,CAAC,IAAI,CAAC,CAAC,GAAW,EAAE,EAAE,CAAC,GAAG,CAAC,WAAW,EAAE,KAAK,IAAI,CAAC,WAAW,EAAE,CAAC,KAAK,SAAS,CAAC;IACzG,CAAC;IAEM,UAAU,CAAC,OAAa,EAAE,UAAgB;QAC/C,mEAAmE;QACnE,MAAM,MAAM,GACV,IAAI,CAAC,kBAAkB,CAAC,OAAO,EAAE,IAAI,CAAC,WAAW,CAAC,IAAI,IAAI,CAAC,kBAAkB,CAAC,UAAU,EAAE,IAAI,CAAC,cAAc,CAAC,CAAC;QACjH,OAAO,MAAM,CAAC;IAChB,CAAC;IAEM,KAAK,CAAC,OAAa,EAAE,UAAgB,EAAE,OAAgB;QAC5D,OAAO,IAAI,CAAC,gBAAgB,CAAC,OAAO,EAAE,UAAU,EAAE,OAAO,CAAC,CAAC;IAC7D,CAAC;IAEO,cAAc,CAAC,QAAgB;QACrC,MAAM,OAAO,GAAyB,OAAO,CAAC,KAAK,CAAC,QAAQ,EAAE;YAC5D,aAAa,EAAE,KAAK;YACpB,uBAAuB,EAAE,KAAK;YAC9B,OAAO,EAAE,KAAK;SACf,CAAC,CAAC;QAEH,OAAO,OAAO,CAAC,GAAG,CAAC,CAAC,OAA2B,EAAE,EAAE,CAAC,IAAI,CAAC,qBAAqB,CAAC,OAAO,CAAC,CAAC,CAAC;IAC3F,CAAC;IAEO,qBAAqB,CAAC,OAA2B;QACvD,mCAAmC;QAEnC,2CAA2C;QAC3C,8BAA8B;QAC9B,iCAAiC;QACjC,uCAAuC;QACvC;;;;;;;;;WASG;QACH;;;;;;;;;;;;;;;;;;;;;;;;;;;;;;;;;;;;;;;;;;;;WA4CG;QACH,YAAY;QACZ,MAAM,IAAI,GAAG,OAAO;aACjB,GAAG,CAAC,CAAC,KAAuB,EAAE,EAAE;YAC/B,IAAI,KAAK,CAAC,IAAI,KAAK,KAAK,EAAE;gBACxB,OAAO,KAAK,CAAC,IAAI,CAAC;aACnB;YACD,IAAI,KAAK,CAAC,IAAI,KAAK,OAAO,EAAE;gBAC1B,OAAO,KAAK,CAAC;aACd;YACD,IAAI,KAAK,CAAC,IAAI,KAAK,YAAY,EAAE;gBAC/B,OAAO,YAAY,CAAC;aACrB;QACH,CAAC,CAAC;aACD,MAAM,CAAC,CAAC,IAAI,EAAE,EAAE,CAAC,IAAI,CAAC,CAAC;QAE1B,IAAI,CAAC,IAAI,CAAC,MAAM,GAAG,CAAC,CAAC,GAAG,IAAI,IAAI,CAAC,IAAI,CAAC,MAAM,GAAG,CAAC,CAAC,IAAI,CAAC;QACtD,MAAM,UAAU,GAAW,IAAI,MAAM,CAAC,IAAI,CAAC,IAAI,CAAC,EAAE,CAAC,CAAC,CAAC;QACrD,IAAI,KAAK,GAAW,CAAC,CAAC;QACtB,MAAM,MAAM,GAAwC,EAAE,CAAC;QACvD,OAAO;aACJ,GAAG,CAAC,CAAC,KAAuB,EAAE,EAAE;YAC/B,IAAI,KAAK,CAAC,IAAI,KAAK,KAAK,EAAE;gBACxB,KAAK,EAAE,CAAC;aACT;YACD,MAAM,eAAe,mCAA0B,KAAK,KAAE,KAAK,EAAE,KAAK,GAAE,CAAC;YACrE,OAAO,eAAe,CAAC;QACzB,CAAC,CAAC;aACD,OAAO,CAAC,CAAC,KAAuB,EAAE,EAAE;YACnC,IAAI,KAAK,CAAC,IAAI,KAAK,KAAK,EAAE;gBACxB,MAAM,CAAC,KAAK,CAAC,KAAK,CAAC,GAAG,KAAK,CAAC;aAC7B;YACD,IAAI,KAAK,CAAC,IAAI,KAAK,WAAW,EAAE;gBAC9B,IAAI,UAAU,GAAG,MAAM,CAAC,KAAK,CAAC,KAAK,CAAC,CAAC,UAAU,CAAC;gBAChD,IAAI,CAAC,UAAU,EAAE;oBACf,UAAU,GAAG,EAAE,CAAC;iBACjB;gBACD,UAAU,CAAC,IAAI,CAAC,KAAK,CAAC,CAAC;gBACvB,MAAM,CAAC,KAAK,CAAC,KAAK,CAAC,CAAC,UAAU,GAAG,UAAU,CAAC;aAC7C;QACH,CAAC,CAAC,CAAC;QAEL,MAAM,CAAC,IAAI,CAAC,MAAM,CAAC,CAAC,OAAO,CAAC,CAAC,GAAW,EAAE,EAAE;YAC1C,IAAI,CAAC,MAAM,CAAC,QAAQ,CAAC,GAAG,EAAE,EAAE,CAAC,CAAC,CAAC,UAAU,EAAE;gBACzC,OAAO,MAAM,CAAC,QAAQ,CAAC,GAAG,EAAE,EAAE,CAAC,CAAC,CAAC;aAClC;QACH,CAAC,CAAC,CAAC;QAEH,OAAO;YACL,SAAS,EAAE,UAAU;YACrB,cAAc,EAAE,MAAM;YACtB,UAAU,EAAE,EAAE;YACd,IAAI,EAAE,EAAE;SACT,CAAC;IACJ,CAAC;IAEO,kBAAkB,CAAC,IAAU,EAAE,MAAuB;QAC5D,OAAO,MAAM,CAAC,IAAI,CAAC,CAAC,KAAK,EAAE,EAAE,CAAC,IAAI,CAAC,gBAAgB,CAAC,IAAI,EAAE,KAAK,CAAC,CAAC,CAAC;IACpE,CAAC;IAEO,gBAAgB,CAAC,IAAU,EAAE,KAAoB;QACvD,IAAI,IAAI,CAAC,IAAI,IAAI,KAAK,CAAC,SAAS,CAAC,IAAI,CAAC,IAAI,CAAC,IAAI,CAAC,KAAK,IAAI,EAAE;YACzD,kFAAkF;YAClF,IAAI,MAAM,CAAC,IAAI,CAAC,KAAK,CAAC,cAAc,CAAC,CAAC,MAAM,GAAG,CAAC,EAAE;gBAChD,sBAAsB;gBACtB,MAAM,SAAS,GAAa,MAAM,CAAC,IAAI,CAAC,KAAK,CAAC,cAAc,CAAC,CAAC,KAAK,EAAE,CAAC,OAAO,EAAE,CAAC;gBAChF,IAAI,UAAU,GAAS,IAAI,CAAC;gBAC5B,KAAK,MAAM,KAAK,IAAI,SAAS,EAAE;oBAC7B;gHAC4F;oBAC5F,MAAM,SAAS,GAAG,KAAK,CAAC,cAAc,CAAC,QAAQ,CAAC,KAAK,EAAE,EAAE,CAAC,CAAC,CAAC;oBAC5D,kEAAkE;oBAClE,OAAO,UAAU,CAAC,IAAI,KAAK,KAAK,CAAC,IAAI,IAAI,UAAU,CAAC,MAAM,EAAE;wBAC1D,IAAI,UAAU,CAAC,MAAM,EAAE;4BACrB,UAAU,GAAG,UAAU,CAAC,MAAM,CAAC;yBAChC;qBACF;oBAED,kEAAkE;oBAClE,IAAI,OAAO,SAAS,CAAC,UAAU,KAAK,WAAW,EAAE;wBAC/C,SAAS,CAAC,UAAU,GAAG,EAAE,CAAC;qBAC3B;oBAED,KAAK,MAAM,cAAc,IAAI,SAAS,CAAC,UAAU,EAAE;wBACjD,MAAM,QAAQ,GAAG,cAA2C,CAAC;wBAC7D,IAAI,CAAC,QAAQ,CAAC,IAAI,EAAE;4BAClB,SAAS;yBACV;wBACD,MAAM,OAAO,GAAW,QAAQ,CAAC,IAAI,CAAC;wBACtC,IAAI,QAAQ,CAAC,MAAM,KAAK,QAAQ,IAAI,OAAO,UAAU,CAAC,YAAY,CAAC,OAAO,CAAC,KAAK,WAAW,EAAE;4BAC3F,OAAO,KAAK,CAAC;yBACd;wBACD,IAAI,QAAQ,CAAC,MAAM,KAAK,QAAQ;4BAC9B,CAAC,CAAC,OAAO,UAAU,CAAC,YAAY,CAAC,OAAO,CAAC,KAAK,WAAW,IAAI,IAAI,CAAC,cAAc,CAAC,UAAU,CAAC,YAAY,CAAC,OAAO,CAAC,EAAE,QAAQ,CAAC,KAAK,CAAC,CAAC,EAAE;4BACrI,OAAO,KAAK,CAAC;yBACd;qBACF;iBACF;gBACD,6CAA6C;gBAC7C,OAAO,IAAI,CAAC;aACb;iBAAM;gBACL,OAAO,IAAI,CAAA;aACZ;SACF;aAAM;YACL,OAAO,KAAK,CAAC;SACd;IACH,CAAC;IAEO,cAAc,CAAC,OAAe,EAAE,aAAqB;QAC3D,MAAM,QAAQ,GAAW,iBAAiB,CAAC;QAC3C,MAAM,CAAC,GAAG,QAAQ,CAAC,IAAI,CAAC,aAAa,CAAC,CAAC;QAEvC,IAAI,CAAC,KAAK,IAAI,EAAE;YACd,uDAAuD;YACvD,IAAI,OAAO,OAAO,KAAK,QAAQ,IAAI,CAAC,KAAK,CAAC,OAAO,CAAC,OAAO,CAAC,EAAE;gBAC1D,MAAM,SAAS,GAAG,OAAO,CAAC,CAAC,CAAC,CAAC,CAAC,CAAC,CAAC;gBAChC,IAAI,OAAO,SAAS,KAAK,QAAQ,EAAE;oBACjC,OAAO,KAAK,CAAC;iBACd;qBAAM;oBACL,OAAO,SAAS,KAAK,CAAC,CAAC,CAAC,CAAC,CAAC;iBAC3B;aACF;iBAAM;gBACL,OAAO,KAAK,CAAC;aACd;SACF;aAAM;YACL,OAAO,OAAO,KAAK,aAAa,CAAC;SAClC;IACH,CAAC;CACF;AA9OD,oBA8OC","sourcesContent":["import * as cssWhat from 'css-what';\nimport { IRule } from './Interfaces';\nimport { Node } from './utils/Node';\nimport { Imposer } from './Imposer';\n\ndeclare type ExtendedSelector = cssWhat.Selector & { level: number, name?: string, action?: string, attributes?: ExtendedSelector[] };\n\ndeclare type SelectorCheck = {\n  pathRegex: RegExp,\n  propertyChecks: { [key: number]: ExtendedSelector },\n  attributes: [],\n  name: ''\n}\n\nexport class Rule {\n  private _targetNodes: string[];\n  private _selector: string;\n  private _selectorFeature: string;\n  private _baseChecks: SelectorCheck[];\n  private _featureChecks: SelectorCheck[];\n  private _resolveCallback: (baseFST: Node, featureFST: Node, context: Imposer) => Node;\n\n  constructor(rule: IRule) {\n    if (Array.isArray(rule.target)) {\n      this._targetNodes = rule.target;\n    } else if (typeof rule.target === 'string') {\n      this._targetNodes = [rule.target];\n    } else {\n      this._targetNodes = [];\n    }\n\n    this._selector = rule.selector;\n    this._selectorFeature = rule?.selectorFeature || rule.selector;\n    this._resolveCallback = rule.apply.bind(this);\n    this._baseChecks = this._setupSelector(this._selector);\n    this._featureChecks = this._setupSelector(this._selectorFeature);\n  }\n\n  public supportsLanguage(lang: string): boolean {\n    return this._targetNodes.find((tar: string) => tar.toLowerCase() === lang.toLowerCase()) !== undefined;\n  }\n\n  public isMatching(baseFST: Node, featureFST: Node): boolean {\n    // check if the path contains the correct form for the css selector\n    const result: boolean =\n      this._checkNodeMatching(baseFST, this._baseChecks) && this._checkNodeMatching(featureFST, this._featureChecks);\n    return result;\n  }\n\n  public apply(baseFST: Node, featureFST: Node, context: Imposer): Node {\n    return this._resolveCallback(baseFST, featureFST, context);\n  }\n\n  private _setupSelector(selector: string): SelectorCheck[] {\n    const cssList: cssWhat.Selector[][] = cssWhat.parse(selector, {\n      lowerCaseTags: false,\n      lowerCaseAttributeNames: false,\n      xmlMode: false,\n    });\n\n    return cssList.map((cssPart: cssWhat.Selector[]) => this._createSelectorChecks(cssPart));\n  }\n\n  private _createSelectorChecks(cssPart: cssWhat.Selector[]): SelectorCheck {\n    // #region selectorBuildExplanation\n\n    // Test mit mehreren sollte zu Regex führen\n    // File[ending]>Whatever Test,\n    // File[ending=JS]>Whatever Test,\n    // Resultat: File\\.Whatever\\.[\\w.]*Text\n    /*\n     * Array(6):\n        0: {type: \"tag\", name: \"file\"}\n        1: {type: \"attribute\", name: \"ending\", action: \"exists\", value: \"\", ignoreCase: false},\n           {type: \"attribute\", name: \"ending\", action: \"equals\", value: \"JS\", ignoreCase: false}\n        2: {type: \"child\"}\n        3: {type: \"tag\", name: \"whatever\"}\n        4: {type: \"descendant\"}\n        5: {type: \"tag\", name: \"test\"}\n     */\n    /*\n    var temp = cssList.map((oToken) => {\n        if (oToken.type === \"tag\") {\n            return oToken.name;\n        }\n        if (oToken.type === \"child\") {\n            return \"\\\\.\";\n        }\n        if (oToken.type === \"descendant\") {\n            return \"\\\\.[\\\\w.]*\"\n        }\n    }).filter(oPart => oPart);\n    //the last tag has to be at the end of the string.\n    temp[temp.length - 1] = \"(\" + temp[temp.length - 1] + \")$\"\n    var pathRegExp = new RegExp(temp.join(''));\n    var level = 0;\n    var checks = {};\n    cssList.map((oToken) => {\n        if (oToken.type === \"tag\") {\n            level++;\n        }\n        oToken.level = level;\n        return oToken;\n    }).forEach((oToken) => {\n        if (oToken.type === \"tag\") {\n            checks[oToken.level] = oToken;\n        }\n        if (oToken.type === \"attribute\") {\n            var attributes = checks[oToken.level]['attributes'];\n            if (!attributes) {\n                attributes = [];\n            }\n            attributes.push(oToken);\n            checks[oToken.level]['attributes'] = attributes;\n        }\n    });\n    Object.keys(checks).forEach((sKey) => {\n        if (!checks[sKey].attributes) {\n            delete checks[sKey]\n        }\n    });\n    return {\n        pathRegex: pathRegExp,\n        propertyChecks: checks\n    }*/\n    //#endregion\n    const temp = cssPart\n      .map((token: cssWhat.Selector) => {\n        if (token.type === 'tag') {\n          return token.name;\n        }\n        if (token.type === 'child') {\n          return '\\\\.';\n        }\n        if (token.type === 'descendant') {\n          return '\\\\.[\\\\w.]*';\n        }\n      })\n      .filter((part) => part);\n\n    temp[temp.length - 1] = `(${temp[temp.length - 1]})$`;\n    const pathRegExp: RegExp = new RegExp(temp.join(''));\n    let level: number = 0;\n    const checks: { [key: number]: ExtendedSelector } = {};\n    cssPart\n      .map((token: cssWhat.Selector) => {\n        if (token.type === 'tag') {\n          level++;\n        }\n        const refactoredToken: ExtendedSelector = { ...token, level: level };\n        return refactoredToken;\n      })\n      .forEach((token: ExtendedSelector) => {\n        if (token.type === 'tag') {\n          checks[token.level] = token;\n        }\n        if (token.type === 'attribute') {\n          let attributes = checks[token.level].attributes;\n          if (!attributes) {\n            attributes = [];\n          }\n          attributes.push(token);\n          checks[token.level].attributes = attributes;\n        }\n      });\n\n    Object.keys(checks).forEach((key: string) => {\n      if (!checks[parseInt(key, 10)].attributes) {\n        delete checks[parseInt(key, 10)];\n      }\n    });\n\n    return {\n      pathRegex: pathRegExp,\n      propertyChecks: checks,\n      attributes: [],\n      name: ''\n    };\n  }\n\n  private _checkNodeMatching(node: Node, checks: SelectorCheck[]) {\n    return checks.some((check) => this._singleNodeCheck(node, check));\n  }\n\n  private _singleNodeCheck(node: Node, check: SelectorCheck): boolean {\n    if (node.path && check.pathRegex.exec(node.path) !== null) {\n      // check if the properties or the properties of the parents match the css selector\n      if (Object.keys(check.propertyChecks).length > 0) {\n        // check bottom to top\n        const checkKeys: string[] = Object.keys(check.propertyChecks).slice().reverse();\n        let latestNode: Node = node;\n        for (const index of checkKeys) {\n          /* 0: {type: \"tag\", name: \"file\"} \n             1: {type: \"attribute\", name: \"ending\", action: \"exists\", value: \"\", ignoreCase: false} */\n          const checkProp = check.propertyChecks[parseInt(index, 10)];\n          // iterate upwards until we found the correct one or the root node\n          while (latestNode.type !== check.name && latestNode.parent) {\n            if (latestNode.parent) {\n              latestNode = latestNode.parent;\n            }\n          }\n\n          //Just to ensure they are not undefined ... (Hello TypeScript -_-)\n          if (typeof checkProp.attributes === 'undefined') {\n            checkProp.attributes = [];\n          }\n\n          for (const attributeCheck of checkProp.attributes) {\n            const attCheck = attributeCheck as cssWhat.AttributeSelector;\n            if (!attCheck.name) {\n              continue;\n            }\n            const attName: string = attCheck.name;\n            if (attCheck.action === 'exists' && typeof latestNode.getAttribute(attName) === 'undefined') {\n              return false;\n            }\n            if (attCheck.action === 'equals' &&\n              !(typeof latestNode.getAttribute(attName) !== 'undefined' && this._attributeFits(latestNode.getAttribute(attName), attCheck.value))) {\n              return false;\n            }\n          }\n        }\n        // if everything matches we return with true;\n        return true;\n      } else {\n        return true\n      }\n    } else {\n      return false;\n    }\n  }\n\n  private _attributeFits(nodeAtt: string, expectedValue: string): boolean {\n    const objRegex: RegExp = /\\{(\\w+)=(\\w+)\\}/;\n    const m = objRegex.exec(expectedValue);\n\n    if (m !== null) {\n      // The result can be accessed through the 'm'-variable.\n      if (typeof nodeAtt === 'object' && !Array.isArray(nodeAtt)) {\n        const attribute = nodeAtt[m[1]];\n        if (typeof attribute === 'object') {\n          return false;\n        } else {\n          return attribute === m[2];\n        }\n      } else {\n        return false;\n      }\n    } else {\n      return nodeAtt === expectedValue;\n    }\n  }\n}"]},"_coverageSchema":"1a1c01bbd47fc00a2c39e90264f33305004495a9","hash":"756396764efed69518af545ce53e5a4ed9b35554"}}